#
# A fatal error has been detected by the Java Runtime Environment:
#
#  EXCEPTION_ACCESS_VIOLATION (0xc0000005) at pc=0x00007ffe31229436, pid=22096, tid=15288
#
# JRE version: OpenJDK Runtime Environment Temurin-17.0.12+7 (17.0.12+7) (build 17.0.12+7)
# Java VM: OpenJDK 64-Bit Server VM Temurin-17.0.12+7 (17.0.12+7, mixed mode, sharing, tiered, compressed oops, compressed class ptrs, g1 gc, windows-amd64)
# Problematic frame:
# C  [halsim_gui.dll+0x89436]
#
# No core dump will be written. Minidumps are not enabled by default on client versions of Windows
#
# If you would like to submit a bug report, please visit:
#   https://github.com/adoptium/adoptium-support/issues
# The crash happened outside the Java Virtual Machine in native code.
# See problematic frame for where to report the bug.
#

---------------  S U M M A R Y ------------

Command Line: -agentlib:jdwp=transport=dt_socket,server=n,suspend=y,address=localhost:52916 -Djava.library.path=C:\Robot-Source-Code-2025-Reefscape\build\jni\release -XX:+ShowCodeDetailsInExceptionMessages frc.robot.Main

Host: 13th Gen Intel(R) Core(TM) i7-1355U, 12 cores, 31G,  Windows 11 , 64 bit Build 26100 (10.0.26100.3037)
Time: Mon Mar 10 23:29:47 2025 Eastern Daylight Time elapsed time: 49.417721 seconds (0d 0h 0m 49s)

---------------  T H R E A D  ---------------

Current thread (0x0000019094db4e90):  JavaThread "main" [_thread_in_native, id=15288, stack(0x00000067ade00000,0x00000067adf00000)]

Stack: [0x00000067ade00000,0x00000067adf00000],  sp=0x00000067adeff1a0,  free space=1020k
Native frames: (J=compiled Java code, j=interpreted, Vv=VM code, C=native code)
C  [halsim_gui.dll+0x89436]

Java frames: (J=compiled Java code, j=interpreted, Vv=VM code)
j  edu.wpi.first.hal.HAL.runMain()V+0
j  edu.wpi.first.wpilibj.RobotBase.startRobot(Ljava/util/function/Supplier;)V+85
j  frc.robot.Main.main([Ljava/lang/String;)V+5
v  ~StubRoutines::call_stub

siginfo: EXCEPTION_ACCESS_VIOLATION (0xc0000005), reading address 0x0000000000000000


Registers:
RAX=0x00000067adeff288, RBX=0x0000000000000000, RCX=0x0000000000000000, RDX=0x0000000000000040
RSP=0x00000067adeff1a0, RBP=0x00000067adeff2f9, RSI=0x00007ffe31e8d750, RDI=0x00000191159b3360
R8 =0x0000000000000000, R9 =0x0000000000000040, R10=0x0000019093260000, R11=0x00007ffebe4806f1
R12=0x0000000000000000, R13=0x00000190c23e3820, R14=0x0000000000000000, R15=0x00007ffe31e7c398
RIP=0x00007ffe31229436, EFLAGS=0x0000000000010206


Register to memory mapping:

RIP=0x00007ffe31229436 halsim_gui.dll
RAX=0x00000067adeff288 is pointing into the stack for thread: 0x0000019094db4e90
RBX=0x0 is NULL
RCX=0x0 is NULL
RDX=0x0000000000000040 is an unknown value
RSP=0x00000067adeff1a0 is pointing into the stack for thread: 0x0000019094db4e90
RBP=0x00000067adeff2f9 is pointing into the stack for thread: 0x0000019094db4e90
RSI=0x00007ffe31e8d750 halsim_gui.dll
RDI=0x00000191159b3360 points into unknown readable memory: 0x000001911e8ed6b0 | b0 d6 8e 1e 91 01 00 00
R8 =0x0 is NULL
R9 =0x0000000000000040 is an unknown value
R10=0x0000019093260000 points into unknown readable memory: 0x0000000000000000 | 00 00 00 00 00 00 00 00
R11=0x00007ffebe4806f1 VCRUNTIME140.dll
R12=0x0 is NULL
R13=0x00000190c23e3820 points into unknown readable memory: 0x00007ffe3130fb60 | 60 fb 30 31 fe 7f 00 00
R14=0x0 is NULL
R15=0x00007ffe31e7c398 halsim_gui.dll


Top of Stack: (sp=0x00000067adeff1a0)
0x00000067adeff1a0:   00000191131f8700 00000067adeff229
0x00000067adeff1b0:   00007ffe3131357f 00000067adeff330
0x00000067adeff1c0:   0000019100000000 000000006b9d3a7d
0x00000067adeff1d0:   42aa000000000201 44f9c00043958000
0x00000067adeff1e0:   4425c00044a9e000 4429c00044b86000
0x00000067adeff1f0:   00000000447e4000 0000000000000000
0x00000067adeff200:   c010000000000000 0000000000000000
0x00000067adeff210:   c010000000000000 0000000000000000
0x00000067adeff220:   3eb0c6f7a0b5ed8d 0000000000000000
0x00000067adeff230:   0000000043da0000 0000000000000000
0x00000067adeff240:   400921fb54442d18 0000000000000000
0x00000067adeff250:   0000000000000000 0000000000000000
0x00000067adeff260:   000000003f800000 0000000000000000
0x00000067adeff270:   00007ffe31e7c398 00007ffe31e7c300
0x00000067adeff280:   00000191159b3360 00007ffe31226d6a
0x00000067adeff290:   00007ffe31e8d750 0000000000000000
0x00000067adeff2a0:   00007ffe31e8d750 4180000042e80000
0x00000067adeff2b0:   0000000000000000 0000000000000000
0x00000067adeff2c0:   000000003f800000 0000000000000000
0x00000067adeff2d0:   00000190c23e3820 00000190c23e3820
0x00000067adeff2e0:   000001910440d320 0000000000000000
0x00000067adeff2f0:   0000019108041d30 000000005cb512f5
0x00000067adeff300:   00000191159b3360 00007ffe3126e0d1
0x00000067adeff310:   0000000000000141 0000000000000012
0x00000067adeff320:   00007ffe31bf8010 0000000004200141
0x00000067adeff330:   00000190c23e3820 00000190c23e3820
0x00000067adeff340:   000001910440d320 0000000000000000
0x00000067adeff350:   00000191159b3360 00007ffe312267aa
0x00000067adeff360:   00007ffe31e8d750 0000000000000000
0x00000067adeff370:   00007ffe31e8d750 00000191159b3360
0x00000067adeff380:   0000006700000000 0000006700000000
0x00000067adeff390:   000000003f800000 00007ffe312c5b70 

Instructions: (pc=0x00007ffe31229436)
0x00007ffe31229336:   00 f2 0f 5e 05 21 a4 0e 00 eb 1e f2 0f 10 44 24
0x00007ffe31229346:   48 f2 0f 59 05 21 a4 0e 00 f2 0f 5e 05 11 a4 0e
0x00007ffe31229356:   00 eb 06 f2 0f 10 44 24 48 8b 44 24 68 48 8d 54
0x00007ffe31229366:   24 48 89 44 24 28 48 8b 44 24 60 48 89 44 24 20
0x00007ffe31229376:   f2 0f 11 44 24 48 e8 8f d6 02 00 84 c0 74 6b 8b
0x00007ffe31229386:   0d b5 43 c6 00 85 c9 74 4f 83 e9 01 74 28 83 f9
0x00007ffe31229396:   01 75 45 f2 0f 10 44 24 48 0f b6 c1 f2 0f 59 05
0x00007ffe312293a6:   b6 a3 0e 00 f2 0f 5e 05 c6 a3 0e 00 f2 0f 11 03
0x00007ffe312293b6:   48 83 c4 30 5b c3 f2 0f 10 44 24 48 b0 01 f2 0f
0x00007ffe312293c6:   59 05 9c a3 0e 00 f2 0f 5e 05 9c a3 0e 00 f2 0f
0x00007ffe312293d6:   11 03 48 83 c4 30 5b c3 f2 0f 10 44 24 48 b0 01
0x00007ffe312293e6:   f2 0f 11 03 48 83 c4 30 5b c3 32 c0 48 83 c4 30
0x00007ffe312293f6:   5b c3 cc cc cc cc cc cc cc cc 48 8b c4 48 89 58
0x00007ffe31229406:   10 48 89 70 18 57 41 56 41 57 48 81 ec d0 00 00
0x00007ffe31229416:   00 0f 29 70 d8 0f 29 78 c8 44 0f 29 40 b8 44 0f
0x00007ffe31229426:   29 48 a8 44 0f 29 50 98 44 0f 29 58 88 4c 8b f1
0x00007ffe31229436:   48 8b 39 48 8b 59 08 33 d2 f2 0f 10 05 e1 67 0e
0x00007ffe31229446:   00 e8 64 6d fc ff 44 0f 28 d8 f2 44 0f 59 1d cf
0x00007ffe31229456:   67 0e 00 f2 41 0f 10 7e 10 f2 0f 59 3d c9 67 0e
0x00007ffe31229466:   00 f2 41 0f 5e fb 48 89 bc 24 f0 00 00 00 8b 0d
0x00007ffe31229476:   c6 42 c6 00 f2 44 0f 10 0d f5 a2 0e 00 f2 44 0f
0x00007ffe31229486:   10 15 d4 a2 0e 00 f2 0f 10 35 dc a2 0e 00 f2 44
0x00007ffe31229496:   0f 10 05 cb a2 0e 00 85 c9 74 33 83 e9 01 74 1a
0x00007ffe312294a6:   83 f9 01 75 29 f2 0f 10 84 24 f0 00 00 00 f2 41
0x00007ffe312294b6:   0f 59 c1 f2 41 0f 5e c2 eb 1d f2 0f 10 84 24 f0
0x00007ffe312294c6:   00 00 00 f2 0f 59 c6 f2 41 0f 5e c0 eb 09 f2 0f
0x00007ffe312294d6:   10 84 24 f0 00 00 00 f2 0f 11 84 24 f0 00 00 00
0x00007ffe312294e6:   c7 44 24 28 00 00 00 00 4c 8d 3d 6f 2d 0e 00 4c
0x00007ffe312294f6:   89 7c 24 20 0f 57 db 0f 57 d2 48 8d 94 24 f0 00
0x00007ffe31229506:   00 00 48 8d 0d c9 9a 0e 00 e8 fc d4 02 00 8b 0d
0x00007ffe31229516:   26 42 c6 00 84 c0 0f 84 80 00 00 00 8b d1 85 c9
0x00007ffe31229526:   74 5b 83 ea 01 74 2e 83 fa 01 75 51 f2 0f 10 84 


Stack slot to memory mapping:
stack at sp + 0 slots: 0x00000191131f8700 points into unknown readable memory: 0x0000019108041d30 | 30 1d 04 08 91 01 00 00
stack at sp + 1 slots: 0x00000067adeff229 is pointing into the stack for thread: 0x0000019094db4e90
stack at sp + 2 slots: 0x00007ffe3131357f halsim_gui.dll
stack at sp + 3 slots: 0x00000067adeff330 is pointing into the stack for thread: 0x0000019094db4e90
stack at sp + 4 slots: 0x0000019100000000 is an unknown value
stack at sp + 5 slots: 0x000000006b9d3a7d is an unknown value
stack at sp + 6 slots: 0x42aa000000000201 is an unknown value
stack at sp + 7 slots: 0x44f9c00043958000 is an unknown value


---------------  P R O C E S S  ---------------

Threads class SMR info:
_java_thread_list=0x00000191137311a0, length=24, elements={
0x0000019094db4e90, 0x00000190bf550210, 0x00000190bf5509e0, 0x00000190bf567240,
0x00000190bf56bc20, 0x00000190bf56eaf0, 0x00000190bf56f4b0, 0x00000190bf570250,
0x00000190bf573840, 0x00000190bf5781a0, 0x00000190c2255370, 0x00000190c2257090,
0x00000190c2259cd0, 0x00000190c225bba0, 0x00000190c2262f50, 0x0000019108597350,
0x0000019112ec9d10, 0x0000019112ec7510, 0x0000019113486140, 0x0000019113486620,
0x0000019113628ff0, 0x00000191136285d0, 0x0000019113629500, 0x0000019122446e50
}

Java Threads: ( => current thread )
=>0x0000019094db4e90 JavaThread "main" [_thread_in_native, id=15288, stack(0x00000067ade00000,0x00000067adf00000)]
  0x00000190bf550210 JavaThread "Reference Handler" daemon [_thread_blocked, id=29768, stack(0x00000067ae500000,0x00000067ae600000)]
  0x00000190bf5509e0 JavaThread "Finalizer" daemon [_thread_blocked, id=16572, stack(0x00000067ae600000,0x00000067ae700000)]
  0x00000190bf567240 JavaThread "Signal Dispatcher" daemon [_thread_blocked, id=14716, stack(0x00000067ae700000,0x00000067ae800000)]
  0x00000190bf56bc20 JavaThread "Attach Listener" daemon [_thread_blocked, id=3936, stack(0x00000067ae800000,0x00000067ae900000)]
  0x00000190bf56eaf0 JavaThread "Service Thread" daemon [_thread_blocked, id=15304, stack(0x00000067ae900000,0x00000067aea00000)]
  0x00000190bf56f4b0 JavaThread "Monitor Deflation Thread" daemon [_thread_blocked, id=25904, stack(0x00000067aea00000,0x00000067aeb00000)]
  0x00000190bf570250 JavaThread "C2 CompilerThread0" daemon [_thread_blocked, id=28708, stack(0x00000067aeb00000,0x00000067aec00000)]
  0x00000190bf573840 JavaThread "C1 CompilerThread0" daemon [_thread_blocked, id=17340, stack(0x00000067aec00000,0x00000067aed00000)]
  0x00000190bf5781a0 JavaThread "Sweeper thread" daemon [_thread_blocked, id=24244, stack(0x00000067aed00000,0x00000067aee00000)]
  0x00000190c2255370 JavaThread "JDWP Transport Listener: dt_socket" daemon [_thread_blocked, id=22468, stack(0x00000067aee00000,0x00000067aef00000)]
  0x00000190c2257090 JavaThread "JDWP Event Helper Thread" daemon [_thread_blocked, id=27320, stack(0x00000067aef00000,0x00000067af000000)]
  0x00000190c2259cd0 JavaThread "JDWP Command Reader" daemon [_thread_in_native, id=7352, stack(0x00000067af000000,0x00000067af100000)]
  0x00000190c225bba0 JavaThread "Notification Thread" daemon [_thread_blocked, id=30572, stack(0x00000067af100000,0x00000067af200000)]
  0x00000190c2262f50 JavaThread "Common-Cleaner" daemon [_thread_blocked, id=30488, stack(0x00000067af300000,0x00000067af400000)]
  0x0000019108597350 JavaThread "robot main" daemon [_thread_in_native, id=2344, stack(0x00000067af900000,0x00000067afa00000)]
  0x0000019112ec9d10 JavaThread "NTListener" daemon [_thread_in_native, id=29876, stack(0x00000067b1c00000,0x00000067b1d00000)]
  0x0000019112ec7510 JavaThread "Thread-0" daemon [_thread_in_native, id=26008, stack(0x00000067b1d00000,0x00000067b1e00000)]
  0x0000019113486140 JavaThread "CSListener" daemon [_thread_in_native, id=20736, stack(0x00000067b2900000,0x00000067b2a00000)]
  0x0000019113486620 JavaThread "VideoListener" daemon [_thread_in_native, id=18168, stack(0x00000067b2a00000,0x00000067b2b00000)]
  0x0000019113628ff0 JavaThread "Notifier" daemon [_thread_in_native, id=11176, stack(0x00000067b3700000,0x00000067b3800000)]
  0x00000191136285d0 JavaThread "Notifier" daemon [_thread_in_native, id=19524, stack(0x00000067b3900000,0x00000067b3a00000)]
  0x0000019113629500 JavaThread "AdvantageKit_LogReceiver" daemon [_thread_blocked, id=28428, stack(0x00000067b3b00000,0x00000067b3c00000)]
  0x0000019122446e50 JavaThread "ADStar Planning Thread" daemon [_thread_blocked, id=24264, stack(0x00000067b4100000,0x00000067b4200000)]

Other Threads:
  0x00000190c20f3010 VMThread "VM Thread" [stack: 0x00000067ae400000,0x00000067ae500000] [id=14280]
  0x00000190c225d4a0 WatcherThread [stack: 0x00000067af200000,0x00000067af300000] [id=30020]
  0x0000019094e69ec0 GCTaskThread "GC Thread#0" [stack: 0x00000067adf00000,0x00000067ae000000] [id=29284]
  0x00000191132e7470 GCTaskThread "GC Thread#1" [stack: 0x00000067b1f00000,0x00000067b2000000] [id=30180]
  0x00000191132e66b0 GCTaskThread "GC Thread#2" [stack: 0x00000067b2000000,0x00000067b2100000] [id=6408]
  0x00000191132e84f0 GCTaskThread "GC Thread#3" [stack: 0x00000067b2100000,0x00000067b2200000] [id=29360]
  0x00000191132e8d30 GCTaskThread "GC Thread#4" [stack: 0x00000067b2200000,0x00000067b2300000] [id=11980]
  0x00000191132e7cb0 GCTaskThread "GC Thread#5" [stack: 0x00000067b2300000,0x00000067b2400000] [id=30516]
  0x00000191132e9570 GCTaskThread "GC Thread#6" [stack: 0x00000067b2400000,0x00000067b2500000] [id=29944]
  0x00000191132e9830 GCTaskThread "GC Thread#7" [stack: 0x00000067b2500000,0x00000067b2600000] [id=26820]
  0x00000191132e79f0 GCTaskThread "GC Thread#8" [stack: 0x00000067b2600000,0x00000067b2700000] [id=28104]
  0x00000191132e7f70 GCTaskThread "GC Thread#9" [stack: 0x00000067b2700000,0x00000067b2800000] [id=27352]
  0x0000019094e6eb10 ConcurrentGCThread "G1 Main Marker" [stack: 0x00000067ae000000,0x00000067ae100000] [id=29112]
  0x00000190bf38d430 ConcurrentGCThread "G1 Conc#0" [stack: 0x00000067ae100000,0x00000067ae200000] [id=27392]
  0x00000190bf475040 ConcurrentGCThread "G1 Refine#0" [stack: 0x00000067ae200000,0x00000067ae300000] [id=25092]
  0x00000190bf477d30 ConcurrentGCThread "G1 Service" [stack: 0x00000067ae300000,0x00000067ae400000] [id=30680]

Threads with active compile tasks:

VM state: not at safepoint (normal execution)

VM Mutex/Monitor currently owned by a thread: None

Heap address: 0x0000000604c00000, size: 8116 MB, Compressed Oops mode: Zero based, Oop shift amount: 3

CDS archive(s) mapped at: [0x00000190c3000000-0x00000190c3bb0000-0x00000190c3bb0000), size 12255232, SharedBaseAddress: 0x00000190c3000000, ArchiveRelocationMode: 1.
Compressed class space mapped at: 0x00000190c4000000-0x0000019104000000, reserved size: 1073741824
Narrow klass base: 0x00000190c3000000, Narrow klass shift: 0, Narrow klass range: 0x100000000

GC Precious Log:
 CPUs: 12 total, 12 available
 Memory: 32455M
 Large Page Support: Disabled
 NUMA Support: Disabled
 Compressed Oops: Enabled (Zero based)
 Heap Region Size: 4M
 Heap Min Capacity: 8M
 Heap Initial Capacity: 508M
 Heap Max Capacity: 8116M
 Pre-touch: Disabled
 Parallel Workers: 10
 Concurrent Workers: 3
 Concurrent Refinement Workers: 10
 Periodic GC: Disabled

Heap:
 garbage-first heap   total 520192K, used 72759K [0x0000000604c00000, 0x0000000800000000)
  region size 4096K, 18 young (73728K), 5 survivors (20480K)
 Metaspace       used 17960K, committed 18304K, reserved 1114112K
  class space    used 1799K, committed 1984K, reserved 1048576K

Heap Regions: E=young(eden), S=young(survivor), O=old, HS=humongous(starts), HC=humongous(continues), CS=collection set, F=free, OA=open archive, CA=closed archive, TAMS=top-at-mark-start (previous, next)
|   0|0x0000000604c00000, 0x0000000605000000, 0x0000000605000000|100%| O|  |TAMS 0x0000000604c00000, 0x0000000604c00000| Untracked 
|   1|0x0000000605000000, 0x00000006050cf000, 0x0000000605400000| 20%| O|  |TAMS 0x0000000605000000, 0x0000000605000000| Untracked 
|   2|0x0000000605400000, 0x0000000605400000, 0x0000000605800000|  0%| F|  |TAMS 0x0000000605400000, 0x0000000605400000| Untracked 
|   3|0x0000000605800000, 0x0000000605800000, 0x0000000605c00000|  0%| F|  |TAMS 0x0000000605800000, 0x0000000605800000| Untracked 
|   4|0x0000000605c00000, 0x0000000605c00000, 0x0000000606000000|  0%| F|  |TAMS 0x0000000605c00000, 0x0000000605c00000| Untracked 
|   5|0x0000000606000000, 0x0000000606000000, 0x0000000606400000|  0%| F|  |TAMS 0x0000000606000000, 0x0000000606000000| Untracked 
|   6|0x0000000606400000, 0x0000000606400000, 0x0000000606800000|  0%| F|  |TAMS 0x0000000606400000, 0x0000000606400000| Untracked 
|   7|0x0000000606800000, 0x0000000606800000, 0x0000000606c00000|  0%| F|  |TAMS 0x0000000606800000, 0x0000000606800000| Untracked 
|   8|0x0000000606c00000, 0x0000000606c00000, 0x0000000607000000|  0%| F|  |TAMS 0x0000000606c00000, 0x0000000606c00000| Untracked 
|   9|0x0000000607000000, 0x0000000607000000, 0x0000000607400000|  0%| F|  |TAMS 0x0000000607000000, 0x0000000607000000| Untracked 
|  10|0x0000000607400000, 0x0000000607400000, 0x0000000607800000|  0%| F|  |TAMS 0x0000000607400000, 0x0000000607400000| Untracked 
|  11|0x0000000607800000, 0x0000000607800000, 0x0000000607c00000|  0%| F|  |TAMS 0x0000000607800000, 0x0000000607800000| Untracked 
|  12|0x0000000607c00000, 0x0000000607c00000, 0x0000000608000000|  0%| F|  |TAMS 0x0000000607c00000, 0x0000000607c00000| Untracked 
|  13|0x0000000608000000, 0x0000000608000000, 0x0000000608400000|  0%| F|  |TAMS 0x0000000608000000, 0x0000000608000000| Untracked 
|  14|0x0000000608400000, 0x0000000608400000, 0x0000000608800000|  0%| F|  |TAMS 0x0000000608400000, 0x0000000608400000| Untracked 
|  15|0x0000000608800000, 0x0000000608800000, 0x0000000608c00000|  0%| F|  |TAMS 0x0000000608800000, 0x0000000608800000| Untracked 
|  16|0x0000000608c00000, 0x0000000608c00000, 0x0000000609000000|  0%| F|  |TAMS 0x0000000608c00000, 0x0000000608c00000| Untracked 
|  17|0x0000000609000000, 0x0000000609000000, 0x0000000609400000|  0%| F|  |TAMS 0x0000000609000000, 0x0000000609000000| Untracked 
|  18|0x0000000609400000, 0x0000000609400000, 0x0000000609800000|  0%| F|  |TAMS 0x0000000609400000, 0x0000000609400000| Untracked 
|  19|0x0000000609800000, 0x0000000609800000, 0x0000000609c00000|  0%| F|  |TAMS 0x0000000609800000, 0x0000000609800000| Untracked 
|  20|0x0000000609c00000, 0x0000000609c00000, 0x000000060a000000|  0%| F|  |TAMS 0x0000000609c00000, 0x0000000609c00000| Untracked 
|  21|0x000000060a000000, 0x000000060a000000, 0x000000060a400000|  0%| F|  |TAMS 0x000000060a000000, 0x000000060a000000| Untracked 
|  22|0x000000060a400000, 0x000000060a400000, 0x000000060a800000|  0%| F|  |TAMS 0x000000060a400000, 0x000000060a400000| Untracked 
|  23|0x000000060a800000, 0x000000060a800000, 0x000000060ac00000|  0%| F|  |TAMS 0x000000060a800000, 0x000000060a800000| Untracked 
|  24|0x000000060ac00000, 0x000000060ac00000, 0x000000060b000000|  0%| F|  |TAMS 0x000000060ac00000, 0x000000060ac00000| Untracked 
|  25|0x000000060b000000, 0x000000060b000000, 0x000000060b400000|  0%| F|  |TAMS 0x000000060b000000, 0x000000060b000000| Untracked 
|  26|0x000000060b400000, 0x000000060b400000, 0x000000060b800000|  0%| F|  |TAMS 0x000000060b400000, 0x000000060b400000| Untracked 
|  27|0x000000060b800000, 0x000000060b800000, 0x000000060bc00000|  0%| F|  |TAMS 0x000000060b800000, 0x000000060b800000| Untracked 
|  28|0x000000060bc00000, 0x000000060bc00000, 0x000000060c000000|  0%| F|  |TAMS 0x000000060bc00000, 0x000000060bc00000| Untracked 
|  29|0x000000060c000000, 0x000000060c000000, 0x000000060c400000|  0%| F|  |TAMS 0x000000060c000000, 0x000000060c000000| Untracked 
|  30|0x000000060c400000, 0x000000060c400000, 0x000000060c800000|  0%| F|  |TAMS 0x000000060c400000, 0x000000060c400000| Untracked 
|  31|0x000000060c800000, 0x000000060c800000, 0x000000060cc00000|  0%| F|  |TAMS 0x000000060c800000, 0x000000060c800000| Untracked 
|  32|0x000000060cc00000, 0x000000060cc00000, 0x000000060d000000|  0%| F|  |TAMS 0x000000060cc00000, 0x000000060cc00000| Untracked 
|  33|0x000000060d000000, 0x000000060d000000, 0x000000060d400000|  0%| F|  |TAMS 0x000000060d000000, 0x000000060d000000| Untracked 
|  34|0x000000060d400000, 0x000000060d400000, 0x000000060d800000|  0%| F|  |TAMS 0x000000060d400000, 0x000000060d400000| Untracked 
|  35|0x000000060d800000, 0x000000060d800000, 0x000000060dc00000|  0%| F|  |TAMS 0x000000060d800000, 0x000000060d800000| Untracked 
|  36|0x000000060dc00000, 0x000000060dc00000, 0x000000060e000000|  0%| F|  |TAMS 0x000000060dc00000, 0x000000060dc00000| Untracked 
|  37|0x000000060e000000, 0x000000060e000000, 0x000000060e400000|  0%| F|  |TAMS 0x000000060e000000, 0x000000060e000000| Untracked 
|  38|0x000000060e400000, 0x000000060e400000, 0x000000060e800000|  0%| F|  |TAMS 0x000000060e400000, 0x000000060e400000| Untracked 
|  39|0x000000060e800000, 0x000000060e800000, 0x000000060ec00000|  0%| F|  |TAMS 0x000000060e800000, 0x000000060e800000| Untracked 
|  40|0x000000060ec00000, 0x000000060ec00000, 0x000000060f000000|  0%| F|  |TAMS 0x000000060ec00000, 0x000000060ec00000| Untracked 
|  41|0x000000060f000000, 0x000000060f000000, 0x000000060f400000|  0%| F|  |TAMS 0x000000060f000000, 0x000000060f000000| Untracked 
|  42|0x000000060f400000, 0x000000060f400000, 0x000000060f800000|  0%| F|  |TAMS 0x000000060f400000, 0x000000060f400000| Untracked 
|  43|0x000000060f800000, 0x000000060f800000, 0x000000060fc00000|  0%| F|  |TAMS 0x000000060f800000, 0x000000060f800000| Untracked 
|  44|0x000000060fc00000, 0x000000060fc00000, 0x0000000610000000|  0%| F|  |TAMS 0x000000060fc00000, 0x000000060fc00000| Untracked 
|  45|0x0000000610000000, 0x0000000610000000, 0x0000000610400000|  0%| F|  |TAMS 0x0000000610000000, 0x0000000610000000| Untracked 
|  46|0x0000000610400000, 0x0000000610400000, 0x0000000610800000|  0%| F|  |TAMS 0x0000000610400000, 0x0000000610400000| Untracked 
|  47|0x0000000610800000, 0x0000000610800000, 0x0000000610c00000|  0%| F|  |TAMS 0x0000000610800000, 0x0000000610800000| Untracked 
|  48|0x0000000610c00000, 0x0000000610c00000, 0x0000000611000000|  0%| F|  |TAMS 0x0000000610c00000, 0x0000000610c00000| Untracked 
|  49|0x0000000611000000, 0x0000000611000000, 0x0000000611400000|  0%| F|  |TAMS 0x0000000611000000, 0x0000000611000000| Untracked 
|  50|0x0000000611400000, 0x0000000611400000, 0x0000000611800000|  0%| F|  |TAMS 0x0000000611400000, 0x0000000611400000| Untracked 
|  51|0x0000000611800000, 0x0000000611800000, 0x0000000611c00000|  0%| F|  |TAMS 0x0000000611800000, 0x0000000611800000| Untracked 
|  52|0x0000000611c00000, 0x0000000611c00000, 0x0000000612000000|  0%| F|  |TAMS 0x0000000611c00000, 0x0000000611c00000| Untracked 
|  53|0x0000000612000000, 0x0000000612000000, 0x0000000612400000|  0%| F|  |TAMS 0x0000000612000000, 0x0000000612000000| Untracked 
|  54|0x0000000612400000, 0x0000000612400000, 0x0000000612800000|  0%| F|  |TAMS 0x0000000612400000, 0x0000000612400000| Untracked 
|  55|0x0000000612800000, 0x0000000612800000, 0x0000000612c00000|  0%| F|  |TAMS 0x0000000612800000, 0x0000000612800000| Untracked 
|  56|0x0000000612c00000, 0x0000000612c00000, 0x0000000613000000|  0%| F|  |TAMS 0x0000000612c00000, 0x0000000612c00000| Untracked 
|  57|0x0000000613000000, 0x0000000613000000, 0x0000000613400000|  0%| F|  |TAMS 0x0000000613000000, 0x0000000613000000| Untracked 
|  58|0x0000000613400000, 0x0000000613400000, 0x0000000613800000|  0%| F|  |TAMS 0x0000000613400000, 0x0000000613400000| Untracked 
|  59|0x0000000613800000, 0x0000000613800000, 0x0000000613c00000|  0%| F|  |TAMS 0x0000000613800000, 0x0000000613800000| Untracked 
|  60|0x0000000613c00000, 0x0000000613c00000, 0x0000000614000000|  0%| F|  |TAMS 0x0000000613c00000, 0x0000000613c00000| Untracked 
|  61|0x0000000614000000, 0x0000000614000000, 0x0000000614400000|  0%| F|  |TAMS 0x0000000614000000, 0x0000000614000000| Untracked 
|  62|0x0000000614400000, 0x000000061463efc0, 0x0000000614800000| 56%| S|CS|TAMS 0x0000000614400000, 0x0000000614400000| Complete 
|  63|0x0000000614800000, 0x0000000614c00000, 0x0000000614c00000|100%| S|CS|TAMS 0x0000000614800000, 0x0000000614800000| Complete 
|  64|0x0000000614c00000, 0x0000000614c00000, 0x0000000615000000|  0%| F|  |TAMS 0x0000000614c00000, 0x0000000614c00000| Untracked 
|  65|0x0000000615000000, 0x0000000615000000, 0x0000000615400000|  0%| F|  |TAMS 0x0000000615000000, 0x0000000615000000| Untracked 
|  66|0x0000000615400000, 0x0000000615400000, 0x0000000615800000|  0%| F|  |TAMS 0x0000000615400000, 0x0000000615400000| Untracked 
|  67|0x0000000615800000, 0x0000000615800000, 0x0000000615c00000|  0%| F|  |TAMS 0x0000000615800000, 0x0000000615800000| Untracked 
|  68|0x0000000615c00000, 0x0000000615c00000, 0x0000000616000000|  0%| F|  |TAMS 0x0000000615c00000, 0x0000000615c00000| Untracked 
|  69|0x0000000616000000, 0x0000000616400000, 0x0000000616400000|100%| S|CS|TAMS 0x0000000616000000, 0x0000000616000000| Complete 
|  70|0x0000000616400000, 0x0000000616800000, 0x0000000616800000|100%| S|CS|TAMS 0x0000000616400000, 0x0000000616400000| Complete 
|  71|0x0000000616800000, 0x0000000616c00000, 0x0000000616c00000|100%| S|CS|TAMS 0x0000000616800000, 0x0000000616800000| Complete 
|  72|0x0000000616c00000, 0x0000000616c00000, 0x0000000617000000|  0%| F|  |TAMS 0x0000000616c00000, 0x0000000616c00000| Untracked 
|  73|0x0000000617000000, 0x0000000617000000, 0x0000000617400000|  0%| F|  |TAMS 0x0000000617000000, 0x0000000617000000| Untracked 
|  74|0x0000000617400000, 0x0000000617400000, 0x0000000617800000|  0%| F|  |TAMS 0x0000000617400000, 0x0000000617400000| Untracked 
|  75|0x0000000617800000, 0x0000000617800000, 0x0000000617c00000|  0%| F|  |TAMS 0x0000000617800000, 0x0000000617800000| Untracked 
|  76|0x0000000617c00000, 0x0000000617c00000, 0x0000000618000000|  0%| F|  |TAMS 0x0000000617c00000, 0x0000000617c00000| Untracked 
|  77|0x0000000618000000, 0x0000000618000000, 0x0000000618400000|  0%| F|  |TAMS 0x0000000618000000, 0x0000000618000000| Untracked 
|  78|0x0000000618400000, 0x0000000618400000, 0x0000000618800000|  0%| F|  |TAMS 0x0000000618400000, 0x0000000618400000| Untracked 
|  79|0x0000000618800000, 0x0000000618800000, 0x0000000618c00000|  0%| F|  |TAMS 0x0000000618800000, 0x0000000618800000| Untracked 
|  80|0x0000000618c00000, 0x0000000618c00000, 0x0000000619000000|  0%| F|  |TAMS 0x0000000618c00000, 0x0000000618c00000| Untracked 
|  81|0x0000000619000000, 0x0000000619000000, 0x0000000619400000|  0%| F|  |TAMS 0x0000000619000000, 0x0000000619000000| Untracked 
|  82|0x0000000619400000, 0x0000000619400000, 0x0000000619800000|  0%| F|  |TAMS 0x0000000619400000, 0x0000000619400000| Untracked 
|  83|0x0000000619800000, 0x0000000619800000, 0x0000000619c00000|  0%| F|  |TAMS 0x0000000619800000, 0x0000000619800000| Untracked 
|  84|0x0000000619c00000, 0x0000000619c00000, 0x000000061a000000|  0%| F|  |TAMS 0x0000000619c00000, 0x0000000619c00000| Untracked 
|  85|0x000000061a000000, 0x000000061a000000, 0x000000061a400000|  0%| F|  |TAMS 0x000000061a000000, 0x000000061a000000| Untracked 
|  86|0x000000061a400000, 0x000000061a400000, 0x000000061a800000|  0%| F|  |TAMS 0x000000061a400000, 0x000000061a400000| Untracked 
|  87|0x000000061a800000, 0x000000061a800000, 0x000000061ac00000|  0%| F|  |TAMS 0x000000061a800000, 0x000000061a800000| Untracked 
|  88|0x000000061ac00000, 0x000000061ac00000, 0x000000061b000000|  0%| F|  |TAMS 0x000000061ac00000, 0x000000061ac00000| Untracked 
|  89|0x000000061b000000, 0x000000061b000000, 0x000000061b400000|  0%| F|  |TAMS 0x000000061b000000, 0x000000061b000000| Untracked 
|  90|0x000000061b400000, 0x000000061b400000, 0x000000061b800000|  0%| F|  |TAMS 0x000000061b400000, 0x000000061b400000| Untracked 
|  91|0x000000061b800000, 0x000000061b800000, 0x000000061bc00000|  0%| F|  |TAMS 0x000000061b800000, 0x000000061b800000| Untracked 
|  92|0x000000061bc00000, 0x000000061bc00000, 0x000000061c000000|  0%| F|  |TAMS 0x000000061bc00000, 0x000000061bc00000| Untracked 
|  93|0x000000061c000000, 0x000000061c000000, 0x000000061c400000|  0%| F|  |TAMS 0x000000061c000000, 0x000000061c000000| Untracked 
|  94|0x000000061c400000, 0x000000061c400000, 0x000000061c800000|  0%| F|  |TAMS 0x000000061c400000, 0x000000061c400000| Untracked 
|  95|0x000000061c800000, 0x000000061c800000, 0x000000061cc00000|  0%| F|  |TAMS 0x000000061c800000, 0x000000061c800000| Untracked 
|  96|0x000000061cc00000, 0x000000061cc00000, 0x000000061d000000|  0%| F|  |TAMS 0x000000061cc00000, 0x000000061cc00000| Untracked 
|  97|0x000000061d000000, 0x000000061d000000, 0x000000061d400000|  0%| F|  |TAMS 0x000000061d000000, 0x000000061d000000| Untracked 
|  98|0x000000061d400000, 0x000000061d400000, 0x000000061d800000|  0%| F|  |TAMS 0x000000061d400000, 0x000000061d400000| Untracked 
|  99|0x000000061d800000, 0x000000061d800000, 0x000000061dc00000|  0%| F|  |TAMS 0x000000061d800000, 0x000000061d800000| Untracked 
| 100|0x000000061dc00000, 0x000000061dc00000, 0x000000061e000000|  0%| F|  |TAMS 0x000000061dc00000, 0x000000061dc00000| Untracked 
| 101|0x000000061e000000, 0x000000061e000000, 0x000000061e400000|  0%| F|  |TAMS 0x000000061e000000, 0x000000061e000000| Untracked 
| 102|0x000000061e400000, 0x000000061e400000, 0x000000061e800000|  0%| F|  |TAMS 0x000000061e400000, 0x000000061e400000| Untracked 
| 103|0x000000061e800000, 0x000000061e800000, 0x000000061ec00000|  0%| F|  |TAMS 0x000000061e800000, 0x000000061e800000| Untracked 
| 104|0x000000061ec00000, 0x000000061ec00000, 0x000000061f000000|  0%| F|  |TAMS 0x000000061ec00000, 0x000000061ec00000| Untracked 
| 105|0x000000061f000000, 0x000000061f000000, 0x000000061f400000|  0%| F|  |TAMS 0x000000061f000000, 0x000000061f000000| Untracked 
| 106|0x000000061f400000, 0x000000061f400000, 0x000000061f800000|  0%| F|  |TAMS 0x000000061f400000, 0x000000061f400000| Untracked 
| 107|0x000000061f800000, 0x000000061f800000, 0x000000061fc00000|  0%| F|  |TAMS 0x000000061f800000, 0x000000061f800000| Untracked 
| 108|0x000000061fc00000, 0x000000061fc00000, 0x0000000620000000|  0%| F|  |TAMS 0x000000061fc00000, 0x000000061fc00000| Untracked 
| 109|0x0000000620000000, 0x0000000620000000, 0x0000000620400000|  0%| F|  |TAMS 0x0000000620000000, 0x0000000620000000| Untracked 
| 110|0x0000000620400000, 0x0000000620400000, 0x0000000620800000|  0%| F|  |TAMS 0x0000000620400000, 0x0000000620400000| Untracked 
| 111|0x0000000620800000, 0x0000000620800000, 0x0000000620c00000|  0%| F|  |TAMS 0x0000000620800000, 0x0000000620800000| Untracked 
| 112|0x0000000620c00000, 0x0000000620c00000, 0x0000000621000000|  0%| F|  |TAMS 0x0000000620c00000, 0x0000000620c00000| Untracked 
| 113|0x0000000621000000, 0x0000000621000000, 0x0000000621400000|  0%| F|  |TAMS 0x0000000621000000, 0x0000000621000000| Untracked 
| 114|0x0000000621400000, 0x000000062161ac38, 0x0000000621800000| 52%| E|  |TAMS 0x0000000621400000, 0x0000000621400000| Complete 
| 115|0x0000000621800000, 0x0000000621c00000, 0x0000000621c00000|100%| E|CS|TAMS 0x0000000621800000, 0x0000000621800000| Complete 
| 116|0x0000000621c00000, 0x0000000622000000, 0x0000000622000000|100%| E|CS|TAMS 0x0000000621c00000, 0x0000000621c00000| Complete 
| 117|0x0000000622000000, 0x0000000622400000, 0x0000000622400000|100%| E|CS|TAMS 0x0000000622000000, 0x0000000622000000| Complete 
| 118|0x0000000622400000, 0x0000000622800000, 0x0000000622800000|100%| E|CS|TAMS 0x0000000622400000, 0x0000000622400000| Complete 
| 119|0x0000000622800000, 0x0000000622c00000, 0x0000000622c00000|100%| E|CS|TAMS 0x0000000622800000, 0x0000000622800000| Complete 
| 120|0x0000000622c00000, 0x0000000623000000, 0x0000000623000000|100%| E|CS|TAMS 0x0000000622c00000, 0x0000000622c00000| Complete 
| 121|0x0000000623000000, 0x0000000623400000, 0x0000000623400000|100%| E|CS|TAMS 0x0000000623000000, 0x0000000623000000| Complete 
| 122|0x0000000623400000, 0x0000000623800000, 0x0000000623800000|100%| E|CS|TAMS 0x0000000623400000, 0x0000000623400000| Complete 
| 123|0x0000000623800000, 0x0000000623c00000, 0x0000000623c00000|100%| E|CS|TAMS 0x0000000623800000, 0x0000000623800000| Complete 
| 124|0x0000000623c00000, 0x0000000624000000, 0x0000000624000000|100%| E|CS|TAMS 0x0000000623c00000, 0x0000000623c00000| Complete 
| 125|0x0000000624000000, 0x0000000624400000, 0x0000000624400000|100%| E|CS|TAMS 0x0000000624000000, 0x0000000624000000| Complete 
| 126|0x0000000624400000, 0x0000000624800000, 0x0000000624800000|100%| E|CS|TAMS 0x0000000624400000, 0x0000000624400000| Complete 

Card table byte_map: [0x00000190ad590000,0x00000190ae570000] _byte_map_base: 0x00000190aa56a000

Marking Bits (Prev, Next): (CMBitMap*) 0x0000019094e6a4e0, (CMBitMap*) 0x0000019094e6a520
 Prev Bits: [0x00000190af550000, 0x00000190b7420000)
 Next Bits: [0x00000190b7420000, 0x00000190bf2f0000)

Polling page: 0x00000190935a0000

Metaspace:

Usage:
  Non-class:     15.78 MB used.
      Class:      1.76 MB used.
       Both:     17.54 MB used.

Virtual space:
  Non-class space:       64.00 MB reserved,      15.94 MB ( 25%) committed,  1 nodes.
      Class space:        1.00 GB reserved,       1.94 MB ( <1%) committed,  1 nodes.
             Both:        1.06 GB reserved,      17.88 MB (  2%) committed. 

Chunk freelists:
   Non-Class:  15.14 MB
       Class:  14.01 MB
        Both:  29.16 MB

MaxMetaspaceSize: unlimited
CompressedClassSpaceSize: 1.00 GB
Initial GC threshold: 21.00 MB
Current GC threshold: 21.00 MB
CDS: on
MetaspaceReclaimPolicy: balanced
 - commit_granule_bytes: 65536.
 - commit_granule_words: 8192.
 - virtual_space_node_default_size: 8388608.
 - enlarge_chunks_in_place: 1.
 - new_chunks_are_fully_committed: 0.
 - uncommit_free_chunks: 1.
 - use_allocation_guard: 0.
 - handle_deallocations: 1.


Internal statistics:

num_allocs_failed_limit: 0.
num_arena_births: 408.
num_arena_deaths: 0.
num_vsnodes_births: 2.
num_vsnodes_deaths: 0.
num_space_committed: 286.
num_space_uncommitted: 0.
num_chunks_returned_to_freelist: 0.
num_chunks_taken_from_freelist: 1037.
num_chunk_merges: 0.
num_chunk_splits: 755.
num_chunks_enlarged: 577.
num_inconsistent_stats: 0.

CodeHeap 'non-profiled nmethods': size=120000Kb used=2919Kb max_used=2919Kb free=117080Kb
 bounds [0x00000190a4400000, 0x00000190a46e0000, 0x00000190ab930000]
CodeHeap 'profiled nmethods': size=120000Kb used=7151Kb max_used=7151Kb free=112848Kb
 bounds [0x000001909c930000, 0x000001909d030000, 0x00000190a3e60000]
CodeHeap 'non-nmethods': size=5760Kb used=1700Kb max_used=1755Kb free=4059Kb
 bounds [0x00000190a3e60000, 0x00000190a40d0000, 0x00000190a4400000]
 total_blobs=4738 nmethods=3685 adapters=965
 compilation: enabled
              stopped_count=0, restarted_count=0
 full_count=0

Compilation events (20 events):
Event: 46.107 Thread 0x00000190bf570250 3676       4       com.ctre.phoenix6.hardware.core.CoreTalonFX::getSimState (24 bytes)
Event: 46.108 Thread 0x00000190bf570250 nmethod 3676 0x00000190a46d6990 code [0x00000190a46d6b00, 0x00000190a46d6b98]
Event: 46.122 Thread 0x00000190bf570250 3677       4       com.ctre.phoenix6.swerve.SimSwerveDrivetrain::addFriction (33 bytes)
Event: 46.123 Thread 0x00000190bf570250 nmethod 3677 0x00000190a46d6c90 code [0x00000190a46d6e40, 0x00000190a46d6ed8]
Event: 46.321 Thread 0x00000190bf570250 3678       4       edu.wpi.first.apriltag.AprilTagFieldLayout::getTagPose (40 bytes)
Event: 46.326 Thread 0x00000190bf570250 nmethod 3678 0x00000190a46d6f90 code [0x00000190a46d7160, 0x00000190a46d7748]
Event: 46.502 Thread 0x00000190bf573840 3679       3       edu.wpi.first.math.util.Units::radiansToDegrees (5 bytes)
Event: 46.503 Thread 0x00000190bf573840 nmethod 3679 0x000001909d01a990 code [0x000001909d01ab40, 0x000001909d01ac98]
Event: 46.507 Thread 0x00000190bf573840 3680       3       com.ctre.phoenix6.swerve.SimSwerveDrivetrain::update (1266 bytes)
Event: 46.508 Thread 0x00000190bf570250 3681       4       com.ctre.phoenix6.hardware.core.CoreCANcoder::getSimState (24 bytes)
Event: 46.508 Thread 0x00000190bf570250 nmethod 3681 0x00000190a46d7c90 code [0x00000190a46d7e00, 0x00000190a46d7e98]
Event: 46.513 Thread 0x00000190bf573840 nmethod 3680 0x000001909d01ad90 code [0x000001909d01be80, 0x000001909d0271b8]
Event: 47.839 Thread 0x00000190bf570250 3682       4       edu.wpi.first.math.MathUtil::applyDeadband (7 bytes)
Event: 47.839 Thread 0x00000190bf570250 nmethod 3682 0x00000190a46d7f90 code [0x00000190a46d8140, 0x00000190a46d8218]
Event: 48.679 Thread 0x00000190bf570250 3683       4       edu.wpi.first.math.filter.SlewRateLimiter::calculate (54 bytes)
Event: 48.681 Thread 0x00000190bf570250 nmethod 3683 0x00000190a46d8310 code [0x00000190a46d84e0, 0x00000190a46d89d8]
Event: 48.961 Thread 0x00000190bf570250 3684       4       org.photonvision.targeting.MultiTargetPNPResult::getSerde (4 bytes)
Event: 48.961 Thread 0x00000190bf570250 nmethod 3684 0x00000190a46d8d10 code [0x00000190a46d8e80, 0x00000190a46d8ef8]
Event: 49.059 Thread 0x00000190bf570250 3685   !   4       com.ctre.phoenix6.swerve.SwerveDrivetrain::getState (62 bytes)
Event: 49.063 Thread 0x00000190bf570250 nmethod 3685 0x00000190a46d9010 code [0x00000190a46d91e0, 0x00000190a46d9790]

GC Heap History (10 events):
Event: 0.690 GC heap before
{Heap before GC invocations=0 (full 0):
 garbage-first heap   total 520192K, used 20480K [0x0000000604c00000, 0x0000000800000000)
  region size 4096K, 6 young (24576K), 0 survivors (0K)
 Metaspace       used 6675K, committed 6912K, reserved 1114112K
  class space    used 710K, committed 832K, reserved 1048576K
}
Event: 0.693 GC heap after
{Heap after GC invocations=1 (full 0):
 garbage-first heap   total 520192K, used 2949K [0x0000000604c00000, 0x0000000800000000)
  region size 4096K, 1 young (4096K), 1 survivors (4096K)
 Metaspace       used 6675K, committed 6912K, reserved 1114112K
  class space    used 710K, committed 832K, reserved 1048576K
}
Event: 1.662 GC heap before
{Heap before GC invocations=1 (full 0):
 garbage-first heap   total 520192K, used 35717K [0x0000000604c00000, 0x0000000800000000)
  region size 4096K, 9 young (36864K), 1 survivors (4096K)
 Metaspace       used 16523K, committed 16832K, reserved 1114112K
  class space    used 1709K, committed 1856K, reserved 1048576K
}
Event: 1.666 GC heap after
{Heap after GC invocations=2 (full 0):
 garbage-first heap   total 520192K, used 5131K [0x0000000604c00000, 0x0000000800000000)
  region size 4096K, 2 young (8192K), 2 survivors (8192K)
 Metaspace       used 16523K, committed 16832K, reserved 1114112K
  class space    used 1709K, committed 1856K, reserved 1048576K
}
Event: 15.003 GC heap before
{Heap before GC invocations=2 (full 0):
 garbage-first heap   total 520192K, used 193547K [0x0000000604c00000, 0x0000000800000000)
  region size 4096K, 48 young (196608K), 2 survivors (8192K)
 Metaspace       used 17901K, committed 18240K, reserved 1114112K
  class space    used 1798K, committed 1984K, reserved 1048576K
}
Event: 15.076 GC heap after
{Heap after GC invocations=3 (full 0):
 garbage-first heap   total 520192K, used 17618K [0x0000000604c00000, 0x0000000800000000)
  region size 4096K, 5 young (20480K), 5 survivors (20480K)
 Metaspace       used 17901K, committed 18240K, reserved 1114112K
  class space    used 1798K, committed 1984K, reserved 1048576K
}
Event: 30.042 GC heap before
{Heap before GC invocations=3 (full 0):
 garbage-first heap   total 520192K, used 234706K [0x0000000604c00000, 0x0000000800000000)
  region size 4096K, 58 young (237568K), 5 survivors (20480K)
 Metaspace       used 17957K, committed 18304K, reserved 1114112K
  class space    used 1799K, committed 1984K, reserved 1048576K
}
Event: 30.136 GC heap after
{Heap after GC invocations=4 (full 0):
 garbage-first heap   total 520192K, used 21794K [0x0000000604c00000, 0x0000000800000000)
  region size 4096K, 5 young (20480K), 5 survivors (20480K)
 Metaspace       used 17957K, committed 18304K, reserved 1114112K
  class space    used 1799K, committed 1984K, reserved 1048576K
}
Event: 46.043 GC heap before
{Heap before GC invocations=4 (full 0):
 garbage-first heap   total 520192K, used 247074K [0x0000000604c00000, 0x0000000800000000)
  region size 4096K, 60 young (245760K), 5 survivors (20480K)
 Metaspace       used 17959K, committed 18304K, reserved 1114112K
  class space    used 1799K, committed 1984K, reserved 1048576K
}
Event: 46.092 GC heap after
{Heap after GC invocations=5 (full 0):
 garbage-first heap   total 520192K, used 23607K [0x0000000604c00000, 0x0000000800000000)
  region size 4096K, 5 young (20480K), 5 survivors (20480K)
 Metaspace       used 17959K, committed 18304K, reserved 1114112K
  class space    used 1799K, committed 1984K, reserved 1048576K
}

Dll operation events (20 events):
Event: 0.017 Loaded shared library C:\Users\Public\wpilib\2025\jdk\bin\jsvml.dll
Event: 0.099 Loaded shared library C:\Users\Public\wpilib\2025\jdk\bin\net.dll
Event: 0.100 Loaded shared library C:\Users\Public\wpilib\2025\jdk\bin\nio.dll
Event: 0.102 Loaded shared library C:\Users\Public\wpilib\2025\jdk\bin\zip.dll
Event: 0.122 Loaded shared library C:\Robot-Source-Code-2025-Reefscape\build\jni\release\wpiutiljni.dll
Event: 0.126 Loaded shared library C:\Robot-Source-Code-2025-Reefscape\build\jni\release\wpiHaljni.dll
Event: 0.294 Loaded shared library C:\Robot-Source-Code-2025-Reefscape\build\jni\release\ntcorejni.dll
Event: 0.374 Loaded shared library C:\Users\Public\wpilib\2025\jdk\bin\management.dll
Event: 0.377 Loaded shared library C:\Users\Public\wpilib\2025\jdk\bin\management_ext.dll
Event: 0.431 Loaded shared library C:\Robot-Source-Code-2025-Reefscape\build\jni\release\photontargeting.dll
Event: 0.436 Loaded shared library C:\Robot-Source-Code-2025-Reefscape\build\jni\release\photontargetingJNI.dll
Event: 0.464 Loaded shared library C:\Users\Public\wpilib\2025\jdk\bin\jimage.dll
Event: 0.795 Loaded shared library C:\Robot-Source-Code-2025-Reefscape\build\jni\release\cscorejni.dll
Event: 0.805 Loaded shared library C:\Robot-Source-Code-2025-Reefscape\build\jni\release\opencv_java4100.dll
Event: 0.876 Loaded shared library C:\Robot-Source-Code-2025-Reefscape\build\jni\release\REVLibDriver.dll
Event: 0.975 Loaded shared library C:\Robot-Source-Code-2025-Reefscape\build\jni\release\CTRE_PhoenixTools_Sim.dll
Event: 0.977 Loaded shared library C:\Robot-Source-Code-2025-Reefscape\build\jni\release\CTRE_Phoenix6_Sim.dll
Event: 1.429 Loaded shared library C:\Robot-Source-Code-2025-Reefscape\build\jni\release\wpimathjni.dll
Event: 1.612 Loaded shared library C:\Robot-Source-Code-2025-Reefscape\build\jni\release\wpilibio.dll
Event: 1.635 Loaded shared library C:\Robot-Source-Code-2025-Reefscape\build\jni\release\apriltagjni.dll

Deoptimization events (20 events):
Event: 29.003 Thread 0x0000019108597350 DEOPT PACKING pc=0x00000190a4673dc0 sp=0x00000067af9fe470
Event: 29.003 Thread 0x0000019108597350 DEOPT UNPACKING pc=0x00000190a3eb69a3 sp=0x00000067af9fe448 mode 2
Event: 29.003 Thread 0x0000019108597350 Uncommon trap: trap_request=0xffffffbe fr.pc=0x00000190a4673dc0 relative=0x0000000000000ae0
Event: 29.003 Thread 0x0000019108597350 Uncommon trap: reason=profile_predicate action=maybe_recompile pc=0x00000190a4673dc0 method=org.photonvision.estimation.OpenCVHelp.reorderCircular(Ljava/util/List;ZI)Ljava/util/List; @ 34 c2
Event: 29.003 Thread 0x0000019108597350 DEOPT PACKING pc=0x00000190a4673dc0 sp=0x00000067af9fe470
Event: 29.003 Thread 0x0000019108597350 DEOPT UNPACKING pc=0x00000190a3eb69a3 sp=0x00000067af9fe448 mode 2
Event: 30.138 Thread 0x0000019108597350 Uncommon trap: trap_request=0xffffff45 fr.pc=0x00000190a4654f28 relative=0x0000000000005008
Event: 30.138 Thread 0x0000019108597350 Uncommon trap: reason=unstable_if action=reinterpret pc=0x00000190a4654f28 method=edu.wpi.first.wpilibj2.command.CommandScheduler.run()V @ 583 c2
Event: 30.138 Thread 0x0000019108597350 DEOPT PACKING pc=0x00000190a4654f28 sp=0x00000067af9ff1c0
Event: 30.138 Thread 0x0000019108597350 DEOPT UNPACKING pc=0x00000190a3eb69a3 sp=0x00000067af9ff1d8 mode 2
Event: 30.151 Thread 0x00000190bf550210 DEOPT PACKING pc=0x000001909cfc5132 sp=0x00000067ae5feff0
Event: 30.151 Thread 0x00000190bf550210 DEOPT UNPACKING pc=0x00000190a3eb7143 sp=0x00000067ae5fe4a0 mode 0
Event: 38.702 Thread 0x0000019108597350 Uncommon trap: trap_request=0xffffff45 fr.pc=0x00000190a45812c0 relative=0x0000000000000560
Event: 38.702 Thread 0x0000019108597350 Uncommon trap: reason=unstable_if action=reinterpret pc=0x00000190a45812c0 method=java.util.concurrent.locks.ReentrantLock$NonfairSync.initialTryLock()Z @ 10 c2
Event: 38.702 Thread 0x0000019108597350 DEOPT PACKING pc=0x00000190a45812c0 sp=0x00000067af9fea70
Event: 38.702 Thread 0x0000019108597350 DEOPT UNPACKING pc=0x00000190a3eb69a3 sp=0x00000067af9fe908 mode 2
Event: 46.002 Thread 0x00000191136285d0 Uncommon trap: trap_request=0xffffff45 fr.pc=0x00000190a4615b48 relative=0x0000000000006728
Event: 46.002 Thread 0x00000191136285d0 Uncommon trap: reason=unstable_if action=reinterpret pc=0x00000190a4615b48 method=java.util.concurrent.locks.ReentrantLock$NonfairSync.initialTryLock()Z @ 10 c2
Event: 46.002 Thread 0x00000191136285d0 DEOPT PACKING pc=0x00000190a4615b48 sp=0x00000067b39ff3f0
Event: 46.002 Thread 0x00000191136285d0 DEOPT UNPACKING pc=0x00000190a3eb69a3 sp=0x00000067b39ff248 mode 2

Classes loaded (20 events):
Event: 7.690 Loading class java/lang/invoke/DirectMethodHandle$EnsureInitialized
Event: 7.690 Loading class java/lang/invoke/DirectMethodHandle$EnsureInitialized done
Event: 7.691 Loading class java/lang/runtime/ObjectMethods$1
Event: 7.691 Loading class java/lang/runtime/ObjectMethods$1 done
Event: 7.694 Loading class java/lang/invoke/DirectMethodHandle$1
Event: 7.695 Loading class java/lang/invoke/DirectMethodHandle$1 done
Event: 7.701 Loading class java/util/AbstractList$RandomAccessSubList
Event: 7.701 Loading class java/util/AbstractList$SubList
Event: 7.701 Loading class java/util/AbstractList$SubList done
Event: 7.701 Loading class java/util/AbstractList$RandomAccessSubList done
Event: 7.701 Loading class java/util/AbstractList$ListItr
Event: 7.701 Loading class java/util/AbstractList$Itr
Event: 7.701 Loading class java/util/AbstractList$Itr done
Event: 7.701 Loading class java/util/AbstractList$ListItr done
Event: 7.701 Loading class java/util/AbstractList$SubList$1
Event: 7.701 Loading class java/util/AbstractList$SubList$1 done
Event: 7.702 Loading class java/lang/invoke/MethodHandleImpl$CountingWrapper
Event: 7.702 Loading class java/lang/invoke/MethodHandleImpl$CountingWrapper done
Event: 17.842 Loading class java/lang/invoke/MethodHandleImpl$CountingWrapper$1
Event: 17.842 Loading class java/lang/invoke/MethodHandleImpl$CountingWrapper$1 done

Classes unloaded (0 events):
No events

Classes redefined (0 events):
No events

Internal exceptions (20 events):
Event: 1.693 Thread 0x0000019108597350 Exception <a 'java/lang/NoSuchMethodError'{0x00000006245a6660}: 'void java.lang.invoke.DirectMethodHandle$Holder.invokeStatic(java.lang.Object, java.lang.Object, java.lang.Object, java.lang.Object)'> (0x00000006245a6660) 
thrown [s\src\hotspot\share\interpreter\linkResolver.cpp, line 759]
Event: 7.686 Thread 0x0000019108597350 Exception <a 'java/lang/NoSuchMethodError'{0x000000061ea21fe0}: 'java.lang.Object java.lang.invoke.DirectMethodHandle$Holder.invokeStaticInit(java.lang.Object, java.lang.Object, java.lang.Object, java.lang.Object, java.lang.Object, java.lang.Object, java.lang.Object)'> (0x000000061ea21fe0) 
thrown [s\src\hotspot\share\interpreter\linkResolver.cpp, line 759]
Event: 7.687 Thread 0x0000019108597350 Exception <a 'java/lang/NoSuchMethodError'{0x000000061ea27848}: 'java.lang.Object java.lang.invoke.Invokers$Holder.invoke_MT(java.lang.Object, java.lang.Object, java.lang.Object, java.lang.Object, java.lang.Object, java.lang.Object, java.lang.Object, java.lang.Object, java.lang.Object)'> (0x000000061ea27848) 
thrown [s\src\hotspot\share\interpreter\linkResolver.cpp, line 759]
Event: 7.689 Thread 0x0000019108597350 Exception <a 'java/lang/NoSuchMethodError'{0x000000061ea2d6d0}: 'java.lang.Object java.lang.invoke.DirectMethodHandle$Holder.invokeStatic(java.lang.Object, java.lang.Object, int)'> (0x000000061ea2d6d0) 
thrown [s\src\hotspot\share\interpreter\linkResolver.cpp, line 759]
Event: 7.690 Thread 0x0000019108597350 Exception <a 'java/lang/NoSuchMethodError'{0x000000061ea3fab0}: 'void java.lang.invoke.DelegatingMethodHandle$Holder.delegate(java.lang.Object, java.lang.Object, int, java.lang.Object)'> (0x000000061ea3fab0) 
thrown [s\src\hotspot\share\interpreter\linkResolver.cpp, line 759]
Event: 7.691 Thread 0x0000019108597350 Exception <a 'java/lang/NoSuchMethodError'{0x000000061ea5ebc0}: 'int java.lang.invoke.DirectMethodHandle$Holder.invokeVirtual(java.lang.Object, java.lang.Object, java.lang.Object)'> (0x000000061ea5ebc0) 
thrown [s\src\hotspot\share\interpreter\linkResolver.cpp, line 759]
Event: 7.691 Thread 0x0000019108597350 Exception <a 'java/lang/NoSuchMethodError'{0x000000061ea62e90}: 'int java.lang.invoke.DirectMethodHandle$Holder.invokeStaticInit(java.lang.Object, java.lang.Object, java.lang.Object)'> (0x000000061ea62e90) 
thrown [s\src\hotspot\share\interpreter\linkResolver.cpp, line 759]
Event: 7.692 Thread 0x0000019108597350 Exception <a 'java/lang/NoSuchMethodError'{0x000000061ea667c8}: 'int java.lang.invoke.DirectMethodHandle$Holder.invokeStaticInit(java.lang.Object, int, int)'> (0x000000061ea667c8) 
thrown [s\src\hotspot\share\interpreter\linkResolver.cpp, line 759]
Event: 7.692 Thread 0x0000019108597350 Exception <a 'java/lang/NoSuchMethodError'{0x000000061ea6dfb8}: 'int java.lang.invoke.DirectMethodHandle$Holder.invokeStaticInit(java.lang.Object, long, long)'> (0x000000061ea6dfb8) 
thrown [s\src\hotspot\share\interpreter\linkResolver.cpp, line 759]
Event: 7.693 Thread 0x0000019108597350 Exception <a 'java/lang/NoSuchMethodError'{0x000000061ea74e08}: 'int java.lang.invoke.DirectMethodHandle$Holder.invokeStaticInit(java.lang.Object, float, float)'> (0x000000061ea74e08) 
thrown [s\src\hotspot\share\interpreter\linkResolver.cpp, line 759]
Event: 7.693 Thread 0x0000019108597350 Exception <a 'java/lang/NoSuchMethodError'{0x000000061ea7bc60}: 'int java.lang.invoke.DirectMethodHandle$Holder.invokeStaticInit(java.lang.Object, double, double)'> (0x000000061ea7bc60) 
thrown [s\src\hotspot\share\interpreter\linkResolver.cpp, line 759]
Event: 7.694 Thread 0x0000019108597350 Exception <a 'java/lang/NoSuchMethodError'{0x000000061ea801f8}: 'int java.lang.invoke.DirectMethodHandle$Holder.invokeStatic(java.lang.Object, long)'> (0x000000061ea801f8) 
thrown [s\src\hotspot\share\interpreter\linkResolver.cpp, line 759]
Event: 7.695 Thread 0x0000019108597350 Exception <a 'java/lang/NoSuchMethodError'{0x000000061eb161f0}: 'int java.lang.invoke.DirectMethodHandle$Holder.invokeSpecial(java.lang.Object, java.lang.Object, int)'> (0x000000061eb161f0) 
thrown [s\src\hotspot\share\interpreter\linkResolver.cpp, line 759]
Event: 7.696 Thread 0x0000019108597350 Exception <a 'java/lang/NoSuchMethodError'{0x000000061eb28040}: 'int java.lang.invoke.Invokers$Holder.linkToTargetMethod(java.lang.Object, java.lang.Object)'> (0x000000061eb28040) 
thrown [s\src\hotspot\share\interpreter\linkResolver.cpp, line 759]
Event: 7.700 Thread 0x0000019122446e50 Exception <a 'java/lang/NoSuchMethodError'{0x000000061e45a4c8}: 'int java.lang.invoke.DirectMethodHandle$Holder.invokeSpecial(java.lang.Object, java.lang.Object, java.lang.Object, java.lang.Object)'> (0x000000061e45a4c8) 
thrown [s\src\hotspot\share\interpreter\linkResolver.cpp, line 759]
Event: 7.702 Thread 0x0000019122446e50 Exception <a 'java/lang/NoSuchMethodError'{0x000000061e46bce8}: 'java.lang.Object java.lang.invoke.DirectMethodHandle$Holder.invokeStatic(java.lang.Object, int, java.lang.Object, java.lang.Object)'> (0x000000061e46bce8) 
thrown [s\src\hotspot\share\interpreter\linkResolver.cpp, line 759]
Event: 7.702 Thread 0x0000019122446e50 Exception <a 'java/lang/NoSuchMethodError'{0x000000061e46fc18}: 'java.lang.Object java.lang.invoke.DirectMethodHandle$Holder.invokeSpecial(java.lang.Object, java.lang.Object, int, java.lang.Object, java.lang.Object)'> (0x000000061e46fc18) 
thrown [s\src\hotspot\share\interpreter\linkResolver.cpp, line 759]
Event: 7.702 Thread 0x0000019122446e50 Exception <a 'java/lang/NoSuchMethodError'{0x000000061e473618}: 'java.lang.Object java.lang.invoke.DelegatingMethodHandle$Holder.delegate(java.lang.Object, int, java.lang.Object, java.lang.Object)'> (0x000000061e473618) 
thrown [s\src\hotspot\share\interpreter\linkResolver.cpp, line 759]
Event: 7.704 Thread 0x0000019122446e50 Exception <a 'java/lang/NoSuchMethodError'{0x000000061e483d78}: 'int java.lang.invoke.Invokers$Holder.linkToTargetMethod(java.lang.Object, java.lang.Object, java.lang.Object)'> (0x000000061e483d78) 
thrown [s\src\hotspot\share\interpreter\linkResolver.cpp, line 759]
Event: 15.106 Thread 0x00000190bf550210 Implicit null exception at 0x00000190a45e9fa9 to 0x00000190a45ea6f8

VM Operations (20 events):
Event: 32.136 Executing VM operation: Cleanup
Event: 32.136 Executing VM operation: Cleanup done
Event: 33.136 Executing VM operation: Cleanup
Event: 33.136 Executing VM operation: Cleanup done
Event: 35.137 Executing VM operation: Cleanup
Event: 35.137 Executing VM operation: Cleanup done
Event: 37.138 Executing VM operation: Cleanup
Event: 37.138 Executing VM operation: Cleanup done
Event: 38.138 Executing VM operation: Cleanup
Event: 38.138 Executing VM operation: Cleanup done
Event: 40.139 Executing VM operation: Cleanup
Event: 40.139 Executing VM operation: Cleanup done
Event: 44.139 Executing VM operation: Cleanup
Event: 44.139 Executing VM operation: Cleanup done
Event: 45.140 Executing VM operation: Cleanup
Event: 45.140 Executing VM operation: Cleanup done
Event: 46.043 Executing VM operation: G1CollectForAllocation
Event: 46.092 Executing VM operation: G1CollectForAllocation done
Event: 49.092 Executing VM operation: Cleanup
Event: 49.092 Executing VM operation: Cleanup done

Events (20 events):
Event: 0.046 Thread 0x00000190c2259cd0 Thread added: 0x00000190c2259cd0
Event: 0.091 Thread 0x00000190c225bba0 Thread added: 0x00000190c225bba0
Event: 0.093 Thread 0x00000190c2262f50 Thread added: 0x00000190c2262f50
Event: 0.325 Thread 0x0000019108597350 Thread added: 0x0000019108597350
Event: 0.344 Thread 0x0000019112ec9d10 Thread added: 0x0000019112ec9d10
Event: 0.369 Thread 0x0000019112ec7510 Thread added: 0x0000019112ec7510
Event: 0.813 Thread 0x0000019113486140 Thread added: 0x0000019113486140
Event: 0.813 Thread 0x0000019113486620 Thread added: 0x0000019113486620
Event: 1.124 Thread 0x0000019113628ff0 Thread added: 0x0000019113628ff0
Event: 1.422 Thread 0x00000191136285d0 Thread added: 0x00000191136285d0
Event: 1.443 Thread 0x0000019113201660 Thread added: 0x0000019113201660
Event: 1.595 Thread 0x0000019113629500 Thread added: 0x0000019113629500
Event: 3.148 Thread 0x0000019113201660 Thread exited: 0x0000019113201660
Event: 5.064 Thread 0x000001911e8b4a40 Thread added: 0x000001911e8b4a40
Event: 5.301 Thread 0x000001911e8b4a40 Thread exited: 0x000001911e8b4a40
Event: 7.697 Thread 0x000001911e8b64d0 Thread added: 0x000001911e8b64d0
Event: 7.697 Thread 0x0000019122446e50 Thread added: 0x0000019122446e50
Event: 8.279 Thread 0x000001911e8b64d0 Thread exited: 0x000001911e8b64d0
Event: 15.091 Thread 0x000001911e8b5a30 Thread added: 0x000001911e8b5a30
Event: 15.343 Thread 0x000001911e8b5a30 Thread exited: 0x000001911e8b5a30


Dynamic libraries:
0x00007ff6b59e0000 - 0x00007ff6b59ee000 	C:\Users\Public\wpilib\2025\jdk\bin\java.exe
0x00007ffec6280000 - 0x00007ffec64e3000 	C:\WINDOWS\SYSTEM32\ntdll.dll
0x00007ffec5b90000 - 0x00007ffec5c57000 	C:\WINDOWS\System32\KERNEL32.DLL
0x00007ffec3990000 - 0x00007ffec3d57000 	C:\WINDOWS\System32\KERNELBASE.dll
0x00007ffec37a0000 - 0x00007ffec38ec000 	C:\WINDOWS\System32\ucrtbase.dll
0x00007ffec0620000 - 0x00007ffec0637000 	C:\Users\Public\wpilib\2025\jdk\bin\jli.dll
0x00007ffebe470000 - 0x00007ffebe48e000 	C:\Users\Public\wpilib\2025\jdk\bin\VCRUNTIME140.dll
0x00007ffec5db0000 - 0x00007ffec5f79000 	C:\WINDOWS\System32\USER32.dll
0x00007ffeb2c30000 - 0x00007ffeb2ec0000 	C:\WINDOWS\WinSxS\amd64_microsoft.windows.common-controls_6595b64144ccf1df_6.0.26100.3037_none_3e09262ce333c378\COMCTL32.dll
0x00007ffec3f60000 - 0x00007ffec3f87000 	C:\WINDOWS\System32\win32u.dll
0x00007ffec4bf0000 - 0x00007ffec4c99000 	C:\WINDOWS\System32\msvcrt.dll
0x00007ffec5f80000 - 0x00007ffec5faa000 	C:\WINDOWS\System32\GDI32.dll
0x00007ffec3f90000 - 0x00007ffec40bb000 	C:\WINDOWS\System32\gdi32full.dll
0x00007ffec3e20000 - 0x00007ffec3ec3000 	C:\WINDOWS\System32\msvcp_win.dll
0x00007ffec50e0000 - 0x00007ffec510f000 	C:\WINDOWS\System32\IMM32.DLL
0x00007ffec0610000 - 0x00007ffec061c000 	C:\Users\Public\wpilib\2025\jdk\bin\vcruntime140_1.dll
0x00007ffeac5a0000 - 0x00007ffeac62d000 	C:\Users\Public\wpilib\2025\jdk\bin\msvcp140.dll
0x00007ffea5320000 - 0x00007ffea5f8a000 	C:\Users\Public\wpilib\2025\jdk\bin\server\jvm.dll
0x00007ffec6180000 - 0x00007ffec6234000 	C:\WINDOWS\System32\ADVAPI32.dll
0x00007ffec45c0000 - 0x00007ffec4666000 	C:\WINDOWS\System32\sechost.dll
0x00007ffec5180000 - 0x00007ffec5296000 	C:\WINDOWS\System32\RPCRT4.dll
0x00007ffec5d30000 - 0x00007ffec5da4000 	C:\WINDOWS\System32\WS2_32.dll
0x00007ffec34b0000 - 0x00007ffec34fe000 	C:\WINDOWS\SYSTEM32\POWRPROF.dll
0x00007ffeac330000 - 0x00007ffeac33b000 	C:\WINDOWS\SYSTEM32\VERSION.dll
0x00007ffeb9610000 - 0x00007ffeb9646000 	C:\WINDOWS\SYSTEM32\WINMM.dll
0x00007ffec3490000 - 0x00007ffec34a4000 	C:\WINDOWS\SYSTEM32\UMPDC.dll
0x00007ffec2450000 - 0x00007ffec246a000 	C:\WINDOWS\SYSTEM32\kernel.appcore.dll
0x00007ffec05b0000 - 0x00007ffec05ba000 	C:\Users\Public\wpilib\2025\jdk\bin\jimage.dll
0x00007ffec0e20000 - 0x00007ffec1061000 	C:\WINDOWS\SYSTEM32\DBGHELP.DLL
0x00007ffec4230000 - 0x00007ffec45ae000 	C:\WINDOWS\System32\combase.dll
0x00007ffec53a0000 - 0x00007ffec5476000 	C:\WINDOWS\System32\OLEAUT32.dll
0x00007ffeac560000 - 0x00007ffeac599000 	C:\WINDOWS\SYSTEM32\dbgcore.DLL
0x00007ffec38f0000 - 0x00007ffec3989000 	C:\WINDOWS\System32\bcryptPrimitives.dll
0x00007ffea84a0000 - 0x00007ffea84db000 	C:\Users\Public\wpilib\2025\jdk\bin\jdwp.dll
0x00007ffeb1220000 - 0x00007ffeb1245000 	C:\Users\Public\wpilib\2025\jdk\bin\java.dll
0x00007ffea81a0000 - 0x00007ffea8277000 	C:\Users\Public\wpilib\2025\jdk\bin\jsvml.dll
0x00007ffec5480000 - 0x00007ffec5b84000 	C:\WINDOWS\System32\SHELL32.dll
0x00007ffec12f0000 - 0x00007ffec1b27000 	C:\WINDOWS\SYSTEM32\windows.storage.dll
0x00007ffec4ca0000 - 0x00007ffec4d89000 	C:\WINDOWS\System32\SHCORE.dll
0x00007ffec4f30000 - 0x00007ffec4f8d000 	C:\WINDOWS\System32\shlwapi.dll
0x00007ffec3530000 - 0x00007ffec355e000 	C:\WINDOWS\SYSTEM32\profapi.dll
0x00007ffebffc0000 - 0x00007ffebffcc000 	C:\Users\Public\wpilib\2025\jdk\bin\dt_socket.dll
0x00007ffec1e50000 - 0x00007ffec1e82000 	C:\WINDOWS\SYSTEM32\IPHLPAPI.DLL
0x00007ffec2960000 - 0x00007ffec29ca000 	C:\WINDOWS\system32\mswsock.dll
0x00007ffec1f40000 - 0x00007ffec2065000 	C:\WINDOWS\SYSTEM32\DNSAPI.dll
0x00007ffec4690000 - 0x00007ffec469a000 	C:\WINDOWS\System32\NSI.dll
0x00007ffebe380000 - 0x00007ffebe38b000 	C:\Windows\System32\rasadhlp.dll
0x00007ffeb0fd0000 - 0x00007ffeb1055000 	C:\WINDOWS\System32\fwpuclnt.dll
0x00007ffebe410000 - 0x00007ffebe429000 	C:\Users\Public\wpilib\2025\jdk\bin\net.dll
0x00007ffeb0e40000 - 0x00007ffeb0f5e000 	C:\WINDOWS\SYSTEM32\WINHTTP.dll
0x00007ffeac540000 - 0x00007ffeac556000 	C:\Users\Public\wpilib\2025\jdk\bin\nio.dll
0x00007ffeaa340000 - 0x00007ffeaa358000 	C:\Users\Public\wpilib\2025\jdk\bin\zip.dll
0x00007ffebffb0000 - 0x00007ffebffc0000 	C:\Robot-Source-Code-2025-Reefscape\build\jni\release\wpiutiljni.dll
0x00007ffe31eb0000 - 0x00007ffe3223c000 	C:\Robot-Source-Code-2025-Reefscape\build\jni\release\wpiutil.dll
0x00007ffe97ce0000 - 0x00007ffe97d23000 	C:\Robot-Source-Code-2025-Reefscape\build\jni\release\wpiHaljni.dll
0x00007ffe921d0000 - 0x00007ffe92273000 	C:\Robot-Source-Code-2025-Reefscape\build\jni\release\wpiHal.dll
0x00007ffe311a0000 - 0x00007ffe31ea3000 	C:\Robot-Source-Code-2025-Reefscape\build\jni\release\halsim_gui.dll
0x00007ffe8cc10000 - 0x00007ffe8ce1c000 	C:\Robot-Source-Code-2025-Reefscape\build\jni\release\wpimath.dll
0x00007ffe59e80000 - 0x00007ffe59ff5000 	C:\Robot-Source-Code-2025-Reefscape\build\jni\release\ntcore.dll
0x00007ffebeee0000 - 0x00007ffebf13e000 	C:\WINDOWS\SYSTEM32\d3d11.dll
0x00007ffe96b90000 - 0x00007ffe96bd1000 	C:\Users\Public\wpilib\2025\jdk\bin\MSVCP140_2.dll
0x00007ffe30de0000 - 0x00007ffe3119c000 	C:\Robot-Source-Code-2025-Reefscape\build\jni\release\wpinet.dll
0x00007ffebe5a0000 - 0x00007ffebea1f000 	C:\WINDOWS\SYSTEM32\D3DCOMPILER_47.dll
0x00007ffec0880000 - 0x00007ffec09ac000 	C:\WINDOWS\SYSTEM32\dxgi.dll
0x00007ffec2c10000 - 0x00007ffec2c2c000 	C:\WINDOWS\SYSTEM32\cryptsp.dll
0x00007ffec2a00000 - 0x00007ffec2a2b000 	C:\WINDOWS\SYSTEM32\USERENV.dll
0x00007ffec2c00000 - 0x00007ffec2c0c000 	C:\WINDOWS\SYSTEM32\CRYPTBASE.DLL
0x00007ffec0820000 - 0x00007ffec087c000 	C:\WINDOWS\SYSTEM32\directxdatabasehelper.dll
0x00007ffe92180000 - 0x00007ffe921cb000 	C:\WINDOWS\SYSTEM32\dinput8.dll
0x00007ffeaf6c0000 - 0x00007ffeaf6d2000 	C:\WINDOWS\SYSTEM32\xinput1_4.dll
0x00007ffec3130000 - 0x00007ffec318f000 	C:\WINDOWS\SYSTEM32\cfgmgr32.dll
0x00007ffec31a0000 - 0x00007ffec31cd000 	C:\WINDOWS\SYSTEM32\DEVOBJ.dll
0x00007ffec09d0000 - 0x00007ffec09fe000 	C:\WINDOWS\SYSTEM32\dwmapi.dll
0x00007ffeaae20000 - 0x00007ffeaaffe000 	C:\WINDOWS\SYSTEM32\inputhost.dll
0x00007ffebf9f0000 - 0x00007ffebfb16000 	C:\WINDOWS\SYSTEM32\CoreMessaging.dll
0x00007ffec06e0000 - 0x00007ffec078d000 	C:\WINDOWS\system32\uxtheme.dll
0x00007ffec40c0000 - 0x00007ffec421c000 	C:\WINDOWS\System32\MSCTF.dll
0x00007ffeac180000 - 0x00007ffeac2c6000 	C:\WINDOWS\SYSTEM32\textinputframework.dll
0x00007ffebb840000 - 0x00007ffebbb23000 	C:\WINDOWS\SYSTEM32\CoreUIComponents.dll
0x00007ffebb6d0000 - 0x00007ffebb838000 	C:\WINDOWS\SYSTEM32\wintypes.dll
0x00007ffea2cb0000 - 0x00007ffea2d2c000 	C:\WINDOWS\system32\Oleacc.dll
0x00007ffec07d0000 - 0x00007ffec0817000 	C:\WINDOWS\SYSTEM32\dxcore.dll
0x00007ffebb0d0000 - 0x00007ffebb507000 	C:\WINDOWS\System32\DriverStore\FileRepository\iigd_dch.inf_amd64_c73cfa60d516cb00\igd10iumd64.dll
0x00007ffec0240000 - 0x00007ffec02dc000 	C:\WINDOWS\SYSTEM32\apphelp.dll
0x00007ffeb9650000 - 0x00007ffebaecb000 	C:\WINDOWS\System32\DriverStore\FileRepository\iigd_dch.inf_amd64_c73cfa60d516cb00\igd10um64xe.DLL
0x00007ffec3620000 - 0x00007ffec3796000 	C:\WINDOWS\System32\CRYPT32.dll
0x00007ffec4d90000 - 0x00007ffec4f25000 	C:\WINDOWS\System32\ole32.dll
0x00007ffec2dd0000 - 0x00007ffec2df6000 	C:\WINDOWS\SYSTEM32\bcrypt.dll
0x00007ffeb94b0000 - 0x00007ffeb94eb000 	C:\WINDOWS\SYSTEM32\ControlLib.dll
0x00007ffec4760000 - 0x00007ffec4be6000 	C:\WINDOWS\System32\SETUPAPI.dll
0x00007ffeb93b0000 - 0x00007ffeb9426000 	C:\WINDOWS\System32\DriverStore\FileRepository\iigd_dch.inf_amd64_c73cfa60d516cb00\IntelControlLib.dll
0x00007ffec3ed0000 - 0x00007ffec3f4f000 	C:\WINDOWS\System32\WINTRUST.dll
0x00007ffec2c70000 - 0x00007ffec2c83000 	C:\WINDOWS\SYSTEM32\MSASN1.dll
0x00007ffeb8f30000 - 0x00007ffeb9345000 	C:\WINDOWS\System32\DriverStore\FileRepository\iigd_dch.inf_amd64_c73cfa60d516cb00\igdgmm64.dll
0x00007ffeb49b0000 - 0x00007ffeb8f2f000 	C:\WINDOWS\System32\DriverStore\FileRepository\iigd_dch.inf_amd64_c73cfa60d516cb00\igc64.dll
0x00007ffe8cbd0000 - 0x00007ffe8cc0c000 	C:\Robot-Source-Code-2025-Reefscape\build\jni\release\ntcorejni.dll
0x00007ffec1b30000 - 0x00007ffec1b3f000 	C:\WINDOWS\SYSTEM32\HID.DLL
0x00007ffec46b0000 - 0x00007ffec4758000 	C:\WINDOWS\System32\clbcatq.dll
0x00007ffe90030000 - 0x00007ffe90074000 	C:\Windows\System32\deviceaccess.dll
0x00007ffec0580000 - 0x00007ffec0589000 	C:\Users\Public\wpilib\2025\jdk\bin\management.dll
0x00007ffeb1810000 - 0x00007ffeb181b000 	C:\Users\Public\wpilib\2025\jdk\bin\management_ext.dll
0x00007ffec46a0000 - 0x00007ffec46a8000 	C:\WINDOWS\System32\PSAPI.DLL
0x00007ffea9a30000 - 0x00007ffea9a48000 	C:\Robot-Source-Code-2025-Reefscape\build\jni\release\photontargeting.dll
0x00007ffeb1910000 - 0x00007ffeb191a000 	C:\Robot-Source-Code-2025-Reefscape\build\jni\release\photontargetingJNI.dll
0x00007ffe5a0d0000 - 0x00007ffe5a17e000 	C:\Robot-Source-Code-2025-Reefscape\build\jni\release\cscore.dll
0x00007ffe37d60000 - 0x00007ffe380d2000 	C:\Robot-Source-Code-2025-Reefscape\build\jni\release\opencv_core4100.dll
0x00007ffe59d10000 - 0x00007ffe59e79000 	C:\Robot-Source-Code-2025-Reefscape\build\jni\release\opencv_imgcodecs4100.dll
0x00007ffe30820000 - 0x00007ffe30dda000 	C:\Robot-Source-Code-2025-Reefscape\build\jni\release\opencv_imgproc4100.dll
0x00007ffead570000 - 0x00007ffead77d000 	C:\WINDOWS\SYSTEM32\MFPlat.DLL
0x00007ffeae260000 - 0x00007ffeae2e7000 	C:\WINDOWS\SYSTEM32\MF.dll
0x00007ffea7670000 - 0x00007ffea76bd000 	C:\Users\Public\wpilib\2025\jdk\bin\CONCRT140.dll
0x00007ffe9ff90000 - 0x00007ffea0062000 	C:\WINDOWS\SYSTEM32\MFReadWrite.dll
0x00007ffeade50000 - 0x00007ffeae25c000 	C:\WINDOWS\SYSTEM32\MFCORE.DLL
0x00007ffead520000 - 0x00007ffead561000 	C:\WINDOWS\SYSTEM32\RTWorkQ.DLL
0x00007ffea40e0000 - 0x00007ffea4108000 	C:\Robot-Source-Code-2025-Reefscape\build\jni\release\cscorejni.dll
0x00007ffe4ad00000 - 0x00007ffe4af08000 	C:\Robot-Source-Code-2025-Reefscape\build\jni\release\opencv_java4100.dll
0x00007ffe59b10000 - 0x00007ffe59bb3000 	C:\Robot-Source-Code-2025-Reefscape\build\jni\release\opencv_ml4100.dll
0x00007ffe48e50000 - 0x00007ffe48f1a000 	C:\Robot-Source-Code-2025-Reefscape\build\jni\release\opencv_photo4100.dll
0x00007ffe4b6b0000 - 0x00007ffe4b760000 	C:\Robot-Source-Code-2025-Reefscape\build\jni\release\opencv_video4100.dll
0x00007ffe8a140000 - 0x00007ffe8a178000 	C:\Robot-Source-Code-2025-Reefscape\build\jni\release\opencv_aruco4100.dll
0x00007ffe4b5f0000 - 0x00007ffe4b6a3000 	C:\Robot-Source-Code-2025-Reefscape\build\jni\release\opencv_videoio4100.dll
0x00007ffe46210000 - 0x00007ffe46361000 	C:\Robot-Source-Code-2025-Reefscape\build\jni\release\opencv_objdetect4100.dll
0x00007ffe2c880000 - 0x00007ffe2cb66000 	C:\Robot-Source-Code-2025-Reefscape\build\jni\release\opencv_calib3d4100.dll
0x00007ffe304a0000 - 0x00007ffe30815000 	C:\Robot-Source-Code-2025-Reefscape\build\jni\release\opencv_dnn4100.dll
0x00007ffe45aa0000 - 0x00007ffe45b73000 	C:\Robot-Source-Code-2025-Reefscape\build\jni\release\opencv_features2d4100.dll
0x00007ffe88be0000 - 0x00007ffe88c75000 	C:\Robot-Source-Code-2025-Reefscape\build\jni\release\opencv_flann4100.dll
0x00007ffeb1110000 - 0x00007ffeb111e000 	C:\WINDOWS\SYSTEM32\WINNSI.DLL
0x00007ffeb0fa0000 - 0x00007ffeb0fbf000 	C:\WINDOWS\SYSTEM32\dhcpcsvc6.DLL

dbghelp: loaded successfully - version: 4.0.5 - missing functions: none
symbol engine: initialized successfully - sym options: 0x614 - pdb path: .;C:\Users\Public\wpilib\2025\jdk\bin;C:\WINDOWS\SYSTEM32;C:\WINDOWS\WinSxS\amd64_microsoft.windows.common-controls_6595b64144ccf1df_6.0.26100.3037_none_3e09262ce333c378;C:\Users\Public\wpilib\2025\jdk\bin\server;C:\Robot-Source-Code-2025-Reefscape\build\jni\release;C:\WINDOWS\System32\DriverStore\FileRepository\iigd_dch.inf_amd64_c73cfa60d516cb00

VM Arguments:
jvm_args: -agentlib:jdwp=transport=dt_socket,server=n,suspend=y,address=localhost:52916 -Djava.library.path=C:\Robot-Source-Code-2025-Reefscape\build\jni\release -XX:+ShowCodeDetailsInExceptionMessages 
java_command: frc.robot.Main
java_class_path (initial): C:\Robot-Source-Code-2025-Reefscape\bin\main;C:\Robot-Source-Code-2025-Reefscape\bin\default;C:\Users\rossj\.gradle\caches\modules-2\files-2.1\edu.wpi.first.wpilibj\wpilibj-java\2025.3.1\34e0478f25e00bb66271b1da50686e746568f0a8\wpilibj-java-2025.3.1.jar;C:\Users\rossj\.gradle\caches\modules-2\files-2.1\edu.wpi.first.wpimath\wpimath-java\2025.3.1\807789039e0e9ab8d58aa619627c510bdb47f4ed\wpimath-java-2025.3.1.jar;C:\Users\rossj\.gradle\caches\modules-2\files-2.1\edu.wpi.first.ntcore\ntcore-java\2025.3.1\74d9c268b73771d0cd560cc56b2e750d6fa4e9bc\ntcore-java-2025.3.1.jar;C:\Users\rossj\.gradle\caches\modules-2\files-2.1\edu.wpi.first.cscore\cscore-java\2025.3.1\d0e76f8604526a30ef9d49035fa4a05c891d6ba\cscore-java-2025.3.1.jar;C:\Users\rossj\.gradle\caches\modules-2\files-2.1\edu.wpi.first.cameraserver\cameraserver-java\2025.3.1\c38b7a6075ca26b0cfbaa3f84489a793aeea1ba4\cameraserver-java-2025.3.1.jar;C:\Users\rossj\.gradle\caches\modules-2\files-2.1\edu.wpi.first.hal\hal-java\2025.3.1\6f68e0cf86c7203242551534a17a6ec4bf4c4c3b\hal-java-2025.3.1.jar;C:\Users\rossj\.gradle\caches\modules-2\files-2.1\edu.wpi.first.wpinet\wpinet-java\2025.3.1\3300ca8e6841f0a9455e4db73931cade6248d9e\wpinet-java-2025.3.1.jar;C:\Users\rossj\.gradle\caches\modules-2\files-2.1\edu.wpi.first.wpiutil\wpiutil-java\2025.3.1\2c356ade3ac094a289be12f99a84ce04d866d911\wpiutil-java-2025.3.1.jar;C:\Users\rossj\.gradle\caches\modules-2\files-2.1\edu.wpi.first.apriltag\apriltag-java\2025.3.1\933cc45344cfeb3cab0b50ebe266998fbf291182\apriltag-java-2025.3.1.jar;C:\Users\rossj\.gradle\caches\modules-2\files-2.1\edu.wpi.first.wpiunits\wpiunits-java\2025.3.1\e3ed8081ed3150770562858e6fb82367e0cbfe9a\wpiunits-java-2025.3.1.jar;C:\Users\rossj\.gradle\caches\modules-2\files-2.1\edu.wpi.first.epilogue\epilogue-runtime-java\2025.3.1\1893f52706c36e8280c63e9349fdd4773c2035a8\epilogue-runtime-java-2025.3.1.jar;C:\Users\Public\wpilib\2025\maven\edu\wpi\first\thirdparty\frc2025\opencv\opencv-java\4.10
Launcher Type: SUN_STANDARD

[Global flags]
     intx CICompilerCount                          = 4                                         {product} {ergonomic}
     uint ConcGCThreads                            = 3                                         {product} {ergonomic}
     uint G1ConcRefinementThreads                  = 10                                        {product} {ergonomic}
   size_t G1HeapRegionSize                         = 4194304                                   {product} {ergonomic}
    uintx GCDrainStackTargetSize                   = 64                                        {product} {ergonomic}
   size_t InitialHeapSize                          = 532676608                                 {product} {ergonomic}
   size_t MarkStackSize                            = 4194304                                   {product} {ergonomic}
   size_t MaxHeapSize                              = 8510242816                                {product} {ergonomic}
   size_t MaxNewSize                               = 5104467968                                {product} {ergonomic}
   size_t MinHeapDeltaBytes                        = 4194304                                   {product} {ergonomic}
   size_t MinHeapSize                              = 8388608                                   {product} {ergonomic}
    uintx NonNMethodCodeHeapSize                   = 5839372                                {pd product} {ergonomic}
    uintx NonProfiledCodeHeapSize                  = 122909434                              {pd product} {ergonomic}
    uintx ProfiledCodeHeapSize                     = 122909434                              {pd product} {ergonomic}
    uintx ReservedCodeCacheSize                    = 251658240                              {pd product} {ergonomic}
     bool SegmentedCodeCache                       = true                                      {product} {ergonomic}
     bool ShowCodeDetailsInExceptionMessages       = true                                   {manageable} {command line}
   size_t SoftMaxHeapSize                          = 8510242816                             {manageable} {ergonomic}
     bool UseCompressedClassPointers               = true                           {product lp64_product} {ergonomic}
     bool UseCompressedOops                        = true                           {product lp64_product} {ergonomic}
     bool UseG1GC                                  = true                                      {product} {ergonomic}
     bool UseLargePagesIndividualAllocation        = false                                  {pd product} {ergonomic}

Logging:
Log output configuration:
 #0: stdout all=warning uptime,level,tags
 #1: stderr all=off uptime,level,tags

Environment Variables:
JAVA_HOME=C:\Users\Public\wpilib\2025\jdk
PATH=C:\Robot-Source-Code-2025-Reefscape\build\jni\release;C:\WINDOWS\system32\
USERNAME=rossj
LANG=en_US.UTF-8
OS=Windows_NT
PROCESSOR_IDENTIFIER=Intel64 Family 6 Model 186 Stepping 3, GenuineIntel
TMP=C:\Users\rossj\AppData\Local\Temp
TEMP=C:\Users\rossj\AppData\Local\Temp



Periodic native trim disabled


---------------  S Y S T E M  ---------------

OS:
 Windows 11 , 64 bit Build 26100 (10.0.26100.3037)
OS uptime: 0 days 14:07 hours
Hyper-V role detected

CPU: total 12 (initial active 12) (6 cores per cpu, 2 threads per core) family 6 model 186 stepping 3 microcode 0x410e, cx8, cmov, fxsr, ht, mmx, 3dnowpref, sse, sse2, sse3, ssse3, sse4.1, sse4.2, popcnt, lzcnt, tsc, tscinvbit, avx, avx2, aes, erms, clmul, bmi1, bmi2, adx, sha, fma, vzeroupper, clflush, clflushopt, clwb, hv
Processor Information for processor 0
  Max Mhz: 1700, Current Mhz: 1700, Mhz Limit: 1700
Processor Information for processor 1
  Max Mhz: 1700, Current Mhz: 1700, Mhz Limit: 1700
Processor Information for processor 2
  Max Mhz: 1700, Current Mhz: 1700, Mhz Limit: 1700
Processor Information for processor 3
  Max Mhz: 1700, Current Mhz: 1700, Mhz Limit: 1700
Processor Information for processor 4
  Max Mhz: 1700, Current Mhz: 1200, Mhz Limit: 1190
Processor Information for processor 5
  Max Mhz: 1700, Current Mhz: 1200, Mhz Limit: 1190
Processor Information for processor 6
  Max Mhz: 1700, Current Mhz: 1200, Mhz Limit: 1190
Processor Information for processor 7
  Max Mhz: 1700, Current Mhz: 1200, Mhz Limit: 1190
Processor Information for processor 8
  Max Mhz: 1700, Current Mhz: 1200, Mhz Limit: 1190
Processor Information for processor 9
  Max Mhz: 1700, Current Mhz: 1200, Mhz Limit: 1190
Processor Information for processor 10
  Max Mhz: 1700, Current Mhz: 1200, Mhz Limit: 1190
Processor Information for processor 11
  Max Mhz: 1700, Current Mhz: 1200, Mhz Limit: 1190

Memory: 4k page, system-wide physical 32455M (17187M free)
TotalPageFile size 34503M (AvailPageFile size 14649M)
current process WorkingSet (physical memory assigned to process): 584M, peak: 744M
current process commit charge ("private bytes"): 915M, peak: 1071M

vm_info: OpenJDK 64-Bit Server VM (17.0.12+7) for windows-amd64 JRE (17.0.12+7), built on Jul 16 2024 22:08:24 by "admin" with MS VC++ 16.10 / 16.11 (VS2019)

END.
