#
# A fatal error has been detected by the Java Runtime Environment:
#
#  EXCEPTION_ACCESS_VIOLATION (0xc0000005) at pc=0x00007ffe288a9436, pid=15312, tid=20084
#
# JRE version: OpenJDK Runtime Environment Temurin-17.0.12+7 (17.0.12+7) (build 17.0.12+7)
# Java VM: OpenJDK 64-Bit Server VM Temurin-17.0.12+7 (17.0.12+7, mixed mode, sharing, tiered, compressed oops, compressed class ptrs, g1 gc, windows-amd64)
# Problematic frame:
# C  [halsim_gui.dll+0x89436]
#
# No core dump will be written. Minidumps are not enabled by default on client versions of Windows
#
# If you would like to submit a bug report, please visit:
#   https://github.com/adoptium/adoptium-support/issues
# The crash happened outside the Java Virtual Machine in native code.
# See problematic frame for where to report the bug.
#

---------------  S U M M A R Y ------------

Command Line: -agentlib:jdwp=transport=dt_socket,server=n,suspend=y,address=localhost:62780 -Djava.library.path=C:\Robot-Source-Code-2025-Reefscape\build\jni\release -XX:+ShowCodeDetailsInExceptionMessages frc.robot.Main

Host: 13th Gen Intel(R) Core(TM) i7-1355U, 12 cores, 31G,  Windows 11 , 64 bit Build 26100 (10.0.26100.3037)
Time: Mon Mar 10 22:37:05 2025 Eastern Daylight Time elapsed time: 75.880884 seconds (0d 0h 1m 15s)

---------------  T H R E A D  ---------------

Current thread (0x000001d2d8974e60):  JavaThread "main" [_thread_in_native, id=20084, stack(0x000000bfcf300000,0x000000bfcf400000)]

Stack: [0x000000bfcf300000,0x000000bfcf400000],  sp=0x000000bfcf3fea20,  free space=1018k
Native frames: (J=compiled Java code, j=interpreted, Vv=VM code, C=native code)
C  [halsim_gui.dll+0x89436]

Java frames: (J=compiled Java code, j=interpreted, Vv=VM code)
j  edu.wpi.first.hal.HAL.runMain()V+0
j  edu.wpi.first.wpilibj.RobotBase.startRobot(Ljava/util/function/Supplier;)V+85
j  frc.robot.Main.main([Ljava/lang/String;)V+5
v  ~StubRoutines::call_stub

siginfo: EXCEPTION_ACCESS_VIOLATION (0xc0000005), reading address 0x0000000000000000


Registers:
RAX=0x000000bfcf3feb08, RBX=0x0000000000000000, RCX=0x0000000000000000, RDX=0x0000000000000040
RSP=0x000000bfcf3fea20, RBP=0x000000bfcf3feb79, RSI=0x00007ffe2950d750, RDI=0x000001d30d3a4200
R8 =0x0000000000000000, R9 =0x0000000000000040, R10=0x000001d2d65f0000, R11=0x00007ffebe4806f1
R12=0x0000000000000000, R13=0x000001d2c936c140, R14=0x0000000000000000, R15=0x00007ffe294fc398
RIP=0x00007ffe288a9436, EFLAGS=0x0000000000010202


Register to memory mapping:

RIP=0x00007ffe288a9436 halsim_gui.dll
RAX=0x000000bfcf3feb08 is pointing into the stack for thread: 0x000001d2d8974e60
RBX=0x0 is NULL
RCX=0x0 is NULL
RDX=0x0000000000000040 is an unknown value
RSP=0x000000bfcf3fea20 is pointing into the stack for thread: 0x000001d2d8974e60
RBP=0x000000bfcf3feb79 is pointing into the stack for thread: 0x000001d2d8974e60
RSI=0x00007ffe2950d750 halsim_gui.dll
RDI=0x000001d30d3a4200 points into unknown readable memory: 0x000001d2fff5a960 | 60 a9 f5 ff d2 01 00 00
R8 =0x0 is NULL
R9 =0x0000000000000040 is an unknown value
R10=0x000001d2d65f0000 points into unknown readable memory: 0x0000000000000000 | 00 00 00 00 00 00 00 00
R11=0x00007ffebe4806f1 VCRUNTIME140.dll
R12=0x0 is NULL
R13=0x000001d2c936c140 points into unknown readable memory: 0x00007ffe2898fb60 | 60 fb 98 28 fe 7f 00 00
R14=0x0 is NULL
R15=0x00007ffe294fc398 halsim_gui.dll


Top of Stack: (sp=0x000000bfcf3fea20)
0x000000bfcf3fea20:   000001d300184e30 000000bfcf3feaa9
0x000000bfcf3fea30:   00007ffe2899357f 000000bfcf3febb0
0x000000bfcf3fea40:   000001d300000000 000000006b9d3a7d
0x000000bfcf3fea50:   4188000000000201 44f1400043240000
0x000000bfcf3fea60:   43a98000448da000 43b18000449c2000
0x000000bfcf3fea70:   00000000445c8000 0000000000000000
0x000000bfcf3fea80:   c010000000000000 0000000000000000
0x000000bfcf3fea90:   c010000000000000 0000000000000000
0x000000bfcf3feaa0:   3eb0c6f7a0b5ed8d 0000000000000000
0x000000bfcf3feab0:   0000000043da0000 0000000000000000
0x000000bfcf3feac0:   400921fb54442d18 0000000000000000
0x000000bfcf3fead0:   0000000000000000 0000000000000000
0x000000bfcf3feae0:   000000003f800000 0000000000000000
0x000000bfcf3feaf0:   00007ffe294fc398 00007ffe294fc300
0x000000bfcf3feb00:   000001d30d3a4200 00007ffe288a6d6a
0x000000bfcf3feb10:   00007ffe2950d750 0000000000000000
0x000000bfcf3feb20:   00007ffe2950d750 4180000042e80000
0x000000bfcf3feb30:   0000000000000000 0000000000000000
0x000000bfcf3feb40:   000000003f800000 0000000000000000
0x000000bfcf3feb50:   000001d2c936c140 000001d2c936c140
0x000000bfcf3feb60:   000001d2ca40d320 0000000000000000
0x000000bfcf3feb70:   000001d2c93f3c30 000000005cb512f5
0x000000bfcf3feb80:   000001d30d3a4200 00007ffe288ee0d1
0x000000bfcf3feb90:   0000000000000141 0000000000000012
0x000000bfcf3feba0:   00007ffe29278010 0000000004200141
0x000000bfcf3febb0:   000001d2c936c140 000001d2c936c140
0x000000bfcf3febc0:   000001d2ca40d320 0000000000000000
0x000000bfcf3febd0:   000001d30d3a4200 00007ffe288a67aa
0x000000bfcf3febe0:   00007ffe2950d750 0000000000000000
0x000000bfcf3febf0:   00007ffe2950d750 000001d30d3a4200
0x000000bfcf3fec00:   000000bf00000000 000000bf00000000
0x000000bfcf3fec10:   000000003f800000 00007ffe28945b70 

Instructions: (pc=0x00007ffe288a9436)
0x00007ffe288a9336:   00 f2 0f 5e 05 21 a4 0e 00 eb 1e f2 0f 10 44 24
0x00007ffe288a9346:   48 f2 0f 59 05 21 a4 0e 00 f2 0f 5e 05 11 a4 0e
0x00007ffe288a9356:   00 eb 06 f2 0f 10 44 24 48 8b 44 24 68 48 8d 54
0x00007ffe288a9366:   24 48 89 44 24 28 48 8b 44 24 60 48 89 44 24 20
0x00007ffe288a9376:   f2 0f 11 44 24 48 e8 8f d6 02 00 84 c0 74 6b 8b
0x00007ffe288a9386:   0d b5 43 c6 00 85 c9 74 4f 83 e9 01 74 28 83 f9
0x00007ffe288a9396:   01 75 45 f2 0f 10 44 24 48 0f b6 c1 f2 0f 59 05
0x00007ffe288a93a6:   b6 a3 0e 00 f2 0f 5e 05 c6 a3 0e 00 f2 0f 11 03
0x00007ffe288a93b6:   48 83 c4 30 5b c3 f2 0f 10 44 24 48 b0 01 f2 0f
0x00007ffe288a93c6:   59 05 9c a3 0e 00 f2 0f 5e 05 9c a3 0e 00 f2 0f
0x00007ffe288a93d6:   11 03 48 83 c4 30 5b c3 f2 0f 10 44 24 48 b0 01
0x00007ffe288a93e6:   f2 0f 11 03 48 83 c4 30 5b c3 32 c0 48 83 c4 30
0x00007ffe288a93f6:   5b c3 cc cc cc cc cc cc cc cc 48 8b c4 48 89 58
0x00007ffe288a9406:   10 48 89 70 18 57 41 56 41 57 48 81 ec d0 00 00
0x00007ffe288a9416:   00 0f 29 70 d8 0f 29 78 c8 44 0f 29 40 b8 44 0f
0x00007ffe288a9426:   29 48 a8 44 0f 29 50 98 44 0f 29 58 88 4c 8b f1
0x00007ffe288a9436:   48 8b 39 48 8b 59 08 33 d2 f2 0f 10 05 e1 67 0e
0x00007ffe288a9446:   00 e8 64 6d fc ff 44 0f 28 d8 f2 44 0f 59 1d cf
0x00007ffe288a9456:   67 0e 00 f2 41 0f 10 7e 10 f2 0f 59 3d c9 67 0e
0x00007ffe288a9466:   00 f2 41 0f 5e fb 48 89 bc 24 f0 00 00 00 8b 0d
0x00007ffe288a9476:   c6 42 c6 00 f2 44 0f 10 0d f5 a2 0e 00 f2 44 0f
0x00007ffe288a9486:   10 15 d4 a2 0e 00 f2 0f 10 35 dc a2 0e 00 f2 44
0x00007ffe288a9496:   0f 10 05 cb a2 0e 00 85 c9 74 33 83 e9 01 74 1a
0x00007ffe288a94a6:   83 f9 01 75 29 f2 0f 10 84 24 f0 00 00 00 f2 41
0x00007ffe288a94b6:   0f 59 c1 f2 41 0f 5e c2 eb 1d f2 0f 10 84 24 f0
0x00007ffe288a94c6:   00 00 00 f2 0f 59 c6 f2 41 0f 5e c0 eb 09 f2 0f
0x00007ffe288a94d6:   10 84 24 f0 00 00 00 f2 0f 11 84 24 f0 00 00 00
0x00007ffe288a94e6:   c7 44 24 28 00 00 00 00 4c 8d 3d 6f 2d 0e 00 4c
0x00007ffe288a94f6:   89 7c 24 20 0f 57 db 0f 57 d2 48 8d 94 24 f0 00
0x00007ffe288a9506:   00 00 48 8d 0d c9 9a 0e 00 e8 fc d4 02 00 8b 0d
0x00007ffe288a9516:   26 42 c6 00 84 c0 0f 84 80 00 00 00 8b d1 85 c9
0x00007ffe288a9526:   74 5b 83 ea 01 74 2e 83 fa 01 75 51 f2 0f 10 84 


Stack slot to memory mapping:
stack at sp + 0 slots: 0x000001d300184e30 points into unknown readable memory: 0x000001d2c93f3c30 | 30 3c 3f c9 d2 01 00 00
stack at sp + 1 slots: 0x000000bfcf3feaa9 is pointing into the stack for thread: 0x000001d2d8974e60
stack at sp + 2 slots: 0x00007ffe2899357f halsim_gui.dll
stack at sp + 3 slots: 0x000000bfcf3febb0 is pointing into the stack for thread: 0x000001d2d8974e60
stack at sp + 4 slots: 0x000001d300000000 points into unknown readable memory: 0xffffffffffffffff | ff ff ff ff ff ff ff ff
stack at sp + 5 slots: 0x000000006b9d3a7d is an unknown value
stack at sp + 6 slots: 0x4188000000000201 is an unknown value
stack at sp + 7 slots: 0x44f1400043240000 is an unknown value


---------------  P R O C E S S  ---------------

Threads class SMR info:
_java_thread_list=0x000001d30b3aee60, length=24, elements={
0x000001d2d8974e60, 0x000001d2faa37af0, 0x000001d2faa386b0, 0x000001d2faa4c550,
0x000001d2faa53130, 0x000001d2faa55b00, 0x000001d2faa56c60, 0x000001d2faa57a00,
0x000001d2faa59ad0, 0x000001d2faa5b3f0, 0x000001d2c91d8bc0, 0x000001d2c91d9c60,
0x000001d2c91ea170, 0x000001d2c91f0a00, 0x000001d2c91f4bc0, 0x000001d2cedc39a0,
0x000001d2ffe1e020, 0x000001d2ffe1ea40, 0x000001d2ffe1ef50, 0x000001d2ffe20390,
0x000001d2ffe1f460, 0x000001d2ffe1e530, 0x000001d2ffe1f970, 0x000001d30ce4ec50
}

Java Threads: ( => current thread )
=>0x000001d2d8974e60 JavaThread "main" [_thread_in_native, id=20084, stack(0x000000bfcf300000,0x000000bfcf400000)]
  0x000001d2faa37af0 JavaThread "Reference Handler" daemon [_thread_blocked, id=5568, stack(0x000000bfcfa00000,0x000000bfcfb00000)]
  0x000001d2faa386b0 JavaThread "Finalizer" daemon [_thread_blocked, id=27164, stack(0x000000bfcfb00000,0x000000bfcfc00000)]
  0x000001d2faa4c550 JavaThread "Signal Dispatcher" daemon [_thread_blocked, id=14176, stack(0x000000bfcfc00000,0x000000bfcfd00000)]
  0x000001d2faa53130 JavaThread "Attach Listener" daemon [_thread_blocked, id=20276, stack(0x000000bfcfd00000,0x000000bfcfe00000)]
  0x000001d2faa55b00 JavaThread "Service Thread" daemon [_thread_blocked, id=17452, stack(0x000000bfcfe00000,0x000000bfcff00000)]
  0x000001d2faa56c60 JavaThread "Monitor Deflation Thread" daemon [_thread_blocked, id=14972, stack(0x000000bfcff00000,0x000000bfd0000000)]
  0x000001d2faa57a00 JavaThread "C2 CompilerThread0" daemon [_thread_blocked, id=24956, stack(0x000000bfd0000000,0x000000bfd0100000)]
  0x000001d2faa59ad0 JavaThread "C1 CompilerThread0" daemon [_thread_blocked, id=8300, stack(0x000000bfd0100000,0x000000bfd0200000)]
  0x000001d2faa5b3f0 JavaThread "Sweeper thread" daemon [_thread_blocked, id=18264, stack(0x000000bfd0200000,0x000000bfd0300000)]
  0x000001d2c91d8bc0 JavaThread "JDWP Transport Listener: dt_socket" daemon [_thread_blocked, id=25024, stack(0x000000bfd0300000,0x000000bfd0400000)]
  0x000001d2c91d9c60 JavaThread "JDWP Event Helper Thread" daemon [_thread_blocked, id=17760, stack(0x000000bfd0400000,0x000000bfd0500000)]
  0x000001d2c91ea170 JavaThread "JDWP Command Reader" daemon [_thread_in_native, id=15424, stack(0x000000bfd0500000,0x000000bfd0600000)]
  0x000001d2c91f0a00 JavaThread "Notification Thread" daemon [_thread_blocked, id=18620, stack(0x000000bfd0600000,0x000000bfd0700000)]
  0x000001d2c91f4bc0 JavaThread "Common-Cleaner" daemon [_thread_blocked, id=23768, stack(0x000000bfd0800000,0x000000bfd0900000)]
  0x000001d2cedc39a0 JavaThread "robot main" daemon [_thread_in_native, id=18192, stack(0x000000bfd0e00000,0x000000bfd0f00000)]
  0x000001d2ffe1e020 JavaThread "NTListener" daemon [_thread_in_native, id=3240, stack(0x000000bfd3100000,0x000000bfd3200000)]
  0x000001d2ffe1ea40 JavaThread "Thread-0" daemon [_thread_in_native, id=11200, stack(0x000000bfd3200000,0x000000bfd3300000)]
  0x000001d2ffe1ef50 JavaThread "VideoListener" daemon [_thread_in_native, id=23076, stack(0x000000bfd4000000,0x000000bfd4100000)]
  0x000001d2ffe20390 JavaThread "CSListener" daemon [_thread_in_native, id=7684, stack(0x000000bfd3f00000,0x000000bfd4000000)]
  0x000001d2ffe1f460 JavaThread "Notifier" daemon [_thread_in_native, id=9832, stack(0x000000bfd3400000,0x000000bfd3500000)]
  0x000001d2ffe1e530 JavaThread "Notifier" daemon [_thread_in_native, id=26268, stack(0x000000bfd5200000,0x000000bfd5300000)]
  0x000001d2ffe1f970 JavaThread "AdvantageKit_LogReceiver" daemon [_thread_blocked, id=19756, stack(0x000000bfd5400000,0x000000bfd5500000)]
  0x000001d30ce4ec50 JavaThread "ADStar Planning Thread" daemon [_thread_blocked, id=26080, stack(0x000000bfd5900000,0x000000bfd5a00000)]

Other Threads:
  0x000001d2faa2a890 VMThread "VM Thread" [stack: 0x000000bfcf900000,0x000000bfcfa00000] [id=5680]
  0x000001d2c91f0ee0 WatcherThread [stack: 0x000000bfd0700000,0x000000bfd0800000] [id=10004]
  0x000001d2d8a29c90 GCTaskThread "GC Thread#0" [stack: 0x000000bfcf400000,0x000000bfcf500000] [id=10820]
  0x000001d30038c3a0 GCTaskThread "GC Thread#1" [stack: 0x000000bfd3500000,0x000000bfd3600000] [id=2460]
  0x000001d30038c920 GCTaskThread "GC Thread#2" [stack: 0x000000bfd3600000,0x000000bfd3700000] [id=9896]
  0x000001d30038be20 GCTaskThread "GC Thread#3" [stack: 0x000000bfd3700000,0x000000bfd3800000] [id=9736]
  0x000001d30038d6e0 GCTaskThread "GC Thread#4" [stack: 0x000000bfd3800000,0x000000bfd3900000] [id=8488]
  0x000001d30038df20 GCTaskThread "GC Thread#5" [stack: 0x000000bfd3900000,0x000000bfd3a00000] [id=7216]
  0x000001d30038d420 GCTaskThread "GC Thread#6" [stack: 0x000000bfd3a00000,0x000000bfd3b00000] [id=23016]
  0x000001d30038dc60 GCTaskThread "GC Thread#7" [stack: 0x000000bfd3b00000,0x000000bfd3c00000] [id=11752]
  0x000001d30038ece0 GCTaskThread "GC Thread#8" [stack: 0x000000bfd3c00000,0x000000bfd3d00000] [id=19748]
  0x000001d30038b8a0 GCTaskThread "GC Thread#9" [stack: 0x000000bfd3d00000,0x000000bfd3e00000] [id=5552]
  0x000001d2d8a2ea40 ConcurrentGCThread "G1 Main Marker" [stack: 0x000000bfcf500000,0x000000bfcf600000] [id=25324]
  0x000001d2fa87d1d0 ConcurrentGCThread "G1 Conc#0" [stack: 0x000000bfcf600000,0x000000bfcf700000] [id=24112]
  0x000001d2fa960510 ConcurrentGCThread "G1 Refine#0" [stack: 0x000000bfcf700000,0x000000bfcf800000] [id=19156]
  0x000001d2fa961f50 ConcurrentGCThread "G1 Service" [stack: 0x000000bfcf800000,0x000000bfcf900000] [id=24636]

Threads with active compile tasks:

VM state: not at safepoint (normal execution)

VM Mutex/Monitor currently owned by a thread: None

Heap address: 0x0000000604c00000, size: 8116 MB, Compressed Oops mode: Zero based, Oop shift amount: 3

CDS archive(s) mapped at: [0x000001d288000000-0x000001d288bb0000-0x000001d288bb0000), size 12255232, SharedBaseAddress: 0x000001d288000000, ArchiveRelocationMode: 1.
Compressed class space mapped at: 0x000001d289000000-0x000001d2c9000000, reserved size: 1073741824
Narrow klass base: 0x000001d288000000, Narrow klass shift: 0, Narrow klass range: 0x100000000

GC Precious Log:
 CPUs: 12 total, 12 available
 Memory: 32455M
 Large Page Support: Disabled
 NUMA Support: Disabled
 Compressed Oops: Enabled (Zero based)
 Heap Region Size: 4M
 Heap Min Capacity: 8M
 Heap Initial Capacity: 508M
 Heap Max Capacity: 8116M
 Pre-touch: Disabled
 Parallel Workers: 10
 Concurrent Workers: 3
 Concurrent Refinement Workers: 10
 Periodic GC: Disabled

Heap:
 garbage-first heap   total 520192K, used 99165K [0x0000000604c00000, 0x0000000800000000)
  region size 4096K, 24 young (98304K), 1 survivors (4096K)
 Metaspace       used 17921K, committed 18304K, reserved 1114112K
  class space    used 1799K, committed 1984K, reserved 1048576K

Heap Regions: E=young(eden), S=young(survivor), O=old, HS=humongous(starts), HC=humongous(continues), CS=collection set, F=free, OA=open archive, CA=closed archive, TAMS=top-at-mark-start (previous, next)
|   0|0x0000000604c00000, 0x0000000605000000, 0x0000000605000000|100%| O|  |TAMS 0x0000000604c00000, 0x0000000604c00000| Untracked 
|   1|0x0000000605000000, 0x00000006050d7400, 0x0000000605400000| 21%| O|  |TAMS 0x0000000605000000, 0x0000000605000000| Untracked 
|   2|0x0000000605400000, 0x0000000605400000, 0x0000000605800000|  0%| F|  |TAMS 0x0000000605400000, 0x0000000605400000| Untracked 
|   3|0x0000000605800000, 0x0000000605800000, 0x0000000605c00000|  0%| F|  |TAMS 0x0000000605800000, 0x0000000605800000| Untracked 
|   4|0x0000000605c00000, 0x0000000605c00000, 0x0000000606000000|  0%| F|  |TAMS 0x0000000605c00000, 0x0000000605c00000| Untracked 
|   5|0x0000000606000000, 0x0000000606000000, 0x0000000606400000|  0%| F|  |TAMS 0x0000000606000000, 0x0000000606000000| Untracked 
|   6|0x0000000606400000, 0x0000000606400000, 0x0000000606800000|  0%| F|  |TAMS 0x0000000606400000, 0x0000000606400000| Untracked 
|   7|0x0000000606800000, 0x0000000606800000, 0x0000000606c00000|  0%| F|  |TAMS 0x0000000606800000, 0x0000000606800000| Untracked 
|   8|0x0000000606c00000, 0x0000000606c00000, 0x0000000607000000|  0%| F|  |TAMS 0x0000000606c00000, 0x0000000606c00000| Untracked 
|   9|0x0000000607000000, 0x0000000607000000, 0x0000000607400000|  0%| F|  |TAMS 0x0000000607000000, 0x0000000607000000| Untracked 
|  10|0x0000000607400000, 0x0000000607400000, 0x0000000607800000|  0%| F|  |TAMS 0x0000000607400000, 0x0000000607400000| Untracked 
|  11|0x0000000607800000, 0x0000000607800000, 0x0000000607c00000|  0%| F|  |TAMS 0x0000000607800000, 0x0000000607800000| Untracked 
|  12|0x0000000607c00000, 0x0000000607c00000, 0x0000000608000000|  0%| F|  |TAMS 0x0000000607c00000, 0x0000000607c00000| Untracked 
|  13|0x0000000608000000, 0x0000000608000000, 0x0000000608400000|  0%| F|  |TAMS 0x0000000608000000, 0x0000000608000000| Untracked 
|  14|0x0000000608400000, 0x0000000608400000, 0x0000000608800000|  0%| F|  |TAMS 0x0000000608400000, 0x0000000608400000| Untracked 
|  15|0x0000000608800000, 0x0000000608800000, 0x0000000608c00000|  0%| F|  |TAMS 0x0000000608800000, 0x0000000608800000| Untracked 
|  16|0x0000000608c00000, 0x0000000608c00000, 0x0000000609000000|  0%| F|  |TAMS 0x0000000608c00000, 0x0000000608c00000| Untracked 
|  17|0x0000000609000000, 0x0000000609000000, 0x0000000609400000|  0%| F|  |TAMS 0x0000000609000000, 0x0000000609000000| Untracked 
|  18|0x0000000609400000, 0x0000000609400000, 0x0000000609800000|  0%| F|  |TAMS 0x0000000609400000, 0x0000000609400000| Untracked 
|  19|0x0000000609800000, 0x0000000609800000, 0x0000000609c00000|  0%| F|  |TAMS 0x0000000609800000, 0x0000000609800000| Untracked 
|  20|0x0000000609c00000, 0x0000000609c00000, 0x000000060a000000|  0%| F|  |TAMS 0x0000000609c00000, 0x0000000609c00000| Untracked 
|  21|0x000000060a000000, 0x000000060a000000, 0x000000060a400000|  0%| F|  |TAMS 0x000000060a000000, 0x000000060a000000| Untracked 
|  22|0x000000060a400000, 0x000000060a400000, 0x000000060a800000|  0%| F|  |TAMS 0x000000060a400000, 0x000000060a400000| Untracked 
|  23|0x000000060a800000, 0x000000060a800000, 0x000000060ac00000|  0%| F|  |TAMS 0x000000060a800000, 0x000000060a800000| Untracked 
|  24|0x000000060ac00000, 0x000000060ac00000, 0x000000060b000000|  0%| F|  |TAMS 0x000000060ac00000, 0x000000060ac00000| Untracked 
|  25|0x000000060b000000, 0x000000060b000000, 0x000000060b400000|  0%| F|  |TAMS 0x000000060b000000, 0x000000060b000000| Untracked 
|  26|0x000000060b400000, 0x000000060b400000, 0x000000060b800000|  0%| F|  |TAMS 0x000000060b400000, 0x000000060b400000| Untracked 
|  27|0x000000060b800000, 0x000000060b800000, 0x000000060bc00000|  0%| F|  |TAMS 0x000000060b800000, 0x000000060b800000| Untracked 
|  28|0x000000060bc00000, 0x000000060bc00000, 0x000000060c000000|  0%| F|  |TAMS 0x000000060bc00000, 0x000000060bc00000| Untracked 
|  29|0x000000060c000000, 0x000000060c000000, 0x000000060c400000|  0%| F|  |TAMS 0x000000060c000000, 0x000000060c000000| Untracked 
|  30|0x000000060c400000, 0x000000060c400000, 0x000000060c800000|  0%| F|  |TAMS 0x000000060c400000, 0x000000060c400000| Untracked 
|  31|0x000000060c800000, 0x000000060c800000, 0x000000060cc00000|  0%| F|  |TAMS 0x000000060c800000, 0x000000060c800000| Untracked 
|  32|0x000000060cc00000, 0x000000060cc00000, 0x000000060d000000|  0%| F|  |TAMS 0x000000060cc00000, 0x000000060cc00000| Untracked 
|  33|0x000000060d000000, 0x000000060d000000, 0x000000060d400000|  0%| F|  |TAMS 0x000000060d000000, 0x000000060d000000| Untracked 
|  34|0x000000060d400000, 0x000000060d400000, 0x000000060d800000|  0%| F|  |TAMS 0x000000060d400000, 0x000000060d400000| Untracked 
|  35|0x000000060d800000, 0x000000060d800000, 0x000000060dc00000|  0%| F|  |TAMS 0x000000060d800000, 0x000000060d800000| Untracked 
|  36|0x000000060dc00000, 0x000000060dc00000, 0x000000060e000000|  0%| F|  |TAMS 0x000000060dc00000, 0x000000060dc00000| Untracked 
|  37|0x000000060e000000, 0x000000060e000000, 0x000000060e400000|  0%| F|  |TAMS 0x000000060e000000, 0x000000060e000000| Untracked 
|  38|0x000000060e400000, 0x000000060e400000, 0x000000060e800000|  0%| F|  |TAMS 0x000000060e400000, 0x000000060e400000| Untracked 
|  39|0x000000060e800000, 0x000000060e800000, 0x000000060ec00000|  0%| F|  |TAMS 0x000000060e800000, 0x000000060e800000| Untracked 
|  40|0x000000060ec00000, 0x000000060ec00000, 0x000000060f000000|  0%| F|  |TAMS 0x000000060ec00000, 0x000000060ec00000| Untracked 
|  41|0x000000060f000000, 0x000000060f000000, 0x000000060f400000|  0%| F|  |TAMS 0x000000060f000000, 0x000000060f000000| Untracked 
|  42|0x000000060f400000, 0x000000060f400000, 0x000000060f800000|  0%| F|  |TAMS 0x000000060f400000, 0x000000060f400000| Untracked 
|  43|0x000000060f800000, 0x000000060f800000, 0x000000060fc00000|  0%| F|  |TAMS 0x000000060f800000, 0x000000060f800000| Untracked 
|  44|0x000000060fc00000, 0x000000060fc00000, 0x0000000610000000|  0%| F|  |TAMS 0x000000060fc00000, 0x000000060fc00000| Untracked 
|  45|0x0000000610000000, 0x0000000610000000, 0x0000000610400000|  0%| F|  |TAMS 0x0000000610000000, 0x0000000610000000| Untracked 
|  46|0x0000000610400000, 0x0000000610400000, 0x0000000610800000|  0%| F|  |TAMS 0x0000000610400000, 0x0000000610400000| Untracked 
|  47|0x0000000610800000, 0x0000000610800000, 0x0000000610c00000|  0%| F|  |TAMS 0x0000000610800000, 0x0000000610800000| Untracked 
|  48|0x0000000610c00000, 0x0000000610c00000, 0x0000000611000000|  0%| F|  |TAMS 0x0000000610c00000, 0x0000000610c00000| Untracked 
|  49|0x0000000611000000, 0x0000000611000000, 0x0000000611400000|  0%| F|  |TAMS 0x0000000611000000, 0x0000000611000000| Untracked 
|  50|0x0000000611400000, 0x0000000611400000, 0x0000000611800000|  0%| F|  |TAMS 0x0000000611400000, 0x0000000611400000| Untracked 
|  51|0x0000000611800000, 0x0000000611800000, 0x0000000611c00000|  0%| F|  |TAMS 0x0000000611800000, 0x0000000611800000| Untracked 
|  52|0x0000000611c00000, 0x0000000611c00000, 0x0000000612000000|  0%| F|  |TAMS 0x0000000611c00000, 0x0000000611c00000| Untracked 
|  53|0x0000000612000000, 0x0000000612000000, 0x0000000612400000|  0%| F|  |TAMS 0x0000000612000000, 0x0000000612000000| Untracked 
|  54|0x0000000612400000, 0x0000000612400000, 0x0000000612800000|  0%| F|  |TAMS 0x0000000612400000, 0x0000000612400000| Untracked 
|  55|0x0000000612800000, 0x0000000612800000, 0x0000000612c00000|  0%| F|  |TAMS 0x0000000612800000, 0x0000000612800000| Untracked 
|  56|0x0000000612c00000, 0x0000000612c00000, 0x0000000613000000|  0%| F|  |TAMS 0x0000000612c00000, 0x0000000612c00000| Untracked 
|  57|0x0000000613000000, 0x0000000613000000, 0x0000000613400000|  0%| F|  |TAMS 0x0000000613000000, 0x0000000613000000| Untracked 
|  58|0x0000000613400000, 0x0000000613400000, 0x0000000613800000|  0%| F|  |TAMS 0x0000000613400000, 0x0000000613400000| Untracked 
|  59|0x0000000613800000, 0x0000000613800000, 0x0000000613c00000|  0%| F|  |TAMS 0x0000000613800000, 0x0000000613800000| Untracked 
|  60|0x0000000613c00000, 0x0000000613c00000, 0x0000000614000000|  0%| F|  |TAMS 0x0000000613c00000, 0x0000000613c00000| Untracked 
|  61|0x0000000614000000, 0x0000000614000000, 0x0000000614400000|  0%| F|  |TAMS 0x0000000614000000, 0x0000000614000000| Untracked 
|  62|0x0000000614400000, 0x0000000614400000, 0x0000000614800000|  0%| F|  |TAMS 0x0000000614400000, 0x0000000614400000| Untracked 
|  63|0x0000000614800000, 0x0000000614800000, 0x0000000614c00000|  0%| F|  |TAMS 0x0000000614800000, 0x0000000614800000| Untracked 
|  64|0x0000000614c00000, 0x0000000614c00000, 0x0000000615000000|  0%| F|  |TAMS 0x0000000614c00000, 0x0000000614c00000| Untracked 
|  65|0x0000000615000000, 0x0000000615000000, 0x0000000615400000|  0%| F|  |TAMS 0x0000000615000000, 0x0000000615000000| Untracked 
|  66|0x0000000615400000, 0x0000000615400000, 0x0000000615800000|  0%| F|  |TAMS 0x0000000615400000, 0x0000000615400000| Untracked 
|  67|0x0000000615800000, 0x0000000615800000, 0x0000000615c00000|  0%| F|  |TAMS 0x0000000615800000, 0x0000000615800000| Untracked 
|  68|0x0000000615c00000, 0x0000000616000000, 0x0000000616000000|100%| S|CS|TAMS 0x0000000615c00000, 0x0000000615c00000| Complete 
|  69|0x0000000616000000, 0x0000000616000000, 0x0000000616400000|  0%| F|  |TAMS 0x0000000616000000, 0x0000000616000000| Untracked 
|  70|0x0000000616400000, 0x0000000616400000, 0x0000000616800000|  0%| F|  |TAMS 0x0000000616400000, 0x0000000616400000| Untracked 
|  71|0x0000000616800000, 0x0000000616800000, 0x0000000616c00000|  0%| F|  |TAMS 0x0000000616800000, 0x0000000616800000| Untracked 
|  72|0x0000000616c00000, 0x0000000616c00000, 0x0000000617000000|  0%| F|  |TAMS 0x0000000616c00000, 0x0000000616c00000| Untracked 
|  73|0x0000000617000000, 0x0000000617000000, 0x0000000617400000|  0%| F|  |TAMS 0x0000000617000000, 0x0000000617000000| Untracked 
|  74|0x0000000617400000, 0x0000000617400000, 0x0000000617800000|  0%| F|  |TAMS 0x0000000617400000, 0x0000000617400000| Untracked 
|  75|0x0000000617800000, 0x0000000617800000, 0x0000000617c00000|  0%| F|  |TAMS 0x0000000617800000, 0x0000000617800000| Untracked 
|  76|0x0000000617c00000, 0x0000000617c00000, 0x0000000618000000|  0%| F|  |TAMS 0x0000000617c00000, 0x0000000617c00000| Untracked 
|  77|0x0000000618000000, 0x0000000618000000, 0x0000000618400000|  0%| F|  |TAMS 0x0000000618000000, 0x0000000618000000| Untracked 
|  78|0x0000000618400000, 0x0000000618400000, 0x0000000618800000|  0%| F|  |TAMS 0x0000000618400000, 0x0000000618400000| Untracked 
|  79|0x0000000618800000, 0x0000000618800000, 0x0000000618c00000|  0%| F|  |TAMS 0x0000000618800000, 0x0000000618800000| Untracked 
|  80|0x0000000618c00000, 0x0000000618c00000, 0x0000000619000000|  0%| F|  |TAMS 0x0000000618c00000, 0x0000000618c00000| Untracked 
|  81|0x0000000619000000, 0x0000000619000000, 0x0000000619400000|  0%| F|  |TAMS 0x0000000619000000, 0x0000000619000000| Untracked 
|  82|0x0000000619400000, 0x0000000619400000, 0x0000000619800000|  0%| F|  |TAMS 0x0000000619400000, 0x0000000619400000| Untracked 
|  83|0x0000000619800000, 0x0000000619800000, 0x0000000619c00000|  0%| F|  |TAMS 0x0000000619800000, 0x0000000619800000| Untracked 
|  84|0x0000000619c00000, 0x0000000619c00000, 0x000000061a000000|  0%| F|  |TAMS 0x0000000619c00000, 0x0000000619c00000| Untracked 
|  85|0x000000061a000000, 0x000000061a000000, 0x000000061a400000|  0%| F|  |TAMS 0x000000061a000000, 0x000000061a000000| Untracked 
|  86|0x000000061a400000, 0x000000061a400000, 0x000000061a800000|  0%| F|  |TAMS 0x000000061a400000, 0x000000061a400000| Untracked 
|  87|0x000000061a800000, 0x000000061a800000, 0x000000061ac00000|  0%| F|  |TAMS 0x000000061a800000, 0x000000061a800000| Untracked 
|  88|0x000000061ac00000, 0x000000061ac00000, 0x000000061b000000|  0%| F|  |TAMS 0x000000061ac00000, 0x000000061ac00000| Untracked 
|  89|0x000000061b000000, 0x000000061b000000, 0x000000061b400000|  0%| F|  |TAMS 0x000000061b000000, 0x000000061b000000| Untracked 
|  90|0x000000061b400000, 0x000000061b400000, 0x000000061b800000|  0%| F|  |TAMS 0x000000061b400000, 0x000000061b400000| Untracked 
|  91|0x000000061b800000, 0x000000061b800000, 0x000000061bc00000|  0%| F|  |TAMS 0x000000061b800000, 0x000000061b800000| Untracked 
|  92|0x000000061bc00000, 0x000000061bc00000, 0x000000061c000000|  0%| F|  |TAMS 0x000000061bc00000, 0x000000061bc00000| Untracked 
|  93|0x000000061c000000, 0x000000061c000000, 0x000000061c400000|  0%| F|  |TAMS 0x000000061c000000, 0x000000061c000000| Untracked 
|  94|0x000000061c400000, 0x000000061c400000, 0x000000061c800000|  0%| F|  |TAMS 0x000000061c400000, 0x000000061c400000| Untracked 
|  95|0x000000061c800000, 0x000000061c800000, 0x000000061cc00000|  0%| F|  |TAMS 0x000000061c800000, 0x000000061c800000| Untracked 
|  96|0x000000061cc00000, 0x000000061cc00000, 0x000000061d000000|  0%| F|  |TAMS 0x000000061cc00000, 0x000000061cc00000| Untracked 
|  97|0x000000061d000000, 0x000000061d000000, 0x000000061d400000|  0%| F|  |TAMS 0x000000061d000000, 0x000000061d000000| Untracked 
|  98|0x000000061d400000, 0x000000061d400000, 0x000000061d800000|  0%| F|  |TAMS 0x000000061d400000, 0x000000061d400000| Untracked 
|  99|0x000000061d800000, 0x000000061d800000, 0x000000061dc00000|  0%| F|  |TAMS 0x000000061d800000, 0x000000061d800000| Untracked 
| 100|0x000000061dc00000, 0x000000061dc00000, 0x000000061e000000|  0%| F|  |TAMS 0x000000061dc00000, 0x000000061dc00000| Untracked 
| 101|0x000000061e000000, 0x000000061e000000, 0x000000061e400000|  0%| F|  |TAMS 0x000000061e000000, 0x000000061e000000| Untracked 
| 102|0x000000061e400000, 0x000000061e400000, 0x000000061e800000|  0%| F|  |TAMS 0x000000061e400000, 0x000000061e400000| Untracked 
| 103|0x000000061e800000, 0x000000061e800000, 0x000000061ec00000|  0%| F|  |TAMS 0x000000061e800000, 0x000000061e800000| Untracked 
| 104|0x000000061ec00000, 0x000000061ee997c0, 0x000000061f000000| 64%| E|  |TAMS 0x000000061ec00000, 0x000000061ec00000| Complete 
| 105|0x000000061f000000, 0x000000061f400000, 0x000000061f400000|100%| E|CS|TAMS 0x000000061f000000, 0x000000061f000000| Complete 
| 106|0x000000061f400000, 0x000000061f800000, 0x000000061f800000|100%| E|CS|TAMS 0x000000061f400000, 0x000000061f400000| Complete 
| 107|0x000000061f800000, 0x000000061fc00000, 0x000000061fc00000|100%| E|CS|TAMS 0x000000061f800000, 0x000000061f800000| Complete 
| 108|0x000000061fc00000, 0x0000000620000000, 0x0000000620000000|100%| E|CS|TAMS 0x000000061fc00000, 0x000000061fc00000| Complete 
| 109|0x0000000620000000, 0x0000000620400000, 0x0000000620400000|100%| E|CS|TAMS 0x0000000620000000, 0x0000000620000000| Complete 
| 110|0x0000000620400000, 0x0000000620800000, 0x0000000620800000|100%| E|CS|TAMS 0x0000000620400000, 0x0000000620400000| Complete 
| 111|0x0000000620800000, 0x0000000620c00000, 0x0000000620c00000|100%| E|CS|TAMS 0x0000000620800000, 0x0000000620800000| Complete 
| 112|0x0000000620c00000, 0x0000000621000000, 0x0000000621000000|100%| E|CS|TAMS 0x0000000620c00000, 0x0000000620c00000| Complete 
| 113|0x0000000621000000, 0x0000000621400000, 0x0000000621400000|100%| E|CS|TAMS 0x0000000621000000, 0x0000000621000000| Complete 
| 114|0x0000000621400000, 0x0000000621800000, 0x0000000621800000|100%| E|CS|TAMS 0x0000000621400000, 0x0000000621400000| Complete 
| 115|0x0000000621800000, 0x0000000621c00000, 0x0000000621c00000|100%| E|CS|TAMS 0x0000000621800000, 0x0000000621800000| Complete 
| 116|0x0000000621c00000, 0x0000000622000000, 0x0000000622000000|100%| E|CS|TAMS 0x0000000621c00000, 0x0000000621c00000| Complete 
| 117|0x0000000622000000, 0x0000000622400000, 0x0000000622400000|100%| E|CS|TAMS 0x0000000622000000, 0x0000000622000000| Complete 
| 118|0x0000000622400000, 0x0000000622800000, 0x0000000622800000|100%| E|CS|TAMS 0x0000000622400000, 0x0000000622400000| Complete 
| 119|0x0000000622800000, 0x0000000622c00000, 0x0000000622c00000|100%| E|CS|TAMS 0x0000000622800000, 0x0000000622800000| Complete 
| 120|0x0000000622c00000, 0x0000000623000000, 0x0000000623000000|100%| E|CS|TAMS 0x0000000622c00000, 0x0000000622c00000| Complete 
| 121|0x0000000623000000, 0x0000000623400000, 0x0000000623400000|100%| E|CS|TAMS 0x0000000623000000, 0x0000000623000000| Complete 
| 122|0x0000000623400000, 0x0000000623800000, 0x0000000623800000|100%| E|CS|TAMS 0x0000000623400000, 0x0000000623400000| Complete 
| 123|0x0000000623800000, 0x0000000623c00000, 0x0000000623c00000|100%| E|CS|TAMS 0x0000000623800000, 0x0000000623800000| Complete 
| 124|0x0000000623c00000, 0x0000000624000000, 0x0000000624000000|100%| E|CS|TAMS 0x0000000623c00000, 0x0000000623c00000| Complete 
| 125|0x0000000624000000, 0x0000000624400000, 0x0000000624400000|100%| E|CS|TAMS 0x0000000624000000, 0x0000000624000000| Complete 
| 126|0x0000000624400000, 0x0000000624800000, 0x0000000624800000|100%| E|CS|TAMS 0x0000000624400000, 0x0000000624400000| Complete 

Card table byte_map: [0x000001d2f09e0000,0x000001d2f19c0000] _byte_map_base: 0x000001d2ed9ba000

Marking Bits (Prev, Next): (CMBitMap*) 0x000001d2d8a2a2b0, (CMBitMap*) 0x000001d2d8a2a2f0
 Prev Bits: [0x000001d2f29a0000, 0x000001d2fa870000)
 Next Bits: [0x000001d280000000, 0x000001d287ed0000)

Polling page: 0x000001d2d80e0000

Metaspace:

Usage:
  Non-class:     15.74 MB used.
      Class:      1.76 MB used.
       Both:     17.50 MB used.

Virtual space:
  Non-class space:       64.00 MB reserved,      15.94 MB ( 25%) committed,  1 nodes.
      Class space:        1.00 GB reserved,       1.94 MB ( <1%) committed,  1 nodes.
             Both:        1.06 GB reserved,      17.88 MB (  2%) committed. 

Chunk freelists:
   Non-Class:  15.17 MB
       Class:  14.02 MB
        Both:  29.20 MB

MaxMetaspaceSize: unlimited
CompressedClassSpaceSize: 1.00 GB
Initial GC threshold: 21.00 MB
Current GC threshold: 21.00 MB
CDS: on
MetaspaceReclaimPolicy: balanced
 - commit_granule_bytes: 65536.
 - commit_granule_words: 8192.
 - virtual_space_node_default_size: 8388608.
 - enlarge_chunks_in_place: 1.
 - new_chunks_are_fully_committed: 0.
 - uncommit_free_chunks: 1.
 - use_allocation_guard: 0.
 - handle_deallocations: 1.


Internal statistics:

num_allocs_failed_limit: 0.
num_arena_births: 420.
num_arena_deaths: 0.
num_vsnodes_births: 2.
num_vsnodes_deaths: 0.
num_space_committed: 286.
num_space_uncommitted: 0.
num_chunks_returned_to_freelist: 0.
num_chunks_taken_from_freelist: 1058.
num_chunk_merges: 0.
num_chunk_splits: 757.
num_chunks_enlarged: 575.
num_inconsistent_stats: 0.

CodeHeap 'non-profiled nmethods': size=120000Kb used=3247Kb max_used=3247Kb free=116753Kb
 bounds [0x000001d2e7f80000, 0x000001d2e82b0000, 0x000001d2ef4b0000]
CodeHeap 'profiled nmethods': size=120000Kb used=6867Kb max_used=6867Kb free=113132Kb
 bounds [0x000001d2e04b0000, 0x000001d2e0b70000, 0x000001d2e79e0000]
CodeHeap 'non-nmethods': size=5760Kb used=1700Kb max_used=1757Kb free=4059Kb
 bounds [0x000001d2e79e0000, 0x000001d2e7c50000, 0x000001d2e7f80000]
 total_blobs=4712 nmethods=3659 adapters=965
 compilation: enabled
              stopped_count=0, restarted_count=0
 full_count=0

Compilation events (20 events):
Event: 65.725 Thread 0x000001d2faa57a00 3650   !   4       edu.wpi.first.wpilibj.Watchdog::enable (76 bytes)
Event: 65.740 Thread 0x000001d2faa57a00 nmethod 3650 0x000001d2e8291c90 code [0x000001d2e8291f00, 0x000001d2e8292ee0]
Event: 65.844 Thread 0x000001d2faa57a00 3651       4       org.photonvision.PhotonCamera::verifyVersion (389 bytes)
Event: 65.848 Thread 0x000001d2faa57a00 nmethod 3651 0x000001d2e8293b90 code [0x000001d2e8293de0, 0x000001d2e8294130]
Event: 65.866 Thread 0x000001d2faa57a00 3652   !   4       edu.wpi.first.wpilibj.Watchdog::disable (36 bytes)
Event: 65.877 Thread 0x000001d2faa57a00 nmethod 3652 0x000001d2e8294610 code [0x000001d2e8294840, 0x000001d2e82950a0]
Event: 65.884 Thread 0x000001d2faa57a00 3653       4       frc.robot.subsystems.VisionSubsystem::periodic (77 bytes)
Event: 65.955 Thread 0x000001d2faa57a00 nmethod 3653 0x000001d2e8295910 code [0x000001d2e8295e20, 0x000001d2e8298e30]
Event: 67.437 Thread 0x000001d2faa57a00 3654  s    4       edu.wpi.first.wpilibj.smartdashboard.SmartDashboard::updateValues (47 bytes)
Event: 67.459 Thread 0x000001d2faa57a00 nmethod 3654 0x000001d2e829aa10 code [0x000001d2e829ac40, 0x000001d2e829c218]
Event: 68.438 Thread 0x000001d2faa57a00 3655  s    4       java.io.ByteArrayOutputStream::toString (17 bytes)
Event: 68.440 Thread 0x000001d2faa57a00 nmethod 3655 0x000001d2e829d010 code [0x000001d2e829d1a0, 0x000001d2e829d508]
Event: 68.440 Thread 0x000001d2faa57a00 3657       4       java.util.concurrent.locks.LockSupport::setCurrentBlocker (14 bytes)
Event: 68.440 Thread 0x000001d2faa57a00 nmethod 3657 0x000001d2e829d690 code [0x000001d2e829d800, 0x000001d2e829d918]
Event: 68.440 Thread 0x000001d2faa57a00 3656       4       java.lang.String::<init> (11 bytes)
Event: 68.441 Thread 0x000001d2faa57a00 nmethod 3656 0x000001d2e829d990 code [0x000001d2e829db20, 0x000001d2e829dc28]
Event: 70.487 Thread 0x000001d2faa57a00 3658       4       java.util.concurrent.locks.ReentrantReadWriteLock::readLock (5 bytes)
Event: 70.488 Thread 0x000001d2faa57a00 nmethod 3658 0x000001d2e829dd10 code [0x000001d2e829de80, 0x000001d2e829def8]
Event: 73.577 Thread 0x000001d2faa57a00 3659       4       frc.robot.subsystems.Swerve.SwerveSubsystem::GraphMotorData (227 bytes)
Event: 73.717 Thread 0x000001d2faa57a00 nmethod 3659 0x000001d2e829e010 code [0x000001d2e829e8e0, 0x000001d2e82a6500]

GC Heap History (10 events):
Event: 0.672 GC heap before
{Heap before GC invocations=0 (full 0):
 garbage-first heap   total 520192K, used 20480K [0x0000000604c00000, 0x0000000800000000)
  region size 4096K, 6 young (24576K), 0 survivors (0K)
 Metaspace       used 6680K, committed 6912K, reserved 1114112K
  class space    used 710K, committed 832K, reserved 1048576K
}
Event: 0.675 GC heap after
{Heap after GC invocations=1 (full 0):
 garbage-first heap   total 520192K, used 2856K [0x0000000604c00000, 0x0000000800000000)
  region size 4096K, 1 young (4096K), 1 survivors (4096K)
 Metaspace       used 6680K, committed 6912K, reserved 1114112K
  class space    used 710K, committed 832K, reserved 1048576K
}
Event: 1.711 GC heap before
{Heap before GC invocations=1 (full 0):
 garbage-first heap   total 520192K, used 35624K [0x0000000604c00000, 0x0000000800000000)
  region size 4096K, 9 young (36864K), 1 survivors (4096K)
 Metaspace       used 16490K, committed 16768K, reserved 1114112K
  class space    used 1711K, committed 1856K, reserved 1048576K
}
Event: 1.715 GC heap after
{Heap after GC invocations=2 (full 0):
 garbage-first heap   total 520192K, used 5088K [0x0000000604c00000, 0x0000000800000000)
  region size 4096K, 2 young (8192K), 2 survivors (8192K)
 Metaspace       used 16490K, committed 16768K, reserved 1114112K
  class space    used 1711K, committed 1856K, reserved 1048576K
}
Event: 18.109 GC heap before
{Heap before GC invocations=2 (full 0):
 garbage-first heap   total 520192K, used 193504K [0x0000000604c00000, 0x0000000800000000)
  region size 4096K, 48 young (196608K), 2 survivors (8192K)
 Metaspace       used 17592K, committed 17856K, reserved 1114112K
  class space    used 1752K, committed 1856K, reserved 1048576K
}
Event: 18.188 GC heap after
{Heap after GC invocations=3 (full 0):
 garbage-first heap   total 520192K, used 16461K [0x0000000604c00000, 0x0000000800000000)
  region size 4096K, 5 young (20480K), 5 survivors (20480K)
 Metaspace       used 17592K, committed 17856K, reserved 1114112K
  class space    used 1752K, committed 1856K, reserved 1048576K
}
Event: 41.416 GC heap before
{Heap before GC invocations=3 (full 0):
 garbage-first heap   total 520192K, used 274509K [0x0000000604c00000, 0x0000000800000000)
  region size 4096K, 68 young (278528K), 5 survivors (20480K)
 Metaspace       used 17614K, committed 17856K, reserved 1114112K
  class space    used 1752K, committed 1856K, reserved 1048576K
}
Event: 41.520 GC heap after
{Heap after GC invocations=4 (full 0):
 garbage-first heap   total 520192K, used 24030K [0x0000000604c00000, 0x0000000800000000)
  region size 4096K, 6 young (24576K), 6 survivors (24576K)
 Metaspace       used 17614K, committed 17856K, reserved 1114112K
  class space    used 1752K, committed 1856K, reserved 1048576K
}
Event: 66.052 GC heap before
{Heap before GC invocations=4 (full 0):
 garbage-first heap   total 520192K, used 261598K [0x0000000604c00000, 0x0000000800000000)
  region size 4096K, 64 young (262144K), 6 survivors (24576K)
 Metaspace       used 17921K, committed 18304K, reserved 1114112K
  class space    used 1799K, committed 1984K, reserved 1048576K
}
Event: 66.094 GC heap after
{Heap after GC invocations=5 (full 0):
 garbage-first heap   total 520192K, used 9053K [0x0000000604c00000, 0x0000000800000000)
  region size 4096K, 1 young (4096K), 1 survivors (4096K)
 Metaspace       used 17921K, committed 18304K, reserved 1114112K
  class space    used 1799K, committed 1984K, reserved 1048576K
}

Dll operation events (20 events):
Event: 0.014 Loaded shared library C:\Users\Public\wpilib\2025\jdk\bin\jsvml.dll
Event: 0.112 Loaded shared library C:\Users\Public\wpilib\2025\jdk\bin\net.dll
Event: 0.113 Loaded shared library C:\Users\Public\wpilib\2025\jdk\bin\nio.dll
Event: 0.115 Loaded shared library C:\Users\Public\wpilib\2025\jdk\bin\zip.dll
Event: 0.137 Loaded shared library C:\Robot-Source-Code-2025-Reefscape\build\jni\release\wpiutiljni.dll
Event: 0.141 Loaded shared library C:\Robot-Source-Code-2025-Reefscape\build\jni\release\wpiHaljni.dll
Event: 0.297 Loaded shared library C:\Robot-Source-Code-2025-Reefscape\build\jni\release\ntcorejni.dll
Event: 0.373 Loaded shared library C:\Users\Public\wpilib\2025\jdk\bin\management.dll
Event: 0.376 Loaded shared library C:\Users\Public\wpilib\2025\jdk\bin\management_ext.dll
Event: 0.428 Loaded shared library C:\Robot-Source-Code-2025-Reefscape\build\jni\release\photontargeting.dll
Event: 0.434 Loaded shared library C:\Robot-Source-Code-2025-Reefscape\build\jni\release\photontargetingJNI.dll
Event: 0.458 Loaded shared library C:\Users\Public\wpilib\2025\jdk\bin\jimage.dll
Event: 0.776 Loaded shared library C:\Robot-Source-Code-2025-Reefscape\build\jni\release\cscorejni.dll
Event: 0.786 Loaded shared library C:\Robot-Source-Code-2025-Reefscape\build\jni\release\opencv_java4100.dll
Event: 0.862 Loaded shared library C:\Robot-Source-Code-2025-Reefscape\build\jni\release\REVLibDriver.dll
Event: 0.959 Loaded shared library C:\Robot-Source-Code-2025-Reefscape\build\jni\release\CTRE_PhoenixTools_Sim.dll
Event: 0.961 Loaded shared library C:\Robot-Source-Code-2025-Reefscape\build\jni\release\CTRE_Phoenix6_Sim.dll
Event: 1.482 Loaded shared library C:\Robot-Source-Code-2025-Reefscape\build\jni\release\wpimathjni.dll
Event: 1.667 Loaded shared library C:\Robot-Source-Code-2025-Reefscape\build\jni\release\wpilibio.dll
Event: 1.690 Loaded shared library C:\Robot-Source-Code-2025-Reefscape\build\jni\release\apriltagjni.dll

Deoptimization events (20 events):
Event: 42.306 Thread 0x000001d2cedc39a0 Uncommon trap: trap_request=0xffffffbe fr.pc=0x000001d2e815b800 relative=0x00000000000008c0
Event: 42.306 Thread 0x000001d2cedc39a0 Uncommon trap: reason=profile_predicate action=maybe_recompile pc=0x000001d2e815b800 method=java.util.TimSort.binarySort([Ljava/lang/Object;IIILjava/util/Comparator;)V @ 34 c2
Event: 42.306 Thread 0x000001d2cedc39a0 DEOPT PACKING pc=0x000001d2e815b800 sp=0x000000bfd0efe420
Event: 42.306 Thread 0x000001d2cedc39a0 DEOPT UNPACKING pc=0x000001d2e7a369a3 sp=0x000000bfd0efe3f0 mode 2
Event: 42.887 Thread 0x000001d2cedc39a0 DEOPT PACKING pc=0x000001d2e0b42875 sp=0x000000bfd0efe8d0
Event: 42.887 Thread 0x000001d2cedc39a0 DEOPT UNPACKING pc=0x000001d2e7a37143 sp=0x000000bfd0efdda8 mode 0
Event: 42.904 Thread 0x000001d30ce4ec50 DEOPT PACKING pc=0x000001d2e0b4106c sp=0x000000bfd59ff410
Event: 42.904 Thread 0x000001d30ce4ec50 DEOPT UNPACKING pc=0x000001d2e7a37143 sp=0x000000bfd59fe8c0 mode 0
Event: 43.925 Thread 0x000001d2cedc39a0 DEOPT PACKING pc=0x000001d2e0b42875 sp=0x000000bfd0efe8d0
Event: 43.925 Thread 0x000001d2cedc39a0 DEOPT UNPACKING pc=0x000001d2e7a37143 sp=0x000000bfd0efdda8 mode 0
Event: 43.965 Thread 0x000001d2cedc39a0 Uncommon trap: trap_request=0xffffff45 fr.pc=0x000001d2e823b714 relative=0x0000000000002554
Event: 43.965 Thread 0x000001d2cedc39a0 Uncommon trap: reason=unstable_if action=reinterpret pc=0x000001d2e823b714 method=edu.wpi.first.wpilibj2.command.CommandScheduler.run()V @ 242 c2
Event: 43.965 Thread 0x000001d2cedc39a0 DEOPT PACKING pc=0x000001d2e823b714 sp=0x000000bfd0efeb60
Event: 43.965 Thread 0x000001d2cedc39a0 DEOPT UNPACKING pc=0x000001d2e7a369a3 sp=0x000000bfd0efeb98 mode 2
Event: 44.966 Thread 0x000001d2cedc39a0 DEOPT PACKING pc=0x000001d2e0b42875 sp=0x000000bfd0efe8d0
Event: 44.966 Thread 0x000001d2cedc39a0 DEOPT UNPACKING pc=0x000001d2e7a37143 sp=0x000000bfd0efdda8 mode 0
Event: 45.985 Thread 0x000001d2cedc39a0 DEOPT PACKING pc=0x000001d2e0b42875 sp=0x000000bfd0efe8d0
Event: 45.985 Thread 0x000001d2cedc39a0 DEOPT UNPACKING pc=0x000001d2e7a37143 sp=0x000000bfd0efdda8 mode 0
Event: 47.026 Thread 0x000001d2cedc39a0 DEOPT PACKING pc=0x000001d2e0b42875 sp=0x000000bfd0efe8d0
Event: 47.026 Thread 0x000001d2cedc39a0 DEOPT UNPACKING pc=0x000001d2e7a37143 sp=0x000000bfd0efdda8 mode 0

Classes loaded (20 events):
Event: 41.853 Loading class java/lang/invoke/DirectMethodHandle$EnsureInitialized
Event: 41.853 Loading class java/lang/invoke/DirectMethodHandle$EnsureInitialized done
Event: 41.853 Loading class java/lang/runtime/ObjectMethods$1
Event: 41.853 Loading class java/lang/runtime/ObjectMethods$1 done
Event: 41.855 Loading class java/lang/invoke/DirectMethodHandle$1
Event: 41.855 Loading class java/lang/invoke/DirectMethodHandle$1 done
Event: 41.860 Loading class java/util/AbstractList$RandomAccessSubList
Event: 41.860 Loading class java/util/AbstractList$SubList
Event: 41.860 Loading class java/util/AbstractList$SubList done
Event: 41.860 Loading class java/util/AbstractList$RandomAccessSubList done
Event: 41.861 Loading class java/util/AbstractList$ListItr
Event: 41.861 Loading class java/util/AbstractList$Itr
Event: 41.861 Loading class java/util/AbstractList$Itr done
Event: 41.861 Loading class java/util/AbstractList$ListItr done
Event: 41.861 Loading class java/util/AbstractList$SubList$1
Event: 41.861 Loading class java/util/AbstractList$SubList$1 done
Event: 41.862 Loading class java/lang/invoke/MethodHandleImpl$CountingWrapper
Event: 41.862 Loading class java/lang/invoke/MethodHandleImpl$CountingWrapper done
Event: 41.864 Loading class java/lang/invoke/MethodHandleImpl$CountingWrapper$1
Event: 41.864 Loading class java/lang/invoke/MethodHandleImpl$CountingWrapper$1 done

Classes unloaded (0 events):
No events

Classes redefined (0 events):
No events

Internal exceptions (20 events):
Event: 41.850 Thread 0x000001d2cedc39a0 Exception <a 'java/lang/NoSuchMethodError'{0x00000006241a9ec0}: 'java.lang.Object java.lang.invoke.Invokers$Holder.invoke_MT(java.lang.Object, java.lang.Object, java.lang.Object, java.lang.Object, java.lang.Object, java.lang.Object, java.lang.Object, java.lang.Object, java.lang.Object)'> (0x00000006241a9ec0) 
thrown [s\src\hotspot\share\interpreter\linkResolver.cpp, line 759]
Event: 41.851 Thread 0x000001d2cedc39a0 Exception <a 'java/lang/NoSuchMethodError'{0x00000006241afd48}: 'java.lang.Object java.lang.invoke.DirectMethodHandle$Holder.invokeStatic(java.lang.Object, java.lang.Object, int)'> (0x00000006241afd48) 
thrown [s\src\hotspot\share\interpreter\linkResolver.cpp, line 759]
Event: 41.852 Thread 0x000001d2cedc39a0 Exception <a 'java/lang/NoSuchMethodError'{0x00000006241c2128}: 'void java.lang.invoke.DelegatingMethodHandle$Holder.delegate(java.lang.Object, java.lang.Object, int, java.lang.Object)'> (0x00000006241c2128) 
thrown [s\src\hotspot\share\interpreter\linkResolver.cpp, line 759]
Event: 41.853 Thread 0x000001d2cedc39a0 Exception <a 'java/lang/NoSuchMethodError'{0x00000006241e1058}: 'int java.lang.invoke.DirectMethodHandle$Holder.invokeVirtual(java.lang.Object, java.lang.Object, java.lang.Object)'> (0x00000006241e1058) 
thrown [s\src\hotspot\share\interpreter\linkResolver.cpp, line 759]
Event: 41.854 Thread 0x000001d2cedc39a0 Exception <a 'java/lang/NoSuchMethodError'{0x00000006241e5328}: 'int java.lang.invoke.DirectMethodHandle$Holder.invokeStaticInit(java.lang.Object, java.lang.Object, java.lang.Object)'> (0x00000006241e5328) 
thrown [s\src\hotspot\share\interpreter\linkResolver.cpp, line 759]
Event: 41.854 Thread 0x000001d2cedc39a0 Exception <a 'java/lang/NoSuchMethodError'{0x00000006241e8c60}: 'int java.lang.invoke.DirectMethodHandle$Holder.invokeStaticInit(java.lang.Object, int, int)'> (0x00000006241e8c60) 
thrown [s\src\hotspot\share\interpreter\linkResolver.cpp, line 759]
Event: 41.854 Thread 0x000001d2cedc39a0 Exception <a 'java/lang/NoSuchMethodError'{0x00000006241f0450}: 'int java.lang.invoke.DirectMethodHandle$Holder.invokeStaticInit(java.lang.Object, long, long)'> (0x00000006241f0450) 
thrown [s\src\hotspot\share\interpreter\linkResolver.cpp, line 759]
Event: 41.854 Thread 0x000001d2cedc39a0 Exception <a 'java/lang/NoSuchMethodError'{0x00000006241f72a0}: 'int java.lang.invoke.DirectMethodHandle$Holder.invokeStaticInit(java.lang.Object, float, float)'> (0x00000006241f72a0) 
thrown [s\src\hotspot\share\interpreter\linkResolver.cpp, line 759]
Event: 41.854 Thread 0x000001d2cedc39a0 Exception <a 'java/lang/NoSuchMethodError'{0x00000006241fe0f8}: 'int java.lang.invoke.DirectMethodHandle$Holder.invokeStaticInit(java.lang.Object, double, double)'> (0x00000006241fe0f8) 
thrown [s\src\hotspot\share\interpreter\linkResolver.cpp, line 759]
Event: 41.855 Thread 0x000001d2cedc39a0 Exception <a 'java/lang/NoSuchMethodError'{0x0000000624202690}: 'int java.lang.invoke.DirectMethodHandle$Holder.invokeStatic(java.lang.Object, long)'> (0x0000000624202690) 
thrown [s\src\hotspot\share\interpreter\linkResolver.cpp, line 759]
Event: 41.856 Thread 0x000001d2cedc39a0 Exception <a 'java/lang/NoSuchMethodError'{0x0000000624214510}: 'int java.lang.invoke.DirectMethodHandle$Holder.invokeSpecial(java.lang.Object, java.lang.Object, int)'> (0x0000000624214510) 
thrown [s\src\hotspot\share\interpreter\linkResolver.cpp, line 759]
Event: 41.858 Thread 0x000001d2cedc39a0 Exception <a 'java/lang/NoSuchMethodError'{0x0000000624226360}: 'int java.lang.invoke.Invokers$Holder.linkToTargetMethod(java.lang.Object, java.lang.Object)'> (0x0000000624226360) 
thrown [s\src\hotspot\share\interpreter\linkResolver.cpp, line 759]
Event: 41.860 Thread 0x000001d2cedc39a0 Exception <a 'java/lang/NoSuchMethodError'{0x0000000624241390}: 'int java.lang.invoke.DirectMethodHandle$Holder.invokeSpecial(java.lang.Object, java.lang.Object, java.lang.Object, java.lang.Object)'> (0x0000000624241390) 
thrown [s\src\hotspot\share\interpreter\linkResolver.cpp, line 759]
Event: 41.862 Thread 0x000001d2cedc39a0 Exception <a 'java/lang/NoSuchMethodError'{0x00000006243f4500}: 'java.lang.Object java.lang.invoke.DirectMethodHandle$Holder.invokeStatic(java.lang.Object, int, java.lang.Object, java.lang.Object)'> (0x00000006243f4500) 
thrown [s\src\hotspot\share\interpreter\linkResolver.cpp, line 759]
Event: 41.862 Thread 0x000001d30ce4ec50 Exception <a 'java/lang/NoSuchMethodError'{0x0000000623c55010}: 'java.lang.Object java.lang.invoke.DirectMethodHandle$Holder.invokeStatic(java.lang.Object, int, java.lang.Object, java.lang.Object)'> (0x0000000623c55010) 
thrown [s\src\hotspot\share\interpreter\linkResolver.cpp, line 759]
Event: 41.862 Thread 0x000001d2cedc39a0 Exception <a 'java/lang/NoSuchMethodError'{0x00000006243f84c0}: 'java.lang.Object java.lang.invoke.DirectMethodHandle$Holder.invokeSpecial(java.lang.Object, java.lang.Object, int, java.lang.Object, java.lang.Object)'> (0x00000006243f84c0) 
thrown [s\src\hotspot\share\interpreter\linkResolver.cpp, line 759]
Event: 41.862 Thread 0x000001d30ce4ec50 Exception <a 'java/lang/NoSuchMethodError'{0x0000000623c58af8}: 'java.lang.Object java.lang.invoke.DirectMethodHandle$Holder.invokeSpecial(java.lang.Object, java.lang.Object, int, java.lang.Object, java.lang.Object)'> (0x0000000623c58af8) 
thrown [s\src\hotspot\share\interpreter\linkResolver.cpp, line 759]
Event: 41.862 Thread 0x000001d2cedc39a0 Exception <a 'java/lang/NoSuchMethodError'{0x00000006243fbec0}: 'java.lang.Object java.lang.invoke.DelegatingMethodHandle$Holder.delegate(java.lang.Object, int, java.lang.Object, java.lang.Object)'> (0x00000006243fbec0) 
thrown [s\src\hotspot\share\interpreter\linkResolver.cpp, line 759]
Event: 41.863 Thread 0x000001d2cedc39a0 Exception <a 'java/lang/NoSuchMethodError'{0x0000000623cd42b0}: 'int java.lang.invoke.Invokers$Holder.linkToTargetMethod(java.lang.Object, java.lang.Object, java.lang.Object)'> (0x0000000623cd42b0) 
thrown [s\src\hotspot\share\interpreter\linkResolver.cpp, line 759]
Event: 41.863 Thread 0x000001d30ce4ec50 Exception <a 'java/lang/NoSuchMethodError'{0x0000000623c68758}: 'int java.lang.invoke.Invokers$Holder.linkToTargetMethod(java.lang.Object, java.lang.Object, java.lang.Object)'> (0x0000000623c68758) 
thrown [s\src\hotspot\share\interpreter\linkResolver.cpp, line 759]

VM Operations (20 events):
Event: 44.851 Executing VM operation: Cleanup
Event: 44.851 Executing VM operation: Cleanup done
Event: 45.851 Executing VM operation: Cleanup
Event: 45.851 Executing VM operation: Cleanup done
Event: 46.851 Executing VM operation: Cleanup
Event: 46.851 Executing VM operation: Cleanup done
Event: 48.852 Executing VM operation: Cleanup
Event: 48.852 Executing VM operation: Cleanup done
Event: 52.853 Executing VM operation: Cleanup
Event: 52.854 Executing VM operation: Cleanup done
Event: 56.855 Executing VM operation: Cleanup
Event: 56.855 Executing VM operation: Cleanup done
Event: 60.101 Executing VM operation: HandshakeAllThreads
Event: 60.101 Executing VM operation: HandshakeAllThreads done
Event: 60.101 Executing VM operation: Cleanup
Event: 60.101 Executing VM operation: Cleanup done
Event: 64.103 Executing VM operation: Cleanup
Event: 64.103 Executing VM operation: Cleanup done
Event: 66.052 Executing VM operation: G1CollectForAllocation
Event: 66.094 Executing VM operation: G1CollectForAllocation done

Events (20 events):
Event: 0.637 Thread 0x000001d30029d8b0 Thread added: 0x000001d30029d8b0
Event: 0.794 Thread 0x000001d2ffe1ef50 Thread added: 0x000001d2ffe1ef50
Event: 0.795 Thread 0x000001d2ffe20390 Thread added: 0x000001d2ffe20390
Event: 1.123 Thread 0x000001d30029d8b0 Thread exited: 0x000001d30029d8b0
Event: 1.137 Thread 0x000001d2ffe1f460 Thread added: 0x000001d2ffe1f460
Event: 1.466 Thread 0x000001d2ffe1e530 Thread added: 0x000001d2ffe1e530
Event: 1.494 Thread 0x000001d3008ae2c0 Thread added: 0x000001d3008ae2c0
Event: 1.648 Thread 0x000001d2ffe1f970 Thread added: 0x000001d2ffe1f970
Event: 2.569 Thread 0x000001d3008ae2c0 Thread exited: 0x000001d3008ae2c0
Event: 4.233 Thread 0x000001d30c1d1c30 Thread added: 0x000001d30c1d1c30
Event: 4.670 Thread 0x000001d30c1d1c30 Thread exited: 0x000001d30c1d1c30
Event: 18.205 Thread 0x000001d30e873630 Thread added: 0x000001d30e873630
Event: 18.205 Thread 0x000001d30e873b80 Thread added: 0x000001d30e873b80
Event: 18.596 Thread 0x000001d30e873b80 Thread exited: 0x000001d30e873b80
Event: 19.174 Thread 0x000001d30e873630 Thread exited: 0x000001d30e873630
Event: 41.859 Thread 0x000001d30ce4ec50 Thread added: 0x000001d30ce4ec50
Event: 41.864 Thread 0x000001d30b339270 Thread added: 0x000001d30b339270
Event: 41.870 Thread 0x000001d30b3387d0 Thread added: 0x000001d30b3387d0
Event: 42.068 Thread 0x000001d30b3387d0 Thread exited: 0x000001d30b3387d0
Event: 42.227 Thread 0x000001d30b339270 Thread exited: 0x000001d30b339270


Dynamic libraries:
0x00007ff6b59e0000 - 0x00007ff6b59ee000 	C:\Users\Public\wpilib\2025\jdk\bin\java.exe
0x00007ffec6280000 - 0x00007ffec64e3000 	C:\WINDOWS\SYSTEM32\ntdll.dll
0x00007ffec5b90000 - 0x00007ffec5c57000 	C:\WINDOWS\System32\KERNEL32.DLL
0x00007ffec3990000 - 0x00007ffec3d57000 	C:\WINDOWS\System32\KERNELBASE.dll
0x00007ffec37a0000 - 0x00007ffec38ec000 	C:\WINDOWS\System32\ucrtbase.dll
0x00007ffec0620000 - 0x00007ffec0637000 	C:\Users\Public\wpilib\2025\jdk\bin\jli.dll
0x00007ffebe470000 - 0x00007ffebe48e000 	C:\Users\Public\wpilib\2025\jdk\bin\VCRUNTIME140.dll
0x00007ffec5db0000 - 0x00007ffec5f79000 	C:\WINDOWS\System32\USER32.dll
0x00007ffeb2c30000 - 0x00007ffeb2ec0000 	C:\WINDOWS\WinSxS\amd64_microsoft.windows.common-controls_6595b64144ccf1df_6.0.26100.3037_none_3e09262ce333c378\COMCTL32.dll
0x00007ffec3f60000 - 0x00007ffec3f87000 	C:\WINDOWS\System32\win32u.dll
0x00007ffec4bf0000 - 0x00007ffec4c99000 	C:\WINDOWS\System32\msvcrt.dll
0x00007ffec5f80000 - 0x00007ffec5faa000 	C:\WINDOWS\System32\GDI32.dll
0x00007ffec3f90000 - 0x00007ffec40bb000 	C:\WINDOWS\System32\gdi32full.dll
0x00007ffec3e20000 - 0x00007ffec3ec3000 	C:\WINDOWS\System32\msvcp_win.dll
0x00007ffec50e0000 - 0x00007ffec510f000 	C:\WINDOWS\System32\IMM32.DLL
0x00007ffec0610000 - 0x00007ffec061c000 	C:\Users\Public\wpilib\2025\jdk\bin\vcruntime140_1.dll
0x00007ffeac5a0000 - 0x00007ffeac62d000 	C:\Users\Public\wpilib\2025\jdk\bin\msvcp140.dll
0x00007ffea5320000 - 0x00007ffea5f8a000 	C:\Users\Public\wpilib\2025\jdk\bin\server\jvm.dll
0x00007ffec6180000 - 0x00007ffec6234000 	C:\WINDOWS\System32\ADVAPI32.dll
0x00007ffec45c0000 - 0x00007ffec4666000 	C:\WINDOWS\System32\sechost.dll
0x00007ffec5180000 - 0x00007ffec5296000 	C:\WINDOWS\System32\RPCRT4.dll
0x00007ffec5d30000 - 0x00007ffec5da4000 	C:\WINDOWS\System32\WS2_32.dll
0x00007ffec34b0000 - 0x00007ffec34fe000 	C:\WINDOWS\SYSTEM32\POWRPROF.dll
0x00007ffeac330000 - 0x00007ffeac33b000 	C:\WINDOWS\SYSTEM32\VERSION.dll
0x00007ffeb9610000 - 0x00007ffeb9646000 	C:\WINDOWS\SYSTEM32\WINMM.dll
0x00007ffec3490000 - 0x00007ffec34a4000 	C:\WINDOWS\SYSTEM32\UMPDC.dll
0x00007ffec2450000 - 0x00007ffec246a000 	C:\WINDOWS\SYSTEM32\kernel.appcore.dll
0x00007ffec05b0000 - 0x00007ffec05ba000 	C:\Users\Public\wpilib\2025\jdk\bin\jimage.dll
0x00007ffec0e20000 - 0x00007ffec1061000 	C:\WINDOWS\SYSTEM32\DBGHELP.DLL
0x00007ffec4230000 - 0x00007ffec45ae000 	C:\WINDOWS\System32\combase.dll
0x00007ffec53a0000 - 0x00007ffec5476000 	C:\WINDOWS\System32\OLEAUT32.dll
0x00007ffeac560000 - 0x00007ffeac599000 	C:\WINDOWS\SYSTEM32\dbgcore.DLL
0x00007ffec38f0000 - 0x00007ffec3989000 	C:\WINDOWS\System32\bcryptPrimitives.dll
0x00007ffea84a0000 - 0x00007ffea84db000 	C:\Users\Public\wpilib\2025\jdk\bin\jdwp.dll
0x00007ffeb1220000 - 0x00007ffeb1245000 	C:\Users\Public\wpilib\2025\jdk\bin\java.dll
0x00007ffea81a0000 - 0x00007ffea8277000 	C:\Users\Public\wpilib\2025\jdk\bin\jsvml.dll
0x00007ffec5480000 - 0x00007ffec5b84000 	C:\WINDOWS\System32\SHELL32.dll
0x00007ffec12f0000 - 0x00007ffec1b27000 	C:\WINDOWS\SYSTEM32\windows.storage.dll
0x00007ffec4ca0000 - 0x00007ffec4d89000 	C:\WINDOWS\System32\SHCORE.dll
0x00007ffec4f30000 - 0x00007ffec4f8d000 	C:\WINDOWS\System32\shlwapi.dll
0x00007ffec3530000 - 0x00007ffec355e000 	C:\WINDOWS\SYSTEM32\profapi.dll
0x00007ffeb1910000 - 0x00007ffeb191c000 	C:\Users\Public\wpilib\2025\jdk\bin\dt_socket.dll
0x00007ffec1e50000 - 0x00007ffec1e82000 	C:\WINDOWS\SYSTEM32\IPHLPAPI.DLL
0x00007ffec2960000 - 0x00007ffec29ca000 	C:\WINDOWS\system32\mswsock.dll
0x00007ffec1f40000 - 0x00007ffec2065000 	C:\WINDOWS\SYSTEM32\DNSAPI.dll
0x00007ffec4690000 - 0x00007ffec469a000 	C:\WINDOWS\System32\NSI.dll
0x00007ffebe380000 - 0x00007ffebe38b000 	C:\Windows\System32\rasadhlp.dll
0x00007ffeb0fd0000 - 0x00007ffeb1055000 	C:\WINDOWS\System32\fwpuclnt.dll
0x00007ffebe410000 - 0x00007ffebe429000 	C:\Users\Public\wpilib\2025\jdk\bin\net.dll
0x00007ffeb0e40000 - 0x00007ffeb0f5e000 	C:\WINDOWS\SYSTEM32\WINHTTP.dll
0x00007ffeac540000 - 0x00007ffeac556000 	C:\Users\Public\wpilib\2025\jdk\bin\nio.dll
0x00007ffeaa340000 - 0x00007ffeaa358000 	C:\Users\Public\wpilib\2025\jdk\bin\zip.dll
0x00007ffeaf6d0000 - 0x00007ffeaf6e0000 	C:\Robot-Source-Code-2025-Reefscape\build\jni\release\wpiutiljni.dll
0x00007ffe31eb0000 - 0x00007ffe3223c000 	C:\Robot-Source-Code-2025-Reefscape\build\jni\release\wpiutil.dll
0x00007ffe96b90000 - 0x00007ffe96bd3000 	C:\Robot-Source-Code-2025-Reefscape\build\jni\release\wpiHaljni.dll
0x00007ffe921d0000 - 0x00007ffe92273000 	C:\Robot-Source-Code-2025-Reefscape\build\jni\release\wpiHal.dll
0x00007ffe28820000 - 0x00007ffe29523000 	C:\Robot-Source-Code-2025-Reefscape\build\jni\release\halsim_gui.dll
0x00007ffe31ca0000 - 0x00007ffe31eac000 	C:\Robot-Source-Code-2025-Reefscape\build\jni\release\wpimath.dll
0x00007ffe48da0000 - 0x00007ffe48f15000 	C:\Robot-Source-Code-2025-Reefscape\build\jni\release\ntcore.dll
0x00007ffebe5a0000 - 0x00007ffebea1f000 	C:\WINDOWS\SYSTEM32\D3DCOMPILER_47.dll
0x00007ffe8cc80000 - 0x00007ffe8ccc1000 	C:\Users\Public\wpilib\2025\jdk\bin\MSVCP140_2.dll
0x00007ffebeee0000 - 0x00007ffebf13e000 	C:\WINDOWS\SYSTEM32\d3d11.dll
0x00007ffe29ea0000 - 0x00007ffe2a25c000 	C:\Robot-Source-Code-2025-Reefscape\build\jni\release\wpinet.dll
0x00007ffec2c10000 - 0x00007ffec2c2c000 	C:\WINDOWS\SYSTEM32\cryptsp.dll
0x00007ffec2a00000 - 0x00007ffec2a2b000 	C:\WINDOWS\SYSTEM32\USERENV.dll
0x00007ffec0880000 - 0x00007ffec09ac000 	C:\WINDOWS\SYSTEM32\dxgi.dll
0x00007ffec2c00000 - 0x00007ffec2c0c000 	C:\WINDOWS\SYSTEM32\CRYPTBASE.DLL
0x00007ffec0820000 - 0x00007ffec087c000 	C:\WINDOWS\SYSTEM32\directxdatabasehelper.dll
0x00007ffe8cc30000 - 0x00007ffe8cc7b000 	C:\WINDOWS\SYSTEM32\dinput8.dll
0x00007ffea9a30000 - 0x00007ffea9a42000 	C:\WINDOWS\SYSTEM32\xinput1_4.dll
0x00007ffec3130000 - 0x00007ffec318f000 	C:\WINDOWS\SYSTEM32\cfgmgr32.dll
0x00007ffec31a0000 - 0x00007ffec31cd000 	C:\WINDOWS\SYSTEM32\DEVOBJ.dll
0x00007ffec09d0000 - 0x00007ffec09fe000 	C:\WINDOWS\SYSTEM32\dwmapi.dll
0x00007ffec06e0000 - 0x00007ffec078d000 	C:\WINDOWS\system32\uxtheme.dll
0x00007ffeaae20000 - 0x00007ffeaaffe000 	C:\WINDOWS\SYSTEM32\inputhost.dll
0x00007ffebf9f0000 - 0x00007ffebfb16000 	C:\WINDOWS\SYSTEM32\CoreMessaging.dll
0x00007ffec40c0000 - 0x00007ffec421c000 	C:\WINDOWS\System32\MSCTF.dll
0x00007ffeac180000 - 0x00007ffeac2c6000 	C:\WINDOWS\SYSTEM32\textinputframework.dll
0x00007ffebb840000 - 0x00007ffebbb23000 	C:\WINDOWS\SYSTEM32\CoreUIComponents.dll
0x00007ffebb6d0000 - 0x00007ffebb838000 	C:\WINDOWS\SYSTEM32\wintypes.dll
0x00007ffea2cb0000 - 0x00007ffea2d2c000 	C:\WINDOWS\system32\Oleacc.dll
0x00007ffec07d0000 - 0x00007ffec0817000 	C:\WINDOWS\SYSTEM32\dxcore.dll
0x00007ffebb0d0000 - 0x00007ffebb507000 	C:\WINDOWS\System32\DriverStore\FileRepository\iigd_dch.inf_amd64_c73cfa60d516cb00\igd10iumd64.dll
0x00007ffec0240000 - 0x00007ffec02dc000 	C:\WINDOWS\SYSTEM32\apphelp.dll
0x00007ffeb9650000 - 0x00007ffebaecb000 	C:\WINDOWS\System32\DriverStore\FileRepository\iigd_dch.inf_amd64_c73cfa60d516cb00\igd10um64xe.DLL
0x00007ffec3620000 - 0x00007ffec3796000 	C:\WINDOWS\System32\CRYPT32.dll
0x00007ffec4d90000 - 0x00007ffec4f25000 	C:\WINDOWS\System32\ole32.dll
0x00007ffec2dd0000 - 0x00007ffec2df6000 	C:\WINDOWS\SYSTEM32\bcrypt.dll
0x00007ffeb94b0000 - 0x00007ffeb94eb000 	C:\WINDOWS\SYSTEM32\ControlLib.dll
0x00007ffec4760000 - 0x00007ffec4be6000 	C:\WINDOWS\System32\SETUPAPI.dll
0x00007ffeb93b0000 - 0x00007ffeb9426000 	C:\WINDOWS\System32\DriverStore\FileRepository\iigd_dch.inf_amd64_c73cfa60d516cb00\IntelControlLib.dll
0x00007ffec3ed0000 - 0x00007ffec3f4f000 	C:\WINDOWS\System32\WINTRUST.dll
0x00007ffec2c70000 - 0x00007ffec2c83000 	C:\WINDOWS\SYSTEM32\MSASN1.dll
0x00007ffeb8f30000 - 0x00007ffeb9345000 	C:\WINDOWS\System32\DriverStore\FileRepository\iigd_dch.inf_amd64_c73cfa60d516cb00\igdgmm64.dll
0x00007ffeb49b0000 - 0x00007ffeb8f2f000 	C:\WINDOWS\System32\DriverStore\FileRepository\iigd_dch.inf_amd64_c73cfa60d516cb00\igc64.dll
0x00007ffe92190000 - 0x00007ffe921cc000 	C:\Robot-Source-Code-2025-Reefscape\build\jni\release\ntcorejni.dll
0x00007ffec1b30000 - 0x00007ffec1b3f000 	C:\WINDOWS\SYSTEM32\HID.DLL
0x00007ffec46b0000 - 0x00007ffec4758000 	C:\WINDOWS\System32\clbcatq.dll
0x00007ffe90030000 - 0x00007ffe90074000 	C:\Windows\System32\deviceaccess.dll
0x00007ffec0580000 - 0x00007ffec0589000 	C:\Users\Public\wpilib\2025\jdk\bin\management.dll
0x00007ffeb1810000 - 0x00007ffeb181b000 	C:\Users\Public\wpilib\2025\jdk\bin\management_ext.dll
0x00007ffec46a0000 - 0x00007ffec46a8000 	C:\WINDOWS\System32\PSAPI.DLL
0x00007ffea40f0000 - 0x00007ffea4108000 	C:\Robot-Source-Code-2025-Reefscape\build\jni\release\photontargeting.dll
0x00007ffeaf6c0000 - 0x00007ffeaf6ca000 	C:\Robot-Source-Code-2025-Reefscape\build\jni\release\photontargetingJNI.dll
0x00007ffe59b10000 - 0x00007ffe59bbe000 	C:\Robot-Source-Code-2025-Reefscape\build\jni\release\cscore.dll
0x00007ffe30c30000 - 0x00007ffe30d99000 	C:\Robot-Source-Code-2025-Reefscape\build\jni\release\opencv_imgcodecs4100.dll
0x00007ffe29b20000 - 0x00007ffe29e92000 	C:\Robot-Source-Code-2025-Reefscape\build\jni\release\opencv_core4100.dll
0x00007ffe28260000 - 0x00007ffe2881a000 	C:\Robot-Source-Code-2025-Reefscape\build\jni\release\opencv_imgproc4100.dll
0x00007ffead570000 - 0x00007ffead77d000 	C:\WINDOWS\SYSTEM32\MFPlat.DLL
0x00007ffeae260000 - 0x00007ffeae2e7000 	C:\WINDOWS\SYSTEM32\MF.dll
0x00007ffe9ff90000 - 0x00007ffea0062000 	C:\WINDOWS\SYSTEM32\MFReadWrite.dll
0x00007ffea7670000 - 0x00007ffea76bd000 	C:\Users\Public\wpilib\2025\jdk\bin\CONCRT140.dll
0x00007ffeade50000 - 0x00007ffeae25c000 	C:\WINDOWS\SYSTEM32\MFCORE.DLL
0x00007ffead520000 - 0x00007ffead561000 	C:\WINDOWS\SYSTEM32\RTWorkQ.DLL
0x00007ffe97d20000 - 0x00007ffe97d48000 	C:\Robot-Source-Code-2025-Reefscape\build\jni\release\cscorejni.dll
0x00007ffe29910000 - 0x00007ffe29b18000 	C:\Robot-Source-Code-2025-Reefscape\build\jni\release\opencv_java4100.dll
0x00007ffe4b6b0000 - 0x00007ffe4b753000 	C:\Robot-Source-Code-2025-Reefscape\build\jni\release\opencv_ml4100.dll
0x00007ffe4ae40000 - 0x00007ffe4af0a000 	C:\Robot-Source-Code-2025-Reefscape\build\jni\release\opencv_photo4100.dll
0x00007ffe8cbf0000 - 0x00007ffe8cc28000 	C:\Robot-Source-Code-2025-Reefscape\build\jni\release\opencv_aruco4100.dll
0x00007ffe30b80000 - 0x00007ffe30c30000 	C:\Robot-Source-Code-2025-Reefscape\build\jni\release\opencv_video4100.dll
0x00007ffe30510000 - 0x00007ffe305c3000 	C:\Robot-Source-Code-2025-Reefscape\build\jni\release\opencv_videoio4100.dll
0x00007ffe297b0000 - 0x00007ffe29901000 	C:\Robot-Source-Code-2025-Reefscape\build\jni\release\opencv_objdetect4100.dll
0x00007ffe27ee0000 - 0x00007ffe28255000 	C:\Robot-Source-Code-2025-Reefscape\build\jni\release\opencv_dnn4100.dll
0x00007ffe30430000 - 0x00007ffe30503000 	C:\Robot-Source-Code-2025-Reefscape\build\jni\release\opencv_features2d4100.dll
0x00007ffe27bf0000 - 0x00007ffe27ed6000 	C:\Robot-Source-Code-2025-Reefscape\build\jni\release\opencv_calib3d4100.dll
0x00007ffe88be0000 - 0x00007ffe88c75000 	C:\Robot-Source-Code-2025-Reefscape\build\jni\release\opencv_flann4100.dll
0x00007ffeb1110000 - 0x00007ffeb111e000 	C:\WINDOWS\SYSTEM32\WINNSI.DLL
0x00007ffeb0fa0000 - 0x00007ffeb0fbf000 	C:\WINDOWS\SYSTEM32\dhcpcsvc6.DLL

dbghelp: loaded successfully - version: 4.0.5 - missing functions: none
symbol engine: initialized successfully - sym options: 0x614 - pdb path: .;C:\Users\Public\wpilib\2025\jdk\bin;C:\WINDOWS\SYSTEM32;C:\WINDOWS\WinSxS\amd64_microsoft.windows.common-controls_6595b64144ccf1df_6.0.26100.3037_none_3e09262ce333c378;C:\Users\Public\wpilib\2025\jdk\bin\server;C:\Robot-Source-Code-2025-Reefscape\build\jni\release;C:\WINDOWS\System32\DriverStore\FileRepository\iigd_dch.inf_amd64_c73cfa60d516cb00

VM Arguments:
jvm_args: -agentlib:jdwp=transport=dt_socket,server=n,suspend=y,address=localhost:62780 -Djava.library.path=C:\Robot-Source-Code-2025-Reefscape\build\jni\release -XX:+ShowCodeDetailsInExceptionMessages 
java_command: frc.robot.Main
java_class_path (initial): C:\Robot-Source-Code-2025-Reefscape\bin\main;C:\Robot-Source-Code-2025-Reefscape\bin\default;C:\Users\rossj\.gradle\caches\modules-2\files-2.1\edu.wpi.first.wpilibj\wpilibj-java\2025.3.1\34e0478f25e00bb66271b1da50686e746568f0a8\wpilibj-java-2025.3.1.jar;C:\Users\rossj\.gradle\caches\modules-2\files-2.1\edu.wpi.first.wpimath\wpimath-java\2025.3.1\807789039e0e9ab8d58aa619627c510bdb47f4ed\wpimath-java-2025.3.1.jar;C:\Users\rossj\.gradle\caches\modules-2\files-2.1\edu.wpi.first.ntcore\ntcore-java\2025.3.1\74d9c268b73771d0cd560cc56b2e750d6fa4e9bc\ntcore-java-2025.3.1.jar;C:\Users\rossj\.gradle\caches\modules-2\files-2.1\edu.wpi.first.cscore\cscore-java\2025.3.1\d0e76f8604526a30ef9d49035fa4a05c891d6ba\cscore-java-2025.3.1.jar;C:\Users\rossj\.gradle\caches\modules-2\files-2.1\edu.wpi.first.cameraserver\cameraserver-java\2025.3.1\c38b7a6075ca26b0cfbaa3f84489a793aeea1ba4\cameraserver-java-2025.3.1.jar;C:\Users\rossj\.gradle\caches\modules-2\files-2.1\edu.wpi.first.hal\hal-java\2025.3.1\6f68e0cf86c7203242551534a17a6ec4bf4c4c3b\hal-java-2025.3.1.jar;C:\Users\rossj\.gradle\caches\modules-2\files-2.1\edu.wpi.first.wpinet\wpinet-java\2025.3.1\3300ca8e6841f0a9455e4db73931cade6248d9e\wpinet-java-2025.3.1.jar;C:\Users\rossj\.gradle\caches\modules-2\files-2.1\edu.wpi.first.wpiutil\wpiutil-java\2025.3.1\2c356ade3ac094a289be12f99a84ce04d866d911\wpiutil-java-2025.3.1.jar;C:\Users\rossj\.gradle\caches\modules-2\files-2.1\edu.wpi.first.apriltag\apriltag-java\2025.3.1\933cc45344cfeb3cab0b50ebe266998fbf291182\apriltag-java-2025.3.1.jar;C:\Users\rossj\.gradle\caches\modules-2\files-2.1\edu.wpi.first.wpiunits\wpiunits-java\2025.3.1\e3ed8081ed3150770562858e6fb82367e0cbfe9a\wpiunits-java-2025.3.1.jar;C:\Users\rossj\.gradle\caches\modules-2\files-2.1\edu.wpi.first.epilogue\epilogue-runtime-java\2025.3.1\1893f52706c36e8280c63e9349fdd4773c2035a8\epilogue-runtime-java-2025.3.1.jar;C:\Users\Public\wpilib\2025\maven\edu\wpi\first\thirdparty\frc2025\opencv\opencv-java\4.10
Launcher Type: SUN_STANDARD

[Global flags]
     intx CICompilerCount                          = 4                                         {product} {ergonomic}
     uint ConcGCThreads                            = 3                                         {product} {ergonomic}
     uint G1ConcRefinementThreads                  = 10                                        {product} {ergonomic}
   size_t G1HeapRegionSize                         = 4194304                                   {product} {ergonomic}
    uintx GCDrainStackTargetSize                   = 64                                        {product} {ergonomic}
   size_t InitialHeapSize                          = 532676608                                 {product} {ergonomic}
   size_t MarkStackSize                            = 4194304                                   {product} {ergonomic}
   size_t MaxHeapSize                              = 8510242816                                {product} {ergonomic}
   size_t MaxNewSize                               = 5104467968                                {product} {ergonomic}
   size_t MinHeapDeltaBytes                        = 4194304                                   {product} {ergonomic}
   size_t MinHeapSize                              = 8388608                                   {product} {ergonomic}
    uintx NonNMethodCodeHeapSize                   = 5839372                                {pd product} {ergonomic}
    uintx NonProfiledCodeHeapSize                  = 122909434                              {pd product} {ergonomic}
    uintx ProfiledCodeHeapSize                     = 122909434                              {pd product} {ergonomic}
    uintx ReservedCodeCacheSize                    = 251658240                              {pd product} {ergonomic}
     bool SegmentedCodeCache                       = true                                      {product} {ergonomic}
     bool ShowCodeDetailsInExceptionMessages       = true                                   {manageable} {command line}
   size_t SoftMaxHeapSize                          = 8510242816                             {manageable} {ergonomic}
     bool UseCompressedClassPointers               = true                           {product lp64_product} {ergonomic}
     bool UseCompressedOops                        = true                           {product lp64_product} {ergonomic}
     bool UseG1GC                                  = true                                      {product} {ergonomic}
     bool UseLargePagesIndividualAllocation        = false                                  {pd product} {ergonomic}

Logging:
Log output configuration:
 #0: stdout all=warning uptime,level,tags
 #1: stderr all=off uptime,level,tags

Environment Variables:
JAVA_HOME=C:\Users\Public\wpilib\2025\jdk
PATH=C:\Robot-Source-Code-2025-Reefscape\build\jni\release;C:\WINDOWS\system32\
USERNAME=rossj
LANG=en_US.UTF-8
OS=Windows_NT
PROCESSOR_IDENTIFIER=Intel64 Family 6 Model 186 Stepping 3, GenuineIntel
TMP=C:\Users\rossj\AppData\Local\Temp
TEMP=C:\Users\rossj\AppData\Local\Temp



Periodic native trim disabled


---------------  S Y S T E M  ---------------

OS:
 Windows 11 , 64 bit Build 26100 (10.0.26100.3037)
OS uptime: 0 days 13:14 hours
Hyper-V role detected

CPU: total 12 (initial active 12) (6 cores per cpu, 2 threads per core) family 6 model 186 stepping 3 microcode 0x410e, cx8, cmov, fxsr, ht, mmx, 3dnowpref, sse, sse2, sse3, ssse3, sse4.1, sse4.2, popcnt, lzcnt, tsc, tscinvbit, avx, avx2, aes, erms, clmul, bmi1, bmi2, adx, sha, fma, vzeroupper, clflush, clflushopt, clwb, hv
Processor Information for processor 0
  Max Mhz: 1700, Current Mhz: 1700, Mhz Limit: 1700
Processor Information for processor 1
  Max Mhz: 1700, Current Mhz: 1700, Mhz Limit: 1700
Processor Information for processor 2
  Max Mhz: 1700, Current Mhz: 1700, Mhz Limit: 1700
Processor Information for processor 3
  Max Mhz: 1700, Current Mhz: 1700, Mhz Limit: 1700
Processor Information for processor 4
  Max Mhz: 1700, Current Mhz: 1200, Mhz Limit: 1190
Processor Information for processor 5
  Max Mhz: 1700, Current Mhz: 1200, Mhz Limit: 1190
Processor Information for processor 6
  Max Mhz: 1700, Current Mhz: 1200, Mhz Limit: 1190
Processor Information for processor 7
  Max Mhz: 1700, Current Mhz: 1200, Mhz Limit: 1190
Processor Information for processor 8
  Max Mhz: 1700, Current Mhz: 1200, Mhz Limit: 1190
Processor Information for processor 9
  Max Mhz: 1700, Current Mhz: 1200, Mhz Limit: 1190
Processor Information for processor 10
  Max Mhz: 1700, Current Mhz: 1200, Mhz Limit: 1190
Processor Information for processor 11
  Max Mhz: 1700, Current Mhz: 1200, Mhz Limit: 1190

Memory: 4k page, system-wide physical 32455M (18185M free)
TotalPageFile size 34503M (AvailPageFile size 16270M)
current process WorkingSet (physical memory assigned to process): 657M, peak: 804M
current process commit charge ("private bytes"): 942M, peak: 1110M

vm_info: OpenJDK 64-Bit Server VM (17.0.12+7) for windows-amd64 JRE (17.0.12+7), built on Jul 16 2024 22:08:24 by "admin" with MS VC++ 16.10 / 16.11 (VS2019)

END.
