#
# A fatal error has been detected by the Java Runtime Environment:
#
#  EXCEPTION_ACCESS_VIOLATION (0xc0000005) at pc=0x00007ffe84cd9436, pid=1420, tid=13584
#
# JRE version: OpenJDK Runtime Environment Temurin-17.0.12+7 (17.0.12+7) (build 17.0.12+7)
# Java VM: OpenJDK 64-Bit Server VM Temurin-17.0.12+7 (17.0.12+7, mixed mode, sharing, tiered, compressed oops, compressed class ptrs, g1 gc, windows-amd64)
# Problematic frame:
# C  [halsim_gui.dll+0x89436]
#
# No core dump will be written. Minidumps are not enabled by default on client versions of Windows
#
# If you would like to submit a bug report, please visit:
#   https://github.com/adoptium/adoptium-support/issues
# The crash happened outside the Java Virtual Machine in native code.
# See problematic frame for where to report the bug.
#

---------------  S U M M A R Y ------------

Command Line: -agentlib:jdwp=transport=dt_socket,server=n,suspend=y,address=localhost:57373 -Djava.library.path=C:\Robot-Source-Code-2025-Reefscape\build\jni\release -XX:+ShowCodeDetailsInExceptionMessages frc.robot.Main

Host: 13th Gen Intel(R) Core(TM) i7-1355U, 12 cores, 31G,  Windows 11 , 64 bit Build 26100 (10.0.26100.3037)
Time: Mon Mar 10 10:35:40 2025 Eastern Daylight Time elapsed time: 21.921689 seconds (0d 0h 0m 21s)

---------------  T H R E A D  ---------------

Current thread (0x0000025178a04ea0):  JavaThread "main" [_thread_in_native, id=13584, stack(0x0000008829300000,0x0000008829400000)]

Stack: [0x0000008829300000,0x0000008829400000],  sp=0x00000088293ff1a0,  free space=1020k
Native frames: (J=compiled Java code, j=interpreted, Vv=VM code, C=native code)
C  [halsim_gui.dll+0x89436]

Java frames: (J=compiled Java code, j=interpreted, Vv=VM code)
j  edu.wpi.first.hal.HAL.runMain()V+0
j  edu.wpi.first.wpilibj.RobotBase.startRobot(Ljava/util/function/Supplier;)V+85
j  frc.robot.Main.main([Ljava/lang/String;)V+5
v  ~StubRoutines::call_stub

siginfo: EXCEPTION_ACCESS_VIOLATION (0xc0000005), reading address 0x0000000000000000


Registers:
RAX=0x00000088293ff288, RBX=0x0000000000000000, RCX=0x0000000000000000, RDX=0x0000000000000040
RSP=0x00000088293ff1a0, RBP=0x00000088293ff2f9, RSI=0x00007ffe8593d750, RDI=0x00000251808e4dd0
R8 =0x0000000000000000, R9 =0x0000000000000d68, R10=0x0000025176ed0000, R11=0x00007ffe892c06f1
R12=0x0000000000000000, R13=0x0000025126b9cf20, R14=0x0000000000000000, R15=0x00007ffe8592c398
RIP=0x00007ffe84cd9436, EFLAGS=0x0000000000010206


Register to memory mapping:

RIP=0x00007ffe84cd9436 halsim_gui.dll
RAX=0x00000088293ff288 is pointing into the stack for thread: 0x0000025178a04ea0
RBX=0x0 is NULL
RCX=0x0 is NULL
RDX=0x0000000000000040 is an unknown value
RSP=0x00000088293ff1a0 is pointing into the stack for thread: 0x0000025178a04ea0
RBP=0x00000088293ff2f9 is pointing into the stack for thread: 0x0000025178a04ea0
RSI=0x00007ffe8593d750 halsim_gui.dll
RDI=0x00000251808e4dd0 points into unknown readable memory: 0x000002518ce3a570 | 70 a5 e3 8c 51 02 00 00
R8 =0x0 is NULL
R9 =0x0000000000000d68 is an unknown value
R10=0x0000025176ed0000 points into unknown readable memory: 0x0000000000000000 | 00 00 00 00 00 00 00 00
R11=0x00007ffe892c06f1 VCRUNTIME140.dll
R12=0x0 is NULL
R13=0x0000025126b9cf20 points into unknown readable memory: 0x00007ffe84dbfb60 | 60 fb db 84 fe 7f 00 00
R14=0x0 is NULL
R15=0x00007ffe8592c398 halsim_gui.dll


Top of Stack: (sp=0x00000088293ff1a0)
0x00000088293ff1a0:   00000251924d8830 00000088293ff229
0x00000088293ff1b0:   00007ffe84dc357f 00000088293ff330
0x00000088293ff1c0:   0000025100000000 000000006b9d3a7d
0x00000088293ff1d0:   4188000000000201 44f1400043240000
0x00000088293ff1e0:   442000004499e000 4424000044a86000
0x00000088293ff1f0:   00000000445c8000 0000000000000000
0x00000088293ff200:   c010000000000000 0000000000000000
0x00000088293ff210:   c010000000000000 0000000000000000
0x00000088293ff220:   3eb0c6f7a0b5ed8d 0000000000000000
0x00000088293ff230:   0000000043da0000 0000000000000000
0x00000088293ff240:   400921fb54442d18 0000000000000000
0x00000088293ff250:   0000000000000000 0000000000000000
0x00000088293ff260:   000000003f800000 0000000000000000
0x00000088293ff270:   00007ffe8592c398 00007ffe8592c300
0x00000088293ff280:   00000251808e4dd0 00007ffe84cd6d6a
0x00000088293ff290:   00007ffe8593d750 0000000000000000
0x00000088293ff2a0:   00007ffe8593d750 4180000042e80000
0x00000088293ff2b0:   0000000000000000 0000000000000000
0x00000088293ff2c0:   000000003f800000 0000000000000000
0x00000088293ff2d0:   0000025126b9cf20 0000025126b9cf20
0x00000088293ff2e0:   000002516840d320 0000000000000000
0x00000088293ff2f0:   0000025126c06f40 000000005cb512f5
0x00000088293ff300:   00000251808e4dd0 00007ffe84d1e0d1
0x00000088293ff310:   0000000000000141 0000000000000012
0x00000088293ff320:   00007ffe856a8010 0000000004200141
0x00000088293ff330:   0000025126b9cf20 0000025126b9cf20
0x00000088293ff340:   000002516840d320 0000000000000000
0x00000088293ff350:   00000251808e4dd0 00007ffe84cd67aa
0x00000088293ff360:   00007ffe8593d750 0000000000000000
0x00000088293ff370:   00007ffe8593d750 00000251808e4dd0
0x00000088293ff380:   0000008800000000 0000008800000000
0x00000088293ff390:   000000003f800000 00007ffe84d75b70 

Instructions: (pc=0x00007ffe84cd9436)
0x00007ffe84cd9336:   00 f2 0f 5e 05 21 a4 0e 00 eb 1e f2 0f 10 44 24
0x00007ffe84cd9346:   48 f2 0f 59 05 21 a4 0e 00 f2 0f 5e 05 11 a4 0e
0x00007ffe84cd9356:   00 eb 06 f2 0f 10 44 24 48 8b 44 24 68 48 8d 54
0x00007ffe84cd9366:   24 48 89 44 24 28 48 8b 44 24 60 48 89 44 24 20
0x00007ffe84cd9376:   f2 0f 11 44 24 48 e8 8f d6 02 00 84 c0 74 6b 8b
0x00007ffe84cd9386:   0d b5 43 c6 00 85 c9 74 4f 83 e9 01 74 28 83 f9
0x00007ffe84cd9396:   01 75 45 f2 0f 10 44 24 48 0f b6 c1 f2 0f 59 05
0x00007ffe84cd93a6:   b6 a3 0e 00 f2 0f 5e 05 c6 a3 0e 00 f2 0f 11 03
0x00007ffe84cd93b6:   48 83 c4 30 5b c3 f2 0f 10 44 24 48 b0 01 f2 0f
0x00007ffe84cd93c6:   59 05 9c a3 0e 00 f2 0f 5e 05 9c a3 0e 00 f2 0f
0x00007ffe84cd93d6:   11 03 48 83 c4 30 5b c3 f2 0f 10 44 24 48 b0 01
0x00007ffe84cd93e6:   f2 0f 11 03 48 83 c4 30 5b c3 32 c0 48 83 c4 30
0x00007ffe84cd93f6:   5b c3 cc cc cc cc cc cc cc cc 48 8b c4 48 89 58
0x00007ffe84cd9406:   10 48 89 70 18 57 41 56 41 57 48 81 ec d0 00 00
0x00007ffe84cd9416:   00 0f 29 70 d8 0f 29 78 c8 44 0f 29 40 b8 44 0f
0x00007ffe84cd9426:   29 48 a8 44 0f 29 50 98 44 0f 29 58 88 4c 8b f1
0x00007ffe84cd9436:   48 8b 39 48 8b 59 08 33 d2 f2 0f 10 05 e1 67 0e
0x00007ffe84cd9446:   00 e8 64 6d fc ff 44 0f 28 d8 f2 44 0f 59 1d cf
0x00007ffe84cd9456:   67 0e 00 f2 41 0f 10 7e 10 f2 0f 59 3d c9 67 0e
0x00007ffe84cd9466:   00 f2 41 0f 5e fb 48 89 bc 24 f0 00 00 00 8b 0d
0x00007ffe84cd9476:   c6 42 c6 00 f2 44 0f 10 0d f5 a2 0e 00 f2 44 0f
0x00007ffe84cd9486:   10 15 d4 a2 0e 00 f2 0f 10 35 dc a2 0e 00 f2 44
0x00007ffe84cd9496:   0f 10 05 cb a2 0e 00 85 c9 74 33 83 e9 01 74 1a
0x00007ffe84cd94a6:   83 f9 01 75 29 f2 0f 10 84 24 f0 00 00 00 f2 41
0x00007ffe84cd94b6:   0f 59 c1 f2 41 0f 5e c2 eb 1d f2 0f 10 84 24 f0
0x00007ffe84cd94c6:   00 00 00 f2 0f 59 c6 f2 41 0f 5e c0 eb 09 f2 0f
0x00007ffe84cd94d6:   10 84 24 f0 00 00 00 f2 0f 11 84 24 f0 00 00 00
0x00007ffe84cd94e6:   c7 44 24 28 00 00 00 00 4c 8d 3d 6f 2d 0e 00 4c
0x00007ffe84cd94f6:   89 7c 24 20 0f 57 db 0f 57 d2 48 8d 94 24 f0 00
0x00007ffe84cd9506:   00 00 48 8d 0d c9 9a 0e 00 e8 fc d4 02 00 8b 0d
0x00007ffe84cd9516:   26 42 c6 00 84 c0 0f 84 80 00 00 00 8b d1 85 c9
0x00007ffe84cd9526:   74 5b 83 ea 01 74 2e 83 fa 01 75 51 f2 0f 10 84 


Stack slot to memory mapping:
stack at sp + 0 slots: 0x00000251924d8830 points into unknown readable memory: 0x0000025126c06f40 | 40 6f c0 26 51 02 00 00
stack at sp + 1 slots: 0x00000088293ff229 is pointing into the stack for thread: 0x0000025178a04ea0
stack at sp + 2 slots: 0x00007ffe84dc357f halsim_gui.dll
stack at sp + 3 slots: 0x00000088293ff330 is pointing into the stack for thread: 0x0000025178a04ea0
stack at sp + 4 slots: 0x0000025100000000 points into unknown readable memory: 0x00010000cafedada | da da fe ca 00 00 01 00
stack at sp + 5 slots: 0x000000006b9d3a7d is an unknown value
stack at sp + 6 slots: 0x4188000000000201 is an unknown value
stack at sp + 7 slots: 0x44f1400043240000 is an unknown value


---------------  P R O C E S S  ---------------

Threads class SMR info:
_java_thread_list=0x000002518cd6d500, length=23, elements={
0x0000025178a04ea0, 0x000002517c9df0a0, 0x000002517c9dfc60, 0x000002517c9f3b10,
0x000002517c9f84f0, 0x000002517c9fcec0, 0x000002517c9fd880, 0x000002517c9fedc0,
0x000002517ca00880, 0x000002517ca03290, 0x00000251269f4c30, 0x00000251269f5d80,
0x00000251269f95a0, 0x00000251269ffe60, 0x00000251269fd4e0, 0x000002516d2e6d20,
0x000002517fc06e10, 0x0000025126c1af90, 0x0000025126c1d300, 0x0000025126c1bec0,
0x0000025180ac1e80, 0x0000025180ac37d0, 0x0000025180ac28a0
}

Java Threads: ( => current thread )
=>0x0000025178a04ea0 JavaThread "main" [_thread_in_native, id=13584, stack(0x0000008829300000,0x0000008829400000)]
  0x000002517c9df0a0 JavaThread "Reference Handler" daemon [_thread_blocked, id=7616, stack(0x0000008829a00000,0x0000008829b00000)]
  0x000002517c9dfc60 JavaThread "Finalizer" daemon [_thread_blocked, id=11848, stack(0x0000008829b00000,0x0000008829c00000)]
  0x000002517c9f3b10 JavaThread "Signal Dispatcher" daemon [_thread_blocked, id=12580, stack(0x0000008829c00000,0x0000008829d00000)]
  0x000002517c9f84f0 JavaThread "Attach Listener" daemon [_thread_blocked, id=18932, stack(0x0000008829d00000,0x0000008829e00000)]
  0x000002517c9fcec0 JavaThread "Service Thread" daemon [_thread_blocked, id=18876, stack(0x0000008829e00000,0x0000008829f00000)]
  0x000002517c9fd880 JavaThread "Monitor Deflation Thread" daemon [_thread_blocked, id=17916, stack(0x0000008829f00000,0x000000882a000000)]
  0x000002517c9fedc0 JavaThread "C2 CompilerThread0" daemon [_thread_blocked, id=16536, stack(0x000000882a000000,0x000000882a100000)]
  0x000002517ca00880 JavaThread "C1 CompilerThread0" daemon [_thread_blocked, id=19144, stack(0x000000882a100000,0x000000882a200000)]
  0x000002517ca03290 JavaThread "Sweeper thread" daemon [_thread_blocked, id=11044, stack(0x000000882a200000,0x000000882a300000)]
  0x00000251269f4c30 JavaThread "JDWP Transport Listener: dt_socket" daemon [_thread_blocked, id=10464, stack(0x000000882a300000,0x000000882a400000)]
  0x00000251269f5d80 JavaThread "JDWP Event Helper Thread" daemon [_thread_blocked, id=12336, stack(0x000000882a400000,0x000000882a500000)]
  0x00000251269f95a0 JavaThread "JDWP Command Reader" daemon [_thread_in_native, id=17940, stack(0x000000882a500000,0x000000882a600000)]
  0x00000251269ffe60 JavaThread "Notification Thread" daemon [_thread_blocked, id=5688, stack(0x000000882a600000,0x000000882a700000)]
  0x00000251269fd4e0 JavaThread "Common-Cleaner" daemon [_thread_blocked, id=420, stack(0x000000882a800000,0x000000882a900000)]
  0x000002516d2e6d20 JavaThread "robot main" daemon [_thread_in_vm, id=12808, stack(0x000000882ae00000,0x000000882af00000)]
  0x000002517fc06e10 JavaThread "NTListener" daemon [_thread_in_native, id=7596, stack(0x000000882d100000,0x000000882d200000)]
  0x0000025126c1af90 JavaThread "Thread-0" daemon [_thread_in_native, id=4160, stack(0x000000882d200000,0x000000882d300000)]
  0x0000025126c1d300 JavaThread "CSListener" daemon [_thread_in_native, id=16808, stack(0x000000882df00000,0x000000882e000000)]
  0x0000025126c1bec0 JavaThread "VideoListener" daemon [_thread_in_native, id=14240, stack(0x000000882e000000,0x000000882e100000)]
  0x0000025180ac1e80 JavaThread "Notifier" daemon [_thread_in_native, id=6356, stack(0x000000882f200000,0x000000882f300000)]
  0x0000025180ac37d0 JavaThread "Notifier" daemon [_thread_in_native, id=9344, stack(0x000000882f400000,0x000000882f500000)]
  0x0000025180ac28a0 JavaThread "AdvantageKit_LogReceiver" daemon [_thread_blocked, id=17304, stack(0x000000882f600000,0x000000882f700000)]

Other Threads:
  0x000002517c9d9e50 VMThread "VM Thread" [stack: 0x0000008829900000,0x0000008829a00000] [id=3840]
  0x00000251269fccb0 WatcherThread [stack: 0x000000882a700000,0x000000882a800000] [id=13544]
  0x0000025178ab9ec0 GCTaskThread "GC Thread#0" [stack: 0x0000008829400000,0x0000008829500000] [id=10084]
  0x000002518012d6d0 GCTaskThread "GC Thread#1" [stack: 0x000000882d400000,0x000000882d500000] [id=17076]
  0x000002518012e490 GCTaskThread "GC Thread#2" [stack: 0x000000882d500000,0x000000882d600000] [id=13080]
  0x000002518012c390 GCTaskThread "GC Thread#3" [stack: 0x000000882d600000,0x000000882d700000] [id=18868]
  0x000002518012cbd0 GCTaskThread "GC Thread#4" [stack: 0x000000882d700000,0x000000882d800000] [id=19432]
  0x000002518012aad0 GCTaskThread "GC Thread#5" [stack: 0x000000882d800000,0x000000882d900000] [id=19328]
  0x00000251800ed620 GCTaskThread "GC Thread#6" [stack: 0x000000882d900000,0x000000882da00000] [id=18532]
  0x0000025180258490 GCTaskThread "GC Thread#7" [stack: 0x000000882da00000,0x000000882db00000] [id=19128]
  0x0000025180255e10 GCTaskThread "GC Thread#8" [stack: 0x000000882db00000,0x000000882dc00000] [id=16584]
  0x0000025180256650 GCTaskThread "GC Thread#9" [stack: 0x000000882dc00000,0x000000882dd00000] [id=17556]
  0x0000025178abeb10 ConcurrentGCThread "G1 Main Marker" [stack: 0x0000008829500000,0x0000008829600000] [id=17476]
  0x000002517c81c760 ConcurrentGCThread "G1 Conc#0" [stack: 0x0000008829600000,0x0000008829700000] [id=19040]
  0x000002517c901160 ConcurrentGCThread "G1 Refine#0" [stack: 0x0000008829700000,0x0000008829800000] [id=6392]
  0x000002517c902ba0 ConcurrentGCThread "G1 Service" [stack: 0x0000008829800000,0x0000008829900000] [id=16784]

Threads with active compile tasks:

VM state: not at safepoint (normal execution)

VM Mutex/Monitor currently owned by a thread: None

Heap address: 0x0000000604c00000, size: 8116 MB, Compressed Oops mode: Zero based, Oop shift amount: 3

CDS archive(s) mapped at: [0x0000025127000000-0x0000025127bb0000-0x0000025127bb0000), size 12255232, SharedBaseAddress: 0x0000025127000000, ArchiveRelocationMode: 1.
Compressed class space mapped at: 0x0000025128000000-0x0000025168000000, reserved size: 1073741824
Narrow klass base: 0x0000025127000000, Narrow klass shift: 0, Narrow klass range: 0x100000000

GC Precious Log:
 CPUs: 12 total, 12 available
 Memory: 32455M
 Large Page Support: Disabled
 NUMA Support: Disabled
 Compressed Oops: Enabled (Zero based)
 Heap Region Size: 4M
 Heap Min Capacity: 8M
 Heap Initial Capacity: 508M
 Heap Max Capacity: 8116M
 Pre-touch: Disabled
 Parallel Workers: 10
 Concurrent Workers: 3
 Concurrent Refinement Workers: 10
 Periodic GC: Disabled

Heap:
 garbage-first heap   total 520192K, used 156247K [0x0000000604c00000, 0x0000000800000000)
  region size 4096K, 39 young (159744K), 1 survivors (4096K)
 Metaspace       used 17340K, committed 17600K, reserved 1114112K
  class space    used 1730K, committed 1856K, reserved 1048576K

Heap Regions: E=young(eden), S=young(survivor), O=old, HS=humongous(starts), HC=humongous(continues), CS=collection set, F=free, OA=open archive, CA=closed archive, TAMS=top-at-mark-start (previous, next)
|   0|0x0000000604c00000, 0x0000000604ea7a00, 0x0000000605000000| 66%| O|  |TAMS 0x0000000604c00000, 0x0000000604c00000| Untracked 
|   1|0x0000000605000000, 0x0000000605000000, 0x0000000605400000|  0%| F|  |TAMS 0x0000000605000000, 0x0000000605000000| Untracked 
|   2|0x0000000605400000, 0x0000000605400000, 0x0000000605800000|  0%| F|  |TAMS 0x0000000605400000, 0x0000000605400000| Untracked 
|   3|0x0000000605800000, 0x0000000605800000, 0x0000000605c00000|  0%| F|  |TAMS 0x0000000605800000, 0x0000000605800000| Untracked 
|   4|0x0000000605c00000, 0x0000000605c00000, 0x0000000606000000|  0%| F|  |TAMS 0x0000000605c00000, 0x0000000605c00000| Untracked 
|   5|0x0000000606000000, 0x0000000606000000, 0x0000000606400000|  0%| F|  |TAMS 0x0000000606000000, 0x0000000606000000| Untracked 
|   6|0x0000000606400000, 0x0000000606400000, 0x0000000606800000|  0%| F|  |TAMS 0x0000000606400000, 0x0000000606400000| Untracked 
|   7|0x0000000606800000, 0x0000000606800000, 0x0000000606c00000|  0%| F|  |TAMS 0x0000000606800000, 0x0000000606800000| Untracked 
|   8|0x0000000606c00000, 0x0000000606c00000, 0x0000000607000000|  0%| F|  |TAMS 0x0000000606c00000, 0x0000000606c00000| Untracked 
|   9|0x0000000607000000, 0x0000000607000000, 0x0000000607400000|  0%| F|  |TAMS 0x0000000607000000, 0x0000000607000000| Untracked 
|  10|0x0000000607400000, 0x0000000607400000, 0x0000000607800000|  0%| F|  |TAMS 0x0000000607400000, 0x0000000607400000| Untracked 
|  11|0x0000000607800000, 0x0000000607800000, 0x0000000607c00000|  0%| F|  |TAMS 0x0000000607800000, 0x0000000607800000| Untracked 
|  12|0x0000000607c00000, 0x0000000607c00000, 0x0000000608000000|  0%| F|  |TAMS 0x0000000607c00000, 0x0000000607c00000| Untracked 
|  13|0x0000000608000000, 0x0000000608000000, 0x0000000608400000|  0%| F|  |TAMS 0x0000000608000000, 0x0000000608000000| Untracked 
|  14|0x0000000608400000, 0x0000000608400000, 0x0000000608800000|  0%| F|  |TAMS 0x0000000608400000, 0x0000000608400000| Untracked 
|  15|0x0000000608800000, 0x0000000608800000, 0x0000000608c00000|  0%| F|  |TAMS 0x0000000608800000, 0x0000000608800000| Untracked 
|  16|0x0000000608c00000, 0x0000000608c00000, 0x0000000609000000|  0%| F|  |TAMS 0x0000000608c00000, 0x0000000608c00000| Untracked 
|  17|0x0000000609000000, 0x0000000609000000, 0x0000000609400000|  0%| F|  |TAMS 0x0000000609000000, 0x0000000609000000| Untracked 
|  18|0x0000000609400000, 0x0000000609400000, 0x0000000609800000|  0%| F|  |TAMS 0x0000000609400000, 0x0000000609400000| Untracked 
|  19|0x0000000609800000, 0x0000000609800000, 0x0000000609c00000|  0%| F|  |TAMS 0x0000000609800000, 0x0000000609800000| Untracked 
|  20|0x0000000609c00000, 0x0000000609c00000, 0x000000060a000000|  0%| F|  |TAMS 0x0000000609c00000, 0x0000000609c00000| Untracked 
|  21|0x000000060a000000, 0x000000060a000000, 0x000000060a400000|  0%| F|  |TAMS 0x000000060a000000, 0x000000060a000000| Untracked 
|  22|0x000000060a400000, 0x000000060a400000, 0x000000060a800000|  0%| F|  |TAMS 0x000000060a400000, 0x000000060a400000| Untracked 
|  23|0x000000060a800000, 0x000000060a800000, 0x000000060ac00000|  0%| F|  |TAMS 0x000000060a800000, 0x000000060a800000| Untracked 
|  24|0x000000060ac00000, 0x000000060ac00000, 0x000000060b000000|  0%| F|  |TAMS 0x000000060ac00000, 0x000000060ac00000| Untracked 
|  25|0x000000060b000000, 0x000000060b000000, 0x000000060b400000|  0%| F|  |TAMS 0x000000060b000000, 0x000000060b000000| Untracked 
|  26|0x000000060b400000, 0x000000060b400000, 0x000000060b800000|  0%| F|  |TAMS 0x000000060b400000, 0x000000060b400000| Untracked 
|  27|0x000000060b800000, 0x000000060b800000, 0x000000060bc00000|  0%| F|  |TAMS 0x000000060b800000, 0x000000060b800000| Untracked 
|  28|0x000000060bc00000, 0x000000060bc00000, 0x000000060c000000|  0%| F|  |TAMS 0x000000060bc00000, 0x000000060bc00000| Untracked 
|  29|0x000000060c000000, 0x000000060c000000, 0x000000060c400000|  0%| F|  |TAMS 0x000000060c000000, 0x000000060c000000| Untracked 
|  30|0x000000060c400000, 0x000000060c400000, 0x000000060c800000|  0%| F|  |TAMS 0x000000060c400000, 0x000000060c400000| Untracked 
|  31|0x000000060c800000, 0x000000060c800000, 0x000000060cc00000|  0%| F|  |TAMS 0x000000060c800000, 0x000000060c800000| Untracked 
|  32|0x000000060cc00000, 0x000000060cc00000, 0x000000060d000000|  0%| F|  |TAMS 0x000000060cc00000, 0x000000060cc00000| Untracked 
|  33|0x000000060d000000, 0x000000060d000000, 0x000000060d400000|  0%| F|  |TAMS 0x000000060d000000, 0x000000060d000000| Untracked 
|  34|0x000000060d400000, 0x000000060d400000, 0x000000060d800000|  0%| F|  |TAMS 0x000000060d400000, 0x000000060d400000| Untracked 
|  35|0x000000060d800000, 0x000000060d800000, 0x000000060dc00000|  0%| F|  |TAMS 0x000000060d800000, 0x000000060d800000| Untracked 
|  36|0x000000060dc00000, 0x000000060dc00000, 0x000000060e000000|  0%| F|  |TAMS 0x000000060dc00000, 0x000000060dc00000| Untracked 
|  37|0x000000060e000000, 0x000000060e000000, 0x000000060e400000|  0%| F|  |TAMS 0x000000060e000000, 0x000000060e000000| Untracked 
|  38|0x000000060e400000, 0x000000060e400000, 0x000000060e800000|  0%| F|  |TAMS 0x000000060e400000, 0x000000060e400000| Untracked 
|  39|0x000000060e800000, 0x000000060e800000, 0x000000060ec00000|  0%| F|  |TAMS 0x000000060e800000, 0x000000060e800000| Untracked 
|  40|0x000000060ec00000, 0x000000060ec00000, 0x000000060f000000|  0%| F|  |TAMS 0x000000060ec00000, 0x000000060ec00000| Untracked 
|  41|0x000000060f000000, 0x000000060f000000, 0x000000060f400000|  0%| F|  |TAMS 0x000000060f000000, 0x000000060f000000| Untracked 
|  42|0x000000060f400000, 0x000000060f400000, 0x000000060f800000|  0%| F|  |TAMS 0x000000060f400000, 0x000000060f400000| Untracked 
|  43|0x000000060f800000, 0x000000060f800000, 0x000000060fc00000|  0%| F|  |TAMS 0x000000060f800000, 0x000000060f800000| Untracked 
|  44|0x000000060fc00000, 0x000000060fc00000, 0x0000000610000000|  0%| F|  |TAMS 0x000000060fc00000, 0x000000060fc00000| Untracked 
|  45|0x0000000610000000, 0x0000000610000000, 0x0000000610400000|  0%| F|  |TAMS 0x0000000610000000, 0x0000000610000000| Untracked 
|  46|0x0000000610400000, 0x0000000610400000, 0x0000000610800000|  0%| F|  |TAMS 0x0000000610400000, 0x0000000610400000| Untracked 
|  47|0x0000000610800000, 0x0000000610800000, 0x0000000610c00000|  0%| F|  |TAMS 0x0000000610800000, 0x0000000610800000| Untracked 
|  48|0x0000000610c00000, 0x0000000610c00000, 0x0000000611000000|  0%| F|  |TAMS 0x0000000610c00000, 0x0000000610c00000| Untracked 
|  49|0x0000000611000000, 0x0000000611000000, 0x0000000611400000|  0%| F|  |TAMS 0x0000000611000000, 0x0000000611000000| Untracked 
|  50|0x0000000611400000, 0x0000000611400000, 0x0000000611800000|  0%| F|  |TAMS 0x0000000611400000, 0x0000000611400000| Untracked 
|  51|0x0000000611800000, 0x0000000611800000, 0x0000000611c00000|  0%| F|  |TAMS 0x0000000611800000, 0x0000000611800000| Untracked 
|  52|0x0000000611c00000, 0x0000000611c00000, 0x0000000612000000|  0%| F|  |TAMS 0x0000000611c00000, 0x0000000611c00000| Untracked 
|  53|0x0000000612000000, 0x0000000612000000, 0x0000000612400000|  0%| F|  |TAMS 0x0000000612000000, 0x0000000612000000| Untracked 
|  54|0x0000000612400000, 0x0000000612400000, 0x0000000612800000|  0%| F|  |TAMS 0x0000000612400000, 0x0000000612400000| Untracked 
|  55|0x0000000612800000, 0x0000000612800000, 0x0000000612c00000|  0%| F|  |TAMS 0x0000000612800000, 0x0000000612800000| Untracked 
|  56|0x0000000612c00000, 0x0000000612c00000, 0x0000000613000000|  0%| F|  |TAMS 0x0000000612c00000, 0x0000000612c00000| Untracked 
|  57|0x0000000613000000, 0x0000000613000000, 0x0000000613400000|  0%| F|  |TAMS 0x0000000613000000, 0x0000000613000000| Untracked 
|  58|0x0000000613400000, 0x0000000613400000, 0x0000000613800000|  0%| F|  |TAMS 0x0000000613400000, 0x0000000613400000| Untracked 
|  59|0x0000000613800000, 0x0000000613800000, 0x0000000613c00000|  0%| F|  |TAMS 0x0000000613800000, 0x0000000613800000| Untracked 
|  60|0x0000000613c00000, 0x0000000613c00000, 0x0000000614000000|  0%| F|  |TAMS 0x0000000613c00000, 0x0000000613c00000| Untracked 
|  61|0x0000000614000000, 0x0000000614000000, 0x0000000614400000|  0%| F|  |TAMS 0x0000000614000000, 0x0000000614000000| Untracked 
|  62|0x0000000614400000, 0x0000000614400000, 0x0000000614800000|  0%| F|  |TAMS 0x0000000614400000, 0x0000000614400000| Untracked 
|  63|0x0000000614800000, 0x0000000614800000, 0x0000000614c00000|  0%| F|  |TAMS 0x0000000614800000, 0x0000000614800000| Untracked 
|  64|0x0000000614c00000, 0x0000000614c00000, 0x0000000615000000|  0%| F|  |TAMS 0x0000000614c00000, 0x0000000614c00000| Untracked 
|  65|0x0000000615000000, 0x0000000615000000, 0x0000000615400000|  0%| F|  |TAMS 0x0000000615000000, 0x0000000615000000| Untracked 
|  66|0x0000000615400000, 0x0000000615400000, 0x0000000615800000|  0%| F|  |TAMS 0x0000000615400000, 0x0000000615400000| Untracked 
|  67|0x0000000615800000, 0x0000000615800000, 0x0000000615c00000|  0%| F|  |TAMS 0x0000000615800000, 0x0000000615800000| Untracked 
|  68|0x0000000615c00000, 0x0000000615c00000, 0x0000000616000000|  0%| F|  |TAMS 0x0000000615c00000, 0x0000000615c00000| Untracked 
|  69|0x0000000616000000, 0x0000000616000000, 0x0000000616400000|  0%| F|  |TAMS 0x0000000616000000, 0x0000000616000000| Untracked 
|  70|0x0000000616400000, 0x0000000616400000, 0x0000000616800000|  0%| F|  |TAMS 0x0000000616400000, 0x0000000616400000| Untracked 
|  71|0x0000000616800000, 0x0000000616800000, 0x0000000616c00000|  0%| F|  |TAMS 0x0000000616800000, 0x0000000616800000| Untracked 
|  72|0x0000000616c00000, 0x0000000616c00000, 0x0000000617000000|  0%| F|  |TAMS 0x0000000616c00000, 0x0000000616c00000| Untracked 
|  73|0x0000000617000000, 0x0000000617000000, 0x0000000617400000|  0%| F|  |TAMS 0x0000000617000000, 0x0000000617000000| Untracked 
|  74|0x0000000617400000, 0x0000000617400000, 0x0000000617800000|  0%| F|  |TAMS 0x0000000617400000, 0x0000000617400000| Untracked 
|  75|0x0000000617800000, 0x0000000617800000, 0x0000000617c00000|  0%| F|  |TAMS 0x0000000617800000, 0x0000000617800000| Untracked 
|  76|0x0000000617c00000, 0x0000000617c00000, 0x0000000618000000|  0%| F|  |TAMS 0x0000000617c00000, 0x0000000617c00000| Untracked 
|  77|0x0000000618000000, 0x0000000618000000, 0x0000000618400000|  0%| F|  |TAMS 0x0000000618000000, 0x0000000618000000| Untracked 
|  78|0x0000000618400000, 0x0000000618400000, 0x0000000618800000|  0%| F|  |TAMS 0x0000000618400000, 0x0000000618400000| Untracked 
|  79|0x0000000618800000, 0x0000000618800000, 0x0000000618c00000|  0%| F|  |TAMS 0x0000000618800000, 0x0000000618800000| Untracked 
|  80|0x0000000618c00000, 0x0000000618c00000, 0x0000000619000000|  0%| F|  |TAMS 0x0000000618c00000, 0x0000000618c00000| Untracked 
|  81|0x0000000619000000, 0x0000000619000000, 0x0000000619400000|  0%| F|  |TAMS 0x0000000619000000, 0x0000000619000000| Untracked 
|  82|0x0000000619400000, 0x0000000619400000, 0x0000000619800000|  0%| F|  |TAMS 0x0000000619400000, 0x0000000619400000| Untracked 
|  83|0x0000000619800000, 0x0000000619800000, 0x0000000619c00000|  0%| F|  |TAMS 0x0000000619800000, 0x0000000619800000| Untracked 
|  84|0x0000000619c00000, 0x0000000619c00000, 0x000000061a000000|  0%| F|  |TAMS 0x0000000619c00000, 0x0000000619c00000| Untracked 
|  85|0x000000061a000000, 0x000000061a000000, 0x000000061a400000|  0%| F|  |TAMS 0x000000061a000000, 0x000000061a000000| Untracked 
|  86|0x000000061a400000, 0x000000061a400000, 0x000000061a800000|  0%| F|  |TAMS 0x000000061a400000, 0x000000061a400000| Untracked 
|  87|0x000000061a800000, 0x000000061a800000, 0x000000061ac00000|  0%| F|  |TAMS 0x000000061a800000, 0x000000061a800000| Untracked 
|  88|0x000000061ac00000, 0x000000061af52710, 0x000000061b000000| 83%| E|  |TAMS 0x000000061ac00000, 0x000000061ac00000| Complete 
|  89|0x000000061b000000, 0x000000061b400000, 0x000000061b400000|100%| E|CS|TAMS 0x000000061b000000, 0x000000061b000000| Complete 
|  90|0x000000061b400000, 0x000000061b800000, 0x000000061b800000|100%| E|CS|TAMS 0x000000061b400000, 0x000000061b400000| Complete 
|  91|0x000000061b800000, 0x000000061bc00000, 0x000000061bc00000|100%| E|CS|TAMS 0x000000061b800000, 0x000000061b800000| Complete 
|  92|0x000000061bc00000, 0x000000061c000000, 0x000000061c000000|100%| E|CS|TAMS 0x000000061bc00000, 0x000000061bc00000| Complete 
|  93|0x000000061c000000, 0x000000061c400000, 0x000000061c400000|100%| E|CS|TAMS 0x000000061c000000, 0x000000061c000000| Complete 
|  94|0x000000061c400000, 0x000000061c800000, 0x000000061c800000|100%| E|CS|TAMS 0x000000061c400000, 0x000000061c400000| Complete 
|  95|0x000000061c800000, 0x000000061cc00000, 0x000000061cc00000|100%| E|CS|TAMS 0x000000061c800000, 0x000000061c800000| Complete 
|  96|0x000000061cc00000, 0x000000061d000000, 0x000000061d000000|100%| E|CS|TAMS 0x000000061cc00000, 0x000000061cc00000| Complete 
|  97|0x000000061d000000, 0x000000061d400000, 0x000000061d400000|100%| E|CS|TAMS 0x000000061d000000, 0x000000061d000000| Complete 
|  98|0x000000061d400000, 0x000000061d800000, 0x000000061d800000|100%| E|CS|TAMS 0x000000061d400000, 0x000000061d400000| Complete 
|  99|0x000000061d800000, 0x000000061dc00000, 0x000000061dc00000|100%| E|CS|TAMS 0x000000061d800000, 0x000000061d800000| Complete 
| 100|0x000000061dc00000, 0x000000061e000000, 0x000000061e000000|100%| E|CS|TAMS 0x000000061dc00000, 0x000000061dc00000| Complete 
| 101|0x000000061e000000, 0x000000061e400000, 0x000000061e400000|100%| E|CS|TAMS 0x000000061e000000, 0x000000061e000000| Complete 
| 102|0x000000061e400000, 0x000000061e800000, 0x000000061e800000|100%| E|CS|TAMS 0x000000061e400000, 0x000000061e400000| Complete 
| 103|0x000000061e800000, 0x000000061ec00000, 0x000000061ec00000|100%| E|CS|TAMS 0x000000061e800000, 0x000000061e800000| Complete 
| 104|0x000000061ec00000, 0x000000061f000000, 0x000000061f000000|100%| E|CS|TAMS 0x000000061ec00000, 0x000000061ec00000| Complete 
| 105|0x000000061f000000, 0x000000061f400000, 0x000000061f400000|100%| E|CS|TAMS 0x000000061f000000, 0x000000061f000000| Complete 
| 106|0x000000061f400000, 0x000000061f800000, 0x000000061f800000|100%| E|CS|TAMS 0x000000061f400000, 0x000000061f400000| Complete 
| 107|0x000000061f800000, 0x000000061fc00000, 0x000000061fc00000|100%| E|CS|TAMS 0x000000061f800000, 0x000000061f800000| Complete 
| 108|0x000000061fc00000, 0x0000000620000000, 0x0000000620000000|100%| E|CS|TAMS 0x000000061fc00000, 0x000000061fc00000| Complete 
| 109|0x0000000620000000, 0x0000000620400000, 0x0000000620400000|100%| E|CS|TAMS 0x0000000620000000, 0x0000000620000000| Complete 
| 110|0x0000000620400000, 0x0000000620800000, 0x0000000620800000|100%| E|CS|TAMS 0x0000000620400000, 0x0000000620400000| Complete 
| 111|0x0000000620800000, 0x0000000620c00000, 0x0000000620c00000|100%| E|CS|TAMS 0x0000000620800000, 0x0000000620800000| Complete 
| 112|0x0000000620c00000, 0x0000000621000000, 0x0000000621000000|100%| E|CS|TAMS 0x0000000620c00000, 0x0000000620c00000| Complete 
| 113|0x0000000621000000, 0x0000000621400000, 0x0000000621400000|100%| E|CS|TAMS 0x0000000621000000, 0x0000000621000000| Complete 
| 114|0x0000000621400000, 0x0000000621800000, 0x0000000621800000|100%| E|CS|TAMS 0x0000000621400000, 0x0000000621400000| Complete 
| 115|0x0000000621800000, 0x0000000621c00000, 0x0000000621c00000|100%| E|CS|TAMS 0x0000000621800000, 0x0000000621800000| Complete 
| 116|0x0000000621c00000, 0x0000000622000000, 0x0000000622000000|100%| E|CS|TAMS 0x0000000621c00000, 0x0000000621c00000| Complete 
| 117|0x0000000622000000, 0x0000000622400000, 0x0000000622400000|100%| E|CS|TAMS 0x0000000622000000, 0x0000000622000000| Complete 
| 118|0x0000000622400000, 0x00000006225ee550, 0x0000000622800000| 48%| S|CS|TAMS 0x0000000622400000, 0x0000000622400000| Complete 
| 119|0x0000000622800000, 0x0000000622c00000, 0x0000000622c00000|100%| E|CS|TAMS 0x0000000622800000, 0x0000000622800000| Complete 
| 120|0x0000000622c00000, 0x0000000623000000, 0x0000000623000000|100%| E|CS|TAMS 0x0000000622c00000, 0x0000000622c00000| Complete 
| 121|0x0000000623000000, 0x0000000623400000, 0x0000000623400000|100%| E|CS|TAMS 0x0000000623000000, 0x0000000623000000| Complete 
| 122|0x0000000623400000, 0x0000000623800000, 0x0000000623800000|100%| E|CS|TAMS 0x0000000623400000, 0x0000000623400000| Complete 
| 123|0x0000000623800000, 0x0000000623c00000, 0x0000000623c00000|100%| E|CS|TAMS 0x0000000623800000, 0x0000000623800000| Complete 
| 124|0x0000000623c00000, 0x0000000624000000, 0x0000000624000000|100%| E|CS|TAMS 0x0000000623c00000, 0x0000000623c00000| Complete 
| 125|0x0000000624000000, 0x0000000624400000, 0x0000000624400000|100%| E|CS|TAMS 0x0000000624000000, 0x0000000624000000| Complete 
| 126|0x0000000624400000, 0x0000000624800000, 0x0000000624800000|100%| E|CS|TAMS 0x0000000624400000, 0x0000000624400000| Complete 

Card table byte_map: [0x000002517a850000,0x000002517b830000] _byte_map_base: 0x000002517782a000

Marking Bits (Prev, Next): (CMBitMap*) 0x0000025178aba4e0, (CMBitMap*) 0x0000025178aba520
 Prev Bits: [0x0000025116a80000, 0x000002511e950000)
 Next Bits: [0x000002511e950000, 0x0000025126820000)

Polling page: 0x0000025178ac0000

Metaspace:

Usage:
  Non-class:     15.24 MB used.
      Class:      1.69 MB used.
       Both:     16.93 MB used.

Virtual space:
  Non-class space:       64.00 MB reserved,      15.38 MB ( 24%) committed,  1 nodes.
      Class space:        1.00 GB reserved,       1.81 MB ( <1%) committed,  1 nodes.
             Both:        1.06 GB reserved,      17.19 MB (  2%) committed. 

Chunk freelists:
   Non-Class:  15.47 MB
       Class:  14.22 MB
        Both:  29.69 MB

MaxMetaspaceSize: unlimited
CompressedClassSpaceSize: 1.00 GB
Initial GC threshold: 21.00 MB
Current GC threshold: 21.00 MB
CDS: on
MetaspaceReclaimPolicy: balanced
 - commit_granule_bytes: 65536.
 - commit_granule_words: 8192.
 - virtual_space_node_default_size: 8388608.
 - enlarge_chunks_in_place: 1.
 - new_chunks_are_fully_committed: 0.
 - uncommit_free_chunks: 1.
 - use_allocation_guard: 0.
 - handle_deallocations: 1.


Internal statistics:

num_allocs_failed_limit: 0.
num_arena_births: 300.
num_arena_deaths: 0.
num_vsnodes_births: 2.
num_vsnodes_deaths: 0.
num_space_committed: 275.
num_space_uncommitted: 0.
num_chunks_returned_to_freelist: 0.
num_chunks_taken_from_freelist: 918.
num_chunk_merges: 0.
num_chunk_splits: 658.
num_chunks_enlarged: 515.
num_inconsistent_stats: 0.

CodeHeap 'non-profiled nmethods': size=120000Kb used=1687Kb max_used=1687Kb free=118312Kb
 bounds [0x000002510f550000, 0x000002510f7c0000, 0x0000025116a80000]
CodeHeap 'profiled nmethods': size=120000Kb used=5706Kb max_used=5706Kb free=114293Kb
 bounds [0x0000025107a80000, 0x0000025108020000, 0x000002510efb0000]
CodeHeap 'non-nmethods': size=5760Kb used=1698Kb max_used=1751Kb free=4061Kb
 bounds [0x000002510efb0000, 0x000002510f220000, 0x000002510f550000]
 total_blobs=3908 nmethods=2858 adapters=962
 compilation: enabled
              stopped_count=0, restarted_count=0
 full_count=0

Compilation events (20 events):
Event: 21.268 Thread 0x000002517ca00880 2847       3       org.photonvision.common.dataflow.structures.Packet::encode (23 bytes)
Event: 21.269 Thread 0x000002517ca00880 nmethod 2847 0x000002510800e590 code [0x000002510800e740, 0x000002510800e8c8]
Event: 21.269 Thread 0x000002517ca00880 2848       3       org.photonvision.common.dataflow.structures.Packet::encodeOptional (41 bytes)
Event: 21.270 Thread 0x000002517ca00880 nmethod 2848 0x000002510800ea10 code [0x000002510800ec60, 0x000002510800f648]
Event: 21.270 Thread 0x000002517ca00880 2849       3       org.photonvision.common.dataflow.structures.Packet::encode (31 bytes)
Event: 21.270 Thread 0x000002517ca00880 nmethod 2849 0x000002510800f910 code [0x000002510800fac0, 0x000002510800fca8]
Event: 21.270 Thread 0x000002517ca00880 2850       3       edu.wpi.first.networktables.RawPublisher::set (12 bytes)
Event: 21.271 Thread 0x000002517ca00880 nmethod 2850 0x000002510800fd90 code [0x000002510800ff40, 0x00000251080100e8]
Event: 21.271 Thread 0x000002517ca00880 2851       3       edu.wpi.first.networktables.RawEntryImpl::set (14 bytes)
Event: 21.271 Thread 0x000002517ca00880 nmethod 2851 0x0000025108010210 code [0x00000251080103a0, 0x0000025108010508]
Event: 21.271 Thread 0x000002517ca00880 2853   !   3       edu.wpi.first.networktables.StructEntryImpl::set (84 bytes)
Event: 21.273 Thread 0x000002517ca00880 nmethod 2853 0x0000025108010610 code [0x0000025108010860, 0x0000025108011358]
Event: 21.273 Thread 0x000002517ca00880 2854       3       edu.wpi.first.util.struct.StructBuffer::write (28 bytes)
Event: 21.273 Thread 0x000002517ca00880 nmethod 2854 0x0000025108011990 code [0x0000025108011b40, 0x0000025108011e18]
Event: 21.273 Thread 0x000002517ca00880 2855       3       edu.wpi.first.math.geometry.struct.Transform3dStruct::pack (10 bytes)
Event: 21.274 Thread 0x000002517ca00880 nmethod 2855 0x0000025108011f10 code [0x0000025108012120, 0x00000251080127f8]
Event: 21.304 Thread 0x000002517c9fedc0 2856  s    4       edu.wpi.first.util.sendable.SendableRegistry::getName (25 bytes)
Event: 21.312 Thread 0x000002517c9fedc0 nmethod 2856 0x000002510f6f3410 code [0x000002510f6f35c0, 0x000002510f6f3aa8]
Event: 21.848 Thread 0x000002517c9fedc0 2857       4       org.littletonrobotics.junction.LogTable::put (34 bytes)
Event: 21.853 Thread 0x000002517c9fedc0 nmethod 2857 0x000002510f6f3e90 code [0x000002510f6f4020, 0x000002510f6f4248]

GC Heap History (4 events):
Event: 1.296 GC heap before
{Heap before GC invocations=0 (full 0):
 garbage-first heap   total 520192K, used 20480K [0x0000000604c00000, 0x0000000800000000)
  region size 4096K, 6 young (24576K), 0 survivors (0K)
 Metaspace       used 6678K, committed 6912K, reserved 1114112K
  class space    used 711K, committed 832K, reserved 1048576K
}
Event: 1.304 GC heap after
{Heap after GC invocations=1 (full 0):
 garbage-first heap   total 520192K, used 2946K [0x0000000604c00000, 0x0000000800000000)
  region size 4096K, 1 young (4096K), 1 survivors (4096K)
 Metaspace       used 6678K, committed 6912K, reserved 1114112K
  class space    used 711K, committed 832K, reserved 1048576K
}
Event: 2.847 GC heap before
{Heap before GC invocations=1 (full 0):
 garbage-first heap   total 520192K, used 31618K [0x0000000604c00000, 0x0000000800000000)
  region size 4096K, 8 young (32768K), 1 survivors (4096K)
 Metaspace       used 15364K, committed 15616K, reserved 1114112K
  class space    used 1608K, committed 1728K, reserved 1048576K
}
Event: 2.853 GC heap after
{Heap after GC invocations=2 (full 0):
 garbage-first heap   total 520192K, used 4695K [0x0000000604c00000, 0x0000000800000000)
  region size 4096K, 1 young (4096K), 1 survivors (4096K)
 Metaspace       used 15364K, committed 15616K, reserved 1114112K
  class space    used 1608K, committed 1728K, reserved 1048576K
}

Dll operation events (20 events):
Event: 0.030 Loaded shared library C:\Users\Public\wpilib\2025\jdk\bin\jsvml.dll
Event: 0.199 Loaded shared library C:\Users\Public\wpilib\2025\jdk\bin\net.dll
Event: 0.200 Loaded shared library C:\Users\Public\wpilib\2025\jdk\bin\nio.dll
Event: 0.206 Loaded shared library C:\Users\Public\wpilib\2025\jdk\bin\zip.dll
Event: 0.253 Loaded shared library C:\Robot-Source-Code-2025-Reefscape\build\jni\release\wpiutiljni.dll
Event: 0.259 Loaded shared library C:\Robot-Source-Code-2025-Reefscape\build\jni\release\wpiHaljni.dll
Event: 0.594 Loaded shared library C:\Robot-Source-Code-2025-Reefscape\build\jni\release\ntcorejni.dll
Event: 0.744 Loaded shared library C:\Users\Public\wpilib\2025\jdk\bin\management.dll
Event: 0.749 Loaded shared library C:\Users\Public\wpilib\2025\jdk\bin\management_ext.dll
Event: 0.843 Loaded shared library C:\Robot-Source-Code-2025-Reefscape\build\jni\release\photontargeting.dll
Event: 0.852 Loaded shared library C:\Robot-Source-Code-2025-Reefscape\build\jni\release\photontargetingJNI.dll
Event: 0.901 Loaded shared library C:\Users\Public\wpilib\2025\jdk\bin\jimage.dll
Event: 1.513 Loaded shared library C:\Robot-Source-Code-2025-Reefscape\build\jni\release\cscorejni.dll
Event: 1.530 Loaded shared library C:\Robot-Source-Code-2025-Reefscape\build\jni\release\opencv_java4100.dll
Event: 1.704 Loaded shared library C:\Robot-Source-Code-2025-Reefscape\build\jni\release\REVLibDriver.dll
Event: 1.890 Loaded shared library C:\Robot-Source-Code-2025-Reefscape\build\jni\release\CTRE_PhoenixTools_Sim.dll
Event: 1.893 Loaded shared library C:\Robot-Source-Code-2025-Reefscape\build\jni\release\CTRE_Phoenix6_Sim.dll
Event: 2.617 Loaded shared library C:\Robot-Source-Code-2025-Reefscape\build\jni\release\wpimathjni.dll
Event: 2.974 Loaded shared library C:\Robot-Source-Code-2025-Reefscape\build\jni\release\wpilibio.dll
Event: 3.016 Loaded shared library C:\Robot-Source-Code-2025-Reefscape\build\jni\release\apriltagjni.dll

Deoptimization events (20 events):
Event: 17.447 Thread 0x000002516d2e6d20 Uncommon trap: trap_request=0xffffffbe fr.pc=0x000002510f6cc754 relative=0x00000000000001b4
Event: 17.447 Thread 0x000002516d2e6d20 Uncommon trap: reason=profile_predicate action=maybe_recompile pc=0x000002510f6cc754 method=java.util.LinkedHashMap.keysToArray([Ljava/lang/Object;)[Ljava/lang/Object; @ 12 c2
Event: 17.447 Thread 0x000002516d2e6d20 DEOPT PACKING pc=0x000002510f6cc754 sp=0x000000882aeff100
Event: 17.447 Thread 0x000002516d2e6d20 DEOPT UNPACKING pc=0x000002510f0069a3 sp=0x000000882aeff0b8 mode 2
Event: 17.486 Thread 0x000002516d2e6d20 Uncommon trap: trap_request=0xffffffd6 fr.pc=0x000002510f6ccda0 relative=0x0000000000000380
Event: 17.486 Thread 0x000002516d2e6d20 Uncommon trap: reason=array_check action=maybe_recompile pc=0x000002510f6ccda0 method=java.util.LinkedHashMap.keysToArray([Ljava/lang/Object;)[Ljava/lang/Object; @ 25 c2
Event: 17.486 Thread 0x000002516d2e6d20 DEOPT PACKING pc=0x000002510f6ccda0 sp=0x000000882aeff100
Event: 17.486 Thread 0x000002516d2e6d20 DEOPT UNPACKING pc=0x000002510f0069a3 sp=0x000000882aeff0a8 mode 2
Event: 17.504 Thread 0x000002516d2e6d20 Uncommon trap: trap_request=0xffffffd6 fr.pc=0x000002510f6ccda0 relative=0x0000000000000380
Event: 17.504 Thread 0x000002516d2e6d20 Uncommon trap: reason=array_check action=maybe_recompile pc=0x000002510f6ccda0 method=java.util.LinkedHashMap.keysToArray([Ljava/lang/Object;)[Ljava/lang/Object; @ 25 c2
Event: 17.504 Thread 0x000002516d2e6d20 DEOPT PACKING pc=0x000002510f6ccda0 sp=0x000000882aeff100
Event: 17.504 Thread 0x000002516d2e6d20 DEOPT UNPACKING pc=0x000002510f0069a3 sp=0x000000882aeff0a8 mode 2
Event: 17.504 Thread 0x000002516d2e6d20 Uncommon trap: trap_request=0xffffffd6 fr.pc=0x000002510f6ccda0 relative=0x0000000000000380
Event: 17.504 Thread 0x000002516d2e6d20 Uncommon trap: reason=array_check action=maybe_recompile pc=0x000002510f6ccda0 method=java.util.LinkedHashMap.keysToArray([Ljava/lang/Object;)[Ljava/lang/Object; @ 25 c2
Event: 17.504 Thread 0x000002516d2e6d20 DEOPT PACKING pc=0x000002510f6ccda0 sp=0x000000882aeff100
Event: 17.505 Thread 0x000002516d2e6d20 DEOPT UNPACKING pc=0x000002510f0069a3 sp=0x000000882aeff0a8 mode 2
Event: 17.527 Thread 0x000002516d2e6d20 Uncommon trap: trap_request=0xffffffd6 fr.pc=0x000002510f6ccda0 relative=0x0000000000000380
Event: 17.527 Thread 0x000002516d2e6d20 Uncommon trap: reason=array_check action=maybe_recompile pc=0x000002510f6ccda0 method=java.util.LinkedHashMap.keysToArray([Ljava/lang/Object;)[Ljava/lang/Object; @ 25 c2
Event: 17.527 Thread 0x000002516d2e6d20 DEOPT PACKING pc=0x000002510f6ccda0 sp=0x000000882aeff100
Event: 17.527 Thread 0x000002516d2e6d20 DEOPT UNPACKING pc=0x000002510f0069a3 sp=0x000000882aeff0a8 mode 2

Classes loaded (20 events):
Event: 2.962 Loading class jdk/internal/reflect/UnsafeStaticBooleanFieldAccessorImpl
Event: 2.962 Loading class jdk/internal/reflect/UnsafeStaticBooleanFieldAccessorImpl done
Event: 2.990 Loading class java/net/URISyntaxException
Event: 2.990 Loading class java/net/URISyntaxException done
Event: 2.992 Loading class java/util/concurrent/locks/AbstractQueuedSynchronizer$ExclusiveNode
Event: 2.992 Loading class java/util/concurrent/locks/AbstractQueuedSynchronizer$ExclusiveNode done
Event: 2.994 Loading class java/util/LinkedHashMap$LinkedKeyIterator
Event: 2.995 Loading class java/util/LinkedHashMap$LinkedKeyIterator done
Event: 3.088 Loading class java/lang/Math$RandomNumberGeneratorHolder
Event: 3.088 Loading class java/lang/Math$RandomNumberGeneratorHolder done
Event: 3.099 Loading class jdk/internal/math/FormattedFloatingDecimal$Form
Event: 3.099 Loading class jdk/internal/math/FormattedFloatingDecimal$Form done
Event: 3.099 Loading class jdk/internal/math/FormattedFloatingDecimal
Event: 3.099 Loading class jdk/internal/math/FormattedFloatingDecimal done
Event: 3.099 Loading class jdk/internal/math/FormattedFloatingDecimal$1
Event: 3.099 Loading class jdk/internal/math/FormattedFloatingDecimal$1 done
Event: 3.099 Loading class jdk/internal/math/FormattedFloatingDecimal$2
Event: 3.099 Loading class jdk/internal/math/FormattedFloatingDecimal$2 done
Event: 3.927 Loading class jdk/internal/misc/ScopedMemoryAccess$Scope
Event: 3.927 Loading class jdk/internal/misc/ScopedMemoryAccess$Scope done

Classes unloaded (0 events):
No events

Classes redefined (0 events):
No events

Internal exceptions (20 events):
Event: 2.674 Thread 0x000002516d2e6d20 Exception <a 'java/lang/NoSuchMethodError'{0x00000006233a1500}: 'java.lang.Object java.lang.invoke.DirectMethodHandle$Holder.invokeSpecial(java.lang.Object, java.lang.Object, java.lang.Object, java.lang.Object, java.lang.Object, java.lang.Object, java.lang.Object, java.lang.Object, java.lang.Object)'> (0x00000006233a1500) 
thrown [s\src\hotspot\share\interpreter\linkResolver.cpp, line 759]
Event: 2.675 Thread 0x000002516d2e6d20 Exception <a 'java/lang/NoSuchMethodError'{0x00000006233a5ee0}: 'java.lang.Object java.lang.invoke.Invokers$Holder.linkToTargetMethod(java.lang.Object, java.lang.Object, java.lang.Object, java.lang.Object, java.lang.Object, java.lang.Object, java.lang.Object, java.lang.Object)'> (0x00000006233a5ee0) 
thrown [s\src\hotspot\share\interpreter\linkResolver.cpp, line 759]
Event: 2.678 Thread 0x000002516d2e6d20 Exception <a 'java/lang/NoSuchMethodError'{0x00000006233b9088}: 'java.lang.Object java.lang.invoke.DirectMethodHandle$Holder.newInvokeSpecial(java.lang.Object, java.lang.Object, java.lang.Object, java.lang.Object, java.lang.Object, java.lang.Object, java.lang.Object)'> (0x00000006233b9088) 
thrown [s\src\hotspot\share\interpreter\linkResolver.cpp, line 759]
Event: 2.678 Thread 0x000002516d2e6d20 Exception <a 'java/lang/NoSuchMethodError'{0x00000006233bd6f0}: 'java.lang.Object java.lang.invoke.Invokers$Holder.linkToTargetMethod(java.lang.Object, java.lang.Object, java.lang.Object, java.lang.Object, java.lang.Object, java.lang.Object, java.lang.Object)'> (0x00000006233bd6f0) 
thrown [s\src\hotspot\share\interpreter\linkResolver.cpp, line 759]
Event: 2.713 Thread 0x000002516d2e6d20 Exception <a 'java/lang/NoSuchMethodError'{0x00000006228807c0}: 'void java.lang.invoke.DirectMethodHandle$Holder.invokeSpecial(java.lang.Object, java.lang.Object, double)'> (0x00000006228807c0) 
thrown [s\src\hotspot\share\interpreter\linkResolver.cpp, line 759]
Event: 2.714 Thread 0x000002516d2e6d20 Exception <a 'java/lang/NoSuchMethodError'{0x0000000622886460}: 'java.lang.Object java.lang.invoke.DirectMethodHandle$Holder.newInvokeSpecial(java.lang.Object, java.lang.Object, double)'> (0x0000000622886460) 
thrown [s\src\hotspot\share\interpreter\linkResolver.cpp, line 759]
Event: 2.714 Thread 0x000002516d2e6d20 Exception <a 'java/lang/NoSuchMethodError'{0x000000062288a100}: 'java.lang.Object java.lang.invoke.DirectMethodHandle$Holder.invokeSpecial(java.lang.Object, java.lang.Object, java.lang.Object, double)'> (0x000000062288a100) 
thrown [s\src\hotspot\share\interpreter\linkResolver.cpp, line 759]
Event: 2.729 Thread 0x000002516d2e6d20 Exception <a 'java/lang/NoSuchMethodError'{0x00000006228d6b98}: 'void java.lang.invoke.DirectMethodHandle$Holder.invokeStatic(java.lang.Object, double)'> (0x00000006228d6b98) 
thrown [s\src\hotspot\share\interpreter\linkResolver.cpp, line 759]
Event: 2.775 Thread 0x000002516d2e6d20 Exception <a 'java/lang/NoSuchMethodError'{0x0000000622965d88}: 'double java.lang.invoke.DirectMethodHandle$Holder.invokeSpecial(java.lang.Object, java.lang.Object)'> (0x0000000622965d88) 
thrown [s\src\hotspot\share\interpreter\linkResolver.cpp, line 759]
Event: 2.808 Thread 0x000002516d2e6d20 Exception <a 'java/lang/NoSuchMethodError'{0x0000000622a42c10}: 'void java.lang.invoke.DirectMethodHandle$Holder.invokeVirtual(java.lang.Object, java.lang.Object)'> (0x0000000622a42c10) 
thrown [s\src\hotspot\share\interpreter\linkResolver.cpp, line 759]
Event: 2.810 Thread 0x000002516d2e6d20 Exception <a 'java/lang/NoSuchMethodError'{0x0000000622a4b238}: 'void java.lang.invoke.DirectMethodHandle$Holder.invokeVirtual(java.lang.Object, java.lang.Object, int)'> (0x0000000622a4b238) 
thrown [s\src\hotspot\share\interpreter\linkResolver.cpp, line 759]
Event: 2.811 Thread 0x000002516d2e6d20 Exception <a 'java/lang/NoSuchMethodError'{0x0000000622a75790}: 'int java.lang.invoke.DirectMethodHandle$Holder.invokeVirtual(java.lang.Object, java.lang.Object)'> (0x0000000622a75790) 
thrown [s\src\hotspot\share\interpreter\linkResolver.cpp, line 759]
Event: 2.847 Thread 0x000002516d2e6d20 Exception <a 'java/lang/NoSuchMethodError'{0x0000000622bfcf90}: 'java.lang.Object java.lang.invoke.DirectMethodHandle$Holder.newInvokeSpecial(java.lang.Object, java.lang.Object, int, double)'> (0x0000000622bfcf90) 
thrown [s\src\hotspot\share\interpreter\linkResolver.cpp, line 759]
Event: 2.854 Thread 0x000002516d2e6d20 Exception <a 'java/lang/NoSuchMethodError'{0x00000006244721f8}: 'java.lang.Object java.lang.invoke.DirectMethodHandle$Holder.invokeSpecial(java.lang.Object, java.lang.Object, java.lang.Object, int, double)'> (0x00000006244721f8) 
thrown [s\src\hotspot\share\interpreter\linkResolver.cpp, line 759]
Event: 2.880 Thread 0x000002516d2e6d20 Exception <a 'java/lang/NoSuchMethodError'{0x00000006244ce510}: 'java.lang.Object java.lang.invoke.DirectMethodHandle$Holder.newInvokeSpecial(java.lang.Object, java.lang.Object, java.lang.Object, int, int)'> (0x00000006244ce510) 
thrown [s\src\hotspot\share\interpreter\linkResolver.cpp, line 759]
Event: 2.883 Thread 0x000002516d2e6d20 Exception <a 'java/lang/NoSuchMethodError'{0x00000006244df298}: 'java.lang.Object java.lang.invoke.DirectMethodHandle$Holder.newInvokeSpecial(java.lang.Object, java.lang.Object, int, int)'> (0x00000006244df298) 
thrown [s\src\hotspot\share\interpreter\linkResolver.cpp, line 759]
Event: 2.895 Thread 0x000002516d2e6d20 Exception <a 'java/lang/NoSuchMethodError'{0x0000000624516618}: 'void java.lang.invoke.DirectMethodHandle$Holder.invokeStatic(java.lang.Object, java.lang.Object, int)'> (0x0000000624516618) 
thrown [s\src\hotspot\share\interpreter\linkResolver.cpp, line 759]
Event: 2.902 Thread 0x000002516d2e6d20 Exception <a 'java/lang/NoSuchMethodError'{0x00000006245300d0}: 'java.lang.Object java.lang.invoke.DirectMethodHandle$Holder.newInvokeSpecial(java.lang.Object, java.lang.Object, double, java.lang.Object, java.lang.Object)'> (0x00000006245300d0) 
thrown [s\src\hotspot\share\interpreter\linkResolver.cpp, line 759]
Event: 3.091 Thread 0x000002516d2e6d20 Exception <a 'java/lang/NoSuchMethodError'{0x00000006241ba068}: 'void java.lang.invoke.DirectMethodHandle$Holder.invokeInterface(java.lang.Object, java.lang.Object)'> (0x00000006241ba068) 
thrown [s\src\hotspot\share\interpreter\linkResolver.cpp, line 759]
Event: 3.097 Thread 0x000002516d2e6d20 Exception <a 'java/lang/NoSuchMethodError'{0x00000006241c4558}: 'void java.lang.invoke.DirectMethodHandle$Holder.invokeStatic(java.lang.Object, java.lang.Object, java.lang.Object, java.lang.Object)'> (0x00000006241c4558) 
thrown [s\src\hotspot\share\interpreter\linkResolver.cpp, line 759]

VM Operations (20 events):
Event: 8.855 Executing VM operation: Cleanup
Event: 8.855 Executing VM operation: Cleanup done
Event: 9.855 Executing VM operation: Cleanup
Event: 9.855 Executing VM operation: Cleanup done
Event: 11.856 Executing VM operation: Cleanup
Event: 11.856 Executing VM operation: Cleanup done
Event: 13.856 Executing VM operation: Cleanup
Event: 13.856 Executing VM operation: Cleanup done
Event: 14.856 Executing VM operation: Cleanup
Event: 14.856 Executing VM operation: Cleanup done
Event: 15.856 Executing VM operation: Cleanup
Event: 15.856 Executing VM operation: Cleanup done
Event: 16.857 Executing VM operation: Cleanup
Event: 16.857 Executing VM operation: Cleanup done
Event: 17.857 Executing VM operation: Cleanup
Event: 17.857 Executing VM operation: Cleanup done
Event: 18.857 Executing VM operation: Cleanup
Event: 18.857 Executing VM operation: Cleanup done
Event: 20.858 Executing VM operation: Cleanup
Event: 20.858 Executing VM operation: Cleanup done

Events (20 events):
Event: 0.078 Thread 0x00000251269f5d80 Thread added: 0x00000251269f5d80
Event: 0.078 Thread 0x00000251269f95a0 Thread added: 0x00000251269f95a0
Event: 0.171 Thread 0x00000251269ffe60 Thread added: 0x00000251269ffe60
Event: 0.180 Thread 0x00000251269fd4e0 Thread added: 0x00000251269fd4e0
Event: 0.659 Thread 0x000002516d2e6d20 Thread added: 0x000002516d2e6d20
Event: 0.691 Thread 0x000002517fc06e10 Thread added: 0x000002517fc06e10
Event: 0.737 Thread 0x0000025126c1af90 Thread added: 0x0000025126c1af90
Event: 1.452 Thread 0x00000251802db7b0 Thread added: 0x00000251802db7b0
Event: 1.558 Thread 0x0000025126c1d300 Thread added: 0x0000025126c1d300
Event: 1.559 Thread 0x0000025126c1bec0 Thread added: 0x0000025126c1bec0
Event: 1.585 Thread 0x00000251802db7b0 Thread exited: 0x00000251802db7b0
Event: 2.125 Thread 0x0000025180ac1e80 Thread added: 0x0000025180ac1e80
Event: 2.604 Thread 0x0000025180ac37d0 Thread added: 0x0000025180ac37d0
Event: 2.674 Thread 0x00000251808cf4f0 Thread added: 0x00000251808cf4f0
Event: 2.936 Thread 0x0000025180ac28a0 Thread added: 0x0000025180ac28a0
Event: 3.507 Thread 0x00000251808cf4f0 Thread exited: 0x00000251808cf4f0
Event: 7.189 Thread 0x000002518b4d3900 Thread added: 0x000002518b4d3900
Event: 7.190 Thread 0x000002518b4d6e20 Thread added: 0x000002518b4d6e20
Event: 7.709 Thread 0x000002518b4d6e20 Thread exited: 0x000002518b4d6e20
Event: 7.805 Thread 0x000002518b4d3900 Thread exited: 0x000002518b4d3900


Dynamic libraries:
0x00007ff6b59e0000 - 0x00007ff6b59ee000 	C:\Users\Public\wpilib\2025\jdk\bin\java.exe
0x00007ffec6280000 - 0x00007ffec64e3000 	C:\WINDOWS\SYSTEM32\ntdll.dll
0x00007ffec5b90000 - 0x00007ffec5c57000 	C:\WINDOWS\System32\KERNEL32.DLL
0x00007ffec3990000 - 0x00007ffec3d57000 	C:\WINDOWS\System32\KERNELBASE.dll
0x00007ffec37a0000 - 0x00007ffec38ec000 	C:\WINDOWS\System32\ucrtbase.dll
0x00007ffe892b0000 - 0x00007ffe892ce000 	C:\Users\Public\wpilib\2025\jdk\bin\VCRUNTIME140.dll
0x00007ffe88590000 - 0x00007ffe885a7000 	C:\Users\Public\wpilib\2025\jdk\bin\jli.dll
0x00007ffec5db0000 - 0x00007ffec5f79000 	C:\WINDOWS\System32\USER32.dll
0x00007ffeb2c30000 - 0x00007ffeb2ec0000 	C:\WINDOWS\WinSxS\amd64_microsoft.windows.common-controls_6595b64144ccf1df_6.0.26100.3037_none_3e09262ce333c378\COMCTL32.dll
0x00007ffec3f60000 - 0x00007ffec3f87000 	C:\WINDOWS\System32\win32u.dll
0x00007ffec4bf0000 - 0x00007ffec4c99000 	C:\WINDOWS\System32\msvcrt.dll
0x00007ffec5f80000 - 0x00007ffec5faa000 	C:\WINDOWS\System32\GDI32.dll
0x00007ffec3f90000 - 0x00007ffec40bb000 	C:\WINDOWS\System32\gdi32full.dll
0x00007ffec3e20000 - 0x00007ffec3ec3000 	C:\WINDOWS\System32\msvcp_win.dll
0x00007ffec50e0000 - 0x00007ffec510f000 	C:\WINDOWS\System32\IMM32.DLL
0x00007ffea7f90000 - 0x00007ffea7f9c000 	C:\Users\Public\wpilib\2025\jdk\bin\vcruntime140_1.dll
0x00007ffe50000000 - 0x00007ffe5008d000 	C:\Users\Public\wpilib\2025\jdk\bin\msvcp140.dll
0x00007ffe4b380000 - 0x00007ffe4bfea000 	C:\Users\Public\wpilib\2025\jdk\bin\server\jvm.dll
0x00007ffec6180000 - 0x00007ffec6234000 	C:\WINDOWS\System32\ADVAPI32.dll
0x00007ffec45c0000 - 0x00007ffec4666000 	C:\WINDOWS\System32\sechost.dll
0x00007ffec5180000 - 0x00007ffec5296000 	C:\WINDOWS\System32\RPCRT4.dll
0x00007ffec5d30000 - 0x00007ffec5da4000 	C:\WINDOWS\System32\WS2_32.dll
0x00007ffec34b0000 - 0x00007ffec34fe000 	C:\WINDOWS\SYSTEM32\POWRPROF.dll
0x00007ffeac330000 - 0x00007ffeac33b000 	C:\WINDOWS\SYSTEM32\VERSION.dll
0x00007ffeb9610000 - 0x00007ffeb9646000 	C:\WINDOWS\SYSTEM32\WINMM.dll
0x00007ffec3490000 - 0x00007ffec34a4000 	C:\WINDOWS\SYSTEM32\UMPDC.dll
0x00007ffec2450000 - 0x00007ffec246a000 	C:\WINDOWS\SYSTEM32\kernel.appcore.dll
0x00007ffea3ec0000 - 0x00007ffea3eca000 	C:\Users\Public\wpilib\2025\jdk\bin\jimage.dll
0x00007ffec0e20000 - 0x00007ffec1061000 	C:\WINDOWS\SYSTEM32\DBGHELP.DLL
0x00007ffec4230000 - 0x00007ffec45ae000 	C:\WINDOWS\System32\combase.dll
0x00007ffec53a0000 - 0x00007ffec5476000 	C:\WINDOWS\System32\OLEAUT32.dll
0x00007ffe4ffc0000 - 0x00007ffe4fff9000 	C:\WINDOWS\SYSTEM32\dbgcore.DLL
0x00007ffec38f0000 - 0x00007ffec3989000 	C:\WINDOWS\System32\bcryptPrimitives.dll
0x00007ffebb030000 - 0x00007ffebb06b000 	C:\Users\Public\wpilib\2025\jdk\bin\jdwp.dll
0x00007ffe4ff90000 - 0x00007ffe4ffb5000 	C:\Users\Public\wpilib\2025\jdk\bin\java.dll
0x00007ffe4feb0000 - 0x00007ffe4ff87000 	C:\Users\Public\wpilib\2025\jdk\bin\jsvml.dll
0x00007ffec5480000 - 0x00007ffec5b84000 	C:\WINDOWS\System32\SHELL32.dll
0x00007ffec12f0000 - 0x00007ffec1b27000 	C:\WINDOWS\SYSTEM32\windows.storage.dll
0x00007ffec4ca0000 - 0x00007ffec4d89000 	C:\WINDOWS\System32\SHCORE.dll
0x00007ffec4f30000 - 0x00007ffec4f8d000 	C:\WINDOWS\System32\shlwapi.dll
0x00007ffec3530000 - 0x00007ffec355e000 	C:\WINDOWS\SYSTEM32\profapi.dll
0x00007ffec0600000 - 0x00007ffec060c000 	C:\Users\Public\wpilib\2025\jdk\bin\dt_socket.dll
0x00007ffec1e50000 - 0x00007ffec1e82000 	C:\WINDOWS\SYSTEM32\IPHLPAPI.DLL
0x00007ffec2960000 - 0x00007ffec29ca000 	C:\WINDOWS\system32\mswsock.dll
0x00007ffec1f40000 - 0x00007ffec2065000 	C:\WINDOWS\SYSTEM32\DNSAPI.dll
0x00007ffec4690000 - 0x00007ffec469a000 	C:\WINDOWS\System32\NSI.dll
0x00007ffebe380000 - 0x00007ffebe38b000 	C:\Windows\System32\rasadhlp.dll
0x00007ffeb0fd0000 - 0x00007ffeb1055000 	C:\WINDOWS\System32\fwpuclnt.dll
0x00007ffe87d50000 - 0x00007ffe87d69000 	C:\Users\Public\wpilib\2025\jdk\bin\net.dll
0x00007ffeb0e40000 - 0x00007ffeb0f5e000 	C:\WINDOWS\SYSTEM32\WINHTTP.dll
0x00007ffe87b70000 - 0x00007ffe87b86000 	C:\Users\Public\wpilib\2025\jdk\bin\nio.dll
0x00007ffe82770000 - 0x00007ffe82788000 	C:\Users\Public\wpilib\2025\jdk\bin\zip.dll
0x00007ffec05c0000 - 0x00007ffec05d0000 	C:\Robot-Source-Code-2025-Reefscape\build\jni\release\wpiutiljni.dll
0x00007ffeb1880000 - 0x00007ffeb1c0c000 	C:\Robot-Source-Code-2025-Reefscape\build\jni\release\wpiutil.dll
0x00007ffeb1830000 - 0x00007ffeb1873000 	C:\Robot-Source-Code-2025-Reefscape\build\jni\release\wpiHaljni.dll
0x00007ffeb1780000 - 0x00007ffeb1823000 	C:\Robot-Source-Code-2025-Reefscape\build\jni\release\wpiHal.dll
0x00007ffe84c50000 - 0x00007ffe85953000 	C:\Robot-Source-Code-2025-Reefscape\build\jni\release\halsim_gui.dll
0x00007ffea8360000 - 0x00007ffea84d5000 	C:\Robot-Source-Code-2025-Reefscape\build\jni\release\ntcore.dll
0x00007ffe89f70000 - 0x00007ffe8a17c000 	C:\Robot-Source-Code-2025-Reefscape\build\jni\release\wpimath.dll
0x00007ffebeee0000 - 0x00007ffebf13e000 	C:\WINDOWS\SYSTEM32\d3d11.dll
0x00007ffebe5a0000 - 0x00007ffebea1f000 	C:\WINDOWS\SYSTEM32\D3DCOMPILER_47.dll
0x00007ffe889d0000 - 0x00007ffe88d8c000 	C:\Robot-Source-Code-2025-Reefscape\build\jni\release\wpinet.dll
0x00007ffec0880000 - 0x00007ffec09ac000 	C:\WINDOWS\SYSTEM32\dxgi.dll
0x00007ffeb1730000 - 0x00007ffeb1771000 	C:\Users\Public\wpilib\2025\jdk\bin\MSVCP140_2.dll
0x00007ffec2c10000 - 0x00007ffec2c2c000 	C:\WINDOWS\SYSTEM32\cryptsp.dll
0x00007ffec2a00000 - 0x00007ffec2a2b000 	C:\WINDOWS\SYSTEM32\USERENV.dll
0x00007ffec2c00000 - 0x00007ffec2c0c000 	C:\WINDOWS\SYSTEM32\CRYPTBASE.DLL
0x00007ffec0820000 - 0x00007ffec087c000 	C:\WINDOWS\SYSTEM32\directxdatabasehelper.dll
0x00007ffeb16e0000 - 0x00007ffeb172b000 	C:\WINDOWS\SYSTEM32\dinput8.dll
0x00007ffec0350000 - 0x00007ffec0362000 	C:\WINDOWS\SYSTEM32\xinput1_4.dll
0x00007ffec3130000 - 0x00007ffec318f000 	C:\WINDOWS\SYSTEM32\cfgmgr32.dll
0x00007ffec31a0000 - 0x00007ffec31cd000 	C:\WINDOWS\SYSTEM32\DEVOBJ.dll
0x00007ffec09d0000 - 0x00007ffec09fe000 	C:\WINDOWS\SYSTEM32\dwmapi.dll
0x00007ffeaae20000 - 0x00007ffeaaffe000 	C:\WINDOWS\SYSTEM32\inputhost.dll
0x00007ffebf9f0000 - 0x00007ffebfb16000 	C:\WINDOWS\SYSTEM32\CoreMessaging.dll
0x00007ffec06e0000 - 0x00007ffec078d000 	C:\WINDOWS\system32\uxtheme.dll
0x00007ffec40c0000 - 0x00007ffec421c000 	C:\WINDOWS\System32\MSCTF.dll
0x00007ffeac180000 - 0x00007ffeac2c6000 	C:\WINDOWS\SYSTEM32\textinputframework.dll
0x00007ffebb840000 - 0x00007ffebbb23000 	C:\WINDOWS\SYSTEM32\CoreUIComponents.dll
0x00007ffebb6d0000 - 0x00007ffebb838000 	C:\WINDOWS\SYSTEM32\wintypes.dll
0x00007ffea2cb0000 - 0x00007ffea2d2c000 	C:\WINDOWS\system32\Oleacc.dll
0x00007ffec07d0000 - 0x00007ffec0817000 	C:\WINDOWS\SYSTEM32\dxcore.dll
0x00007ffebb0d0000 - 0x00007ffebb507000 	C:\WINDOWS\System32\DriverStore\FileRepository\iigd_dch.inf_amd64_c73cfa60d516cb00\igd10iumd64.dll
0x00007ffec0240000 - 0x00007ffec02dc000 	C:\WINDOWS\SYSTEM32\apphelp.dll
0x00007ffeb9650000 - 0x00007ffebaecb000 	C:\WINDOWS\System32\DriverStore\FileRepository\iigd_dch.inf_amd64_c73cfa60d516cb00\igd10um64xe.DLL
0x00007ffec3620000 - 0x00007ffec3796000 	C:\WINDOWS\System32\CRYPT32.dll
0x00007ffec4d90000 - 0x00007ffec4f25000 	C:\WINDOWS\System32\ole32.dll
0x00007ffec2dd0000 - 0x00007ffec2df6000 	C:\WINDOWS\SYSTEM32\bcrypt.dll
0x00007ffeb94b0000 - 0x00007ffeb94eb000 	C:\WINDOWS\SYSTEM32\ControlLib.dll
0x00007ffec4760000 - 0x00007ffec4be6000 	C:\WINDOWS\System32\SETUPAPI.dll
0x00007ffeb93b0000 - 0x00007ffeb9426000 	C:\WINDOWS\System32\DriverStore\FileRepository\iigd_dch.inf_amd64_c73cfa60d516cb00\IntelControlLib.dll
0x00007ffec3ed0000 - 0x00007ffec3f4f000 	C:\WINDOWS\System32\WINTRUST.dll
0x00007ffec2c70000 - 0x00007ffec2c83000 	C:\WINDOWS\SYSTEM32\MSASN1.dll
0x00007ffeb8f30000 - 0x00007ffeb9345000 	C:\WINDOWS\System32\DriverStore\FileRepository\iigd_dch.inf_amd64_c73cfa60d516cb00\igdgmm64.dll
0x00007ffeb49b0000 - 0x00007ffeb8f2f000 	C:\WINDOWS\System32\DriverStore\FileRepository\iigd_dch.inf_amd64_c73cfa60d516cb00\igc64.dll
0x00007ffeaf310000 - 0x00007ffeaf34c000 	C:\Robot-Source-Code-2025-Reefscape\build\jni\release\ntcorejni.dll
0x00007ffec1b30000 - 0x00007ffec1b3f000 	C:\WINDOWS\SYSTEM32\HID.DLL
0x00007ffec46b0000 - 0x00007ffec4758000 	C:\WINDOWS\System32\clbcatq.dll
0x00007ffe90030000 - 0x00007ffe90074000 	C:\Windows\System32\deviceaccess.dll
0x00007ffec02e0000 - 0x00007ffec02e9000 	C:\Users\Public\wpilib\2025\jdk\bin\management.dll
0x00007ffebe420000 - 0x00007ffebe42b000 	C:\Users\Public\wpilib\2025\jdk\bin\management_ext.dll
0x00007ffec46a0000 - 0x00007ffec46a8000 	C:\WINDOWS\System32\PSAPI.DLL
0x00007ffeb3220000 - 0x00007ffeb3238000 	C:\Robot-Source-Code-2025-Reefscape\build\jni\release\photontargeting.dll
0x00007ffec0580000 - 0x00007ffec058a000 	C:\Robot-Source-Code-2025-Reefscape\build\jni\release\photontargetingJNI.dll
0x00007ffeaf350000 - 0x00007ffeaf3fe000 	C:\Robot-Source-Code-2025-Reefscape\build\jni\release\cscore.dll
0x00007ffe87130000 - 0x00007ffe874a2000 	C:\Robot-Source-Code-2025-Reefscape\build\jni\release\opencv_core4100.dll
0x00007ffea88b0000 - 0x00007ffea8a19000 	C:\Robot-Source-Code-2025-Reefscape\build\jni\release\opencv_imgcodecs4100.dll
0x00007ffe86b70000 - 0x00007ffe8712a000 	C:\Robot-Source-Code-2025-Reefscape\build\jni\release\opencv_imgproc4100.dll
0x00007ffead570000 - 0x00007ffead77d000 	C:\WINDOWS\SYSTEM32\MFPlat.DLL
0x00007ffeae260000 - 0x00007ffeae2e7000 	C:\WINDOWS\SYSTEM32\MF.dll
0x00007ffe9ff90000 - 0x00007ffea0062000 	C:\WINDOWS\SYSTEM32\MFReadWrite.dll
0x00007ffe4b080000 - 0x00007ffe4b0cd000 	C:\Users\Public\wpilib\2025\jdk\bin\CONCRT140.dll
0x00007ffeade50000 - 0x00007ffeae25c000 	C:\WINDOWS\SYSTEM32\MFCORE.DLL
0x00007ffead520000 - 0x00007ffead561000 	C:\WINDOWS\SYSTEM32\RTWorkQ.DLL
0x00007ffeb1220000 - 0x00007ffeb1248000 	C:\Robot-Source-Code-2025-Reefscape\build\jni\release\cscorejni.dll
0x00007ffe89a50000 - 0x00007ffe89c58000 	C:\Robot-Source-Code-2025-Reefscape\build\jni\release\opencv_java4100.dll
0x00007ffea9230000 - 0x00007ffea92d3000 	C:\Robot-Source-Code-2025-Reefscape\build\jni\release\opencv_ml4100.dll
0x00007ffeaf150000 - 0x00007ffeaf188000 	C:\Robot-Source-Code-2025-Reefscape\build\jni\release\opencv_aruco4100.dll
0x00007ffea90b0000 - 0x00007ffea917a000 	C:\Robot-Source-Code-2025-Reefscape\build\jni\release\opencv_photo4100.dll
0x00007ffea8f40000 - 0x00007ffea8ff0000 	C:\Robot-Source-Code-2025-Reefscape\build\jni\release\opencv_video4100.dll
0x00007ffea82a0000 - 0x00007ffea8353000 	C:\Robot-Source-Code-2025-Reefscape\build\jni\release\opencv_videoio4100.dll
0x00007ffea48d0000 - 0x00007ffea4a21000 	C:\Robot-Source-Code-2025-Reefscape\build\jni\release\opencv_objdetect4100.dll
0x00007ffe848d0000 - 0x00007ffe84c45000 	C:\Robot-Source-Code-2025-Reefscape\build\jni\release\opencv_dnn4100.dll
0x00007ffea38c0000 - 0x00007ffea3993000 	C:\Robot-Source-Code-2025-Reefscape\build\jni\release\opencv_features2d4100.dll
0x00007ffe845e0000 - 0x00007ffe848c6000 	C:\Robot-Source-Code-2025-Reefscape\build\jni\release\opencv_calib3d4100.dll
0x00007ffea61f0000 - 0x00007ffea6285000 	C:\Robot-Source-Code-2025-Reefscape\build\jni\release\opencv_flann4100.dll
0x00007ffeb1110000 - 0x00007ffeb111e000 	C:\WINDOWS\SYSTEM32\WINNSI.DLL
0x00007ffeb0fa0000 - 0x00007ffeb0fbf000 	C:\WINDOWS\SYSTEM32\dhcpcsvc6.DLL

dbghelp: loaded successfully - version: 4.0.5 - missing functions: none
symbol engine: initialized successfully - sym options: 0x614 - pdb path: .;C:\Users\Public\wpilib\2025\jdk\bin;C:\WINDOWS\SYSTEM32;C:\WINDOWS\WinSxS\amd64_microsoft.windows.common-controls_6595b64144ccf1df_6.0.26100.3037_none_3e09262ce333c378;C:\Users\Public\wpilib\2025\jdk\bin\server;C:\Robot-Source-Code-2025-Reefscape\build\jni\release;C:\WINDOWS\System32\DriverStore\FileRepository\iigd_dch.inf_amd64_c73cfa60d516cb00

VM Arguments:
jvm_args: -agentlib:jdwp=transport=dt_socket,server=n,suspend=y,address=localhost:57373 -Djava.library.path=C:\Robot-Source-Code-2025-Reefscape\build\jni\release -XX:+ShowCodeDetailsInExceptionMessages 
java_command: frc.robot.Main
java_class_path (initial): C:\Robot-Source-Code-2025-Reefscape\bin\main;C:\Robot-Source-Code-2025-Reefscape\bin\default;C:\Users\rossj\.gradle\caches\modules-2\files-2.1\edu.wpi.first.wpilibj\wpilibj-java\2025.3.1\34e0478f25e00bb66271b1da50686e746568f0a8\wpilibj-java-2025.3.1.jar;C:\Users\rossj\.gradle\caches\modules-2\files-2.1\edu.wpi.first.wpimath\wpimath-java\2025.3.1\807789039e0e9ab8d58aa619627c510bdb47f4ed\wpimath-java-2025.3.1.jar;C:\Users\rossj\.gradle\caches\modules-2\files-2.1\edu.wpi.first.ntcore\ntcore-java\2025.3.1\74d9c268b73771d0cd560cc56b2e750d6fa4e9bc\ntcore-java-2025.3.1.jar;C:\Users\rossj\.gradle\caches\modules-2\files-2.1\edu.wpi.first.cscore\cscore-java\2025.3.1\d0e76f8604526a30ef9d49035fa4a05c891d6ba\cscore-java-2025.3.1.jar;C:\Users\rossj\.gradle\caches\modules-2\files-2.1\edu.wpi.first.cameraserver\cameraserver-java\2025.3.1\c38b7a6075ca26b0cfbaa3f84489a793aeea1ba4\cameraserver-java-2025.3.1.jar;C:\Users\rossj\.gradle\caches\modules-2\files-2.1\edu.wpi.first.hal\hal-java\2025.3.1\6f68e0cf86c7203242551534a17a6ec4bf4c4c3b\hal-java-2025.3.1.jar;C:\Users\rossj\.gradle\caches\modules-2\files-2.1\edu.wpi.first.wpinet\wpinet-java\2025.3.1\3300ca8e6841f0a9455e4db73931cade6248d9e\wpinet-java-2025.3.1.jar;C:\Users\rossj\.gradle\caches\modules-2\files-2.1\edu.wpi.first.wpiutil\wpiutil-java\2025.3.1\2c356ade3ac094a289be12f99a84ce04d866d911\wpiutil-java-2025.3.1.jar;C:\Users\rossj\.gradle\caches\modules-2\files-2.1\edu.wpi.first.apriltag\apriltag-java\2025.3.1\933cc45344cfeb3cab0b50ebe266998fbf291182\apriltag-java-2025.3.1.jar;C:\Users\rossj\.gradle\caches\modules-2\files-2.1\edu.wpi.first.wpiunits\wpiunits-java\2025.3.1\e3ed8081ed3150770562858e6fb82367e0cbfe9a\wpiunits-java-2025.3.1.jar;C:\Users\rossj\.gradle\caches\modules-2\files-2.1\edu.wpi.first.epilogue\epilogue-runtime-java\2025.3.1\1893f52706c36e8280c63e9349fdd4773c2035a8\epilogue-runtime-java-2025.3.1.jar;C:\Users\Public\wpilib\2025\maven\edu\wpi\first\thirdparty\frc2025\opencv\opencv-java\4.10
Launcher Type: SUN_STANDARD

[Global flags]
     intx CICompilerCount                          = 4                                         {product} {ergonomic}
     uint ConcGCThreads                            = 3                                         {product} {ergonomic}
     uint G1ConcRefinementThreads                  = 10                                        {product} {ergonomic}
   size_t G1HeapRegionSize                         = 4194304                                   {product} {ergonomic}
    uintx GCDrainStackTargetSize                   = 64                                        {product} {ergonomic}
   size_t InitialHeapSize                          = 532676608                                 {product} {ergonomic}
   size_t MarkStackSize                            = 4194304                                   {product} {ergonomic}
   size_t MaxHeapSize                              = 8510242816                                {product} {ergonomic}
   size_t MaxNewSize                               = 5104467968                                {product} {ergonomic}
   size_t MinHeapDeltaBytes                        = 4194304                                   {product} {ergonomic}
   size_t MinHeapSize                              = 8388608                                   {product} {ergonomic}
    uintx NonNMethodCodeHeapSize                   = 5839372                                {pd product} {ergonomic}
    uintx NonProfiledCodeHeapSize                  = 122909434                              {pd product} {ergonomic}
    uintx ProfiledCodeHeapSize                     = 122909434                              {pd product} {ergonomic}
    uintx ReservedCodeCacheSize                    = 251658240                              {pd product} {ergonomic}
     bool SegmentedCodeCache                       = true                                      {product} {ergonomic}
     bool ShowCodeDetailsInExceptionMessages       = true                                   {manageable} {command line}
   size_t SoftMaxHeapSize                          = 8510242816                             {manageable} {ergonomic}
     bool UseCompressedClassPointers               = true                           {product lp64_product} {ergonomic}
     bool UseCompressedOops                        = true                           {product lp64_product} {ergonomic}
     bool UseG1GC                                  = true                                      {product} {ergonomic}
     bool UseLargePagesIndividualAllocation        = false                                  {pd product} {ergonomic}

Logging:
Log output configuration:
 #0: stdout all=warning uptime,level,tags
 #1: stderr all=off uptime,level,tags

Environment Variables:
JAVA_HOME=C:\Users\Public\wpilib\2025\jdk
PATH=C:\Robot-Source-Code-2025-Reefscape\build\jni\release;C:\WINDOWS\system32\
USERNAME=rossj
LANG=en_US.UTF-8
OS=Windows_NT
PROCESSOR_IDENTIFIER=Intel64 Family 6 Model 186 Stepping 3, GenuineIntel
TMP=C:\Users\rossj\AppData\Local\Temp
TEMP=C:\Users\rossj\AppData\Local\Temp



Periodic native trim disabled


---------------  S Y S T E M  ---------------

OS:
 Windows 11 , 64 bit Build 26100 (10.0.26100.3037)
OS uptime: 0 days 1:13 hours
Hyper-V role detected

CPU: total 12 (initial active 12) (6 cores per cpu, 2 threads per core) family 6 model 186 stepping 3 microcode 0x410e, cx8, cmov, fxsr, ht, mmx, 3dnowpref, sse, sse2, sse3, ssse3, sse4.1, sse4.2, popcnt, lzcnt, tsc, tscinvbit, avx, avx2, aes, erms, clmul, bmi1, bmi2, adx, sha, fma, vzeroupper, clflush, clflushopt, clwb, hv
Processor Information for processor 0
  Max Mhz: 1700, Current Mhz: 1700, Mhz Limit: 1700
Processor Information for processor 1
  Max Mhz: 1700, Current Mhz: 1700, Mhz Limit: 1700
Processor Information for processor 2
  Max Mhz: 1700, Current Mhz: 1700, Mhz Limit: 1700
Processor Information for processor 3
  Max Mhz: 1700, Current Mhz: 1700, Mhz Limit: 1700
Processor Information for processor 4
  Max Mhz: 1700, Current Mhz: 1200, Mhz Limit: 1190
Processor Information for processor 5
  Max Mhz: 1700, Current Mhz: 1200, Mhz Limit: 1190
Processor Information for processor 6
  Max Mhz: 1700, Current Mhz: 1200, Mhz Limit: 1190
Processor Information for processor 7
  Max Mhz: 1700, Current Mhz: 1200, Mhz Limit: 1190
Processor Information for processor 8
  Max Mhz: 1700, Current Mhz: 1200, Mhz Limit: 1190
Processor Information for processor 9
  Max Mhz: 1700, Current Mhz: 1200, Mhz Limit: 1190
Processor Information for processor 10
  Max Mhz: 1700, Current Mhz: 1200, Mhz Limit: 1190
Processor Information for processor 11
  Max Mhz: 1700, Current Mhz: 1200, Mhz Limit: 1190

Memory: 4k page, system-wide physical 32455M (20261M free)
TotalPageFile size 34503M (AvailPageFile size 18702M)
current process WorkingSet (physical memory assigned to process): 573M, peak: 573M
current process commit charge ("private bytes"): 1010M, peak: 1011M

vm_info: OpenJDK 64-Bit Server VM (17.0.12+7) for windows-amd64 JRE (17.0.12+7), built on Jul 16 2024 22:08:24 by "admin" with MS VC++ 16.10 / 16.11 (VS2019)

END.
